[ 2016-05-29T09:24:04+08:00 ] ::1 /jiyexiang/index.php/Home/Count/beforecount.html
INFO: [ app_begin ] --START--
INFO: Run Behavior\ReadHtmlCacheBehavior [ RunTime:0.001841s ]
INFO: [ app_begin ] --END-- [ RunTime:0.003355s ]
SQL: SHOW COLUMNS FROM `jyx_site` [ RunTime:0.0194s ]
SQL: SELECT * FROM `jyx_site` WHERE `id` = 1 LIMIT 1   [ RunTime:0.0005s ]
SQL: SHOW COLUMNS FROM `jyx_formulate` [ RunTime:0.0929s ]
SQL: SELECT * FROM `jyx_formulate` WHERE ( status = 1 ) ORDER BY corder asc  [ RunTime:0.0271s ]
SQL: SHOW COLUMNS FROM `jyx_nojudge` [ RunTime:0.0706s ]
SQL: SELECT * FROM `jyx_nojudge` WHERE ( uid = 1 )  [ RunTime:0.0355s ]
SQL: SHOW COLUMNS FROM `jyx_judge` [ RunTime:0.0144s ]
SQL: SELECT DISTINCT  `judgename` FROM `jyx_judge` WHERE ( uid=1 )  [ RunTime:0.0459s ]
NOTIC: [8] Undefined variable: str E:\wamp\www\jiyexiang\App\Home\Controller\CountController.class.php 第 215 行.
SQL: SELECT * FROM `jyx_nojudge` WHERE ( uid = 2 )  [ RunTime:0.0004s ]
SQL: SELECT DISTINCT  `judgename` FROM `jyx_judge` WHERE ( uid=2 )  [ RunTime:0.0007s ]
SQL: SELECT DISTINCT  `op` FROM `jyx_judge` WHERE `judgename` = '锁数量'  [ RunTime:0.0007s ]
SQL: SELECT DISTINCT  `item` FROM `jyx_judge` WHERE `judgename` = '锁数量' LIMIT 1   [ RunTime:0.0006s ]
SQL: SELECT `contion` FROM `jyx_judge` WHERE `judgename` = '锁数量'  [ RunTime:0.0003s ]
SQL: SELECT `result` FROM `jyx_judge` WHERE `judgename` = '锁数量'  [ RunTime:0.0003s ]
SQL: SELECT DISTINCT  `op` FROM `jyx_judge` WHERE `judgename` = '锁单价'  [ RunTime:0.0007s ]
SQL: SELECT DISTINCT  `item` FROM `jyx_judge` WHERE `judgename` = '锁单价' LIMIT 1   [ RunTime:0.0006s ]
SQL: SELECT `contion` FROM `jyx_judge` WHERE `judgename` = '锁单价'  [ RunTime:0.0003s ]
SQL: SELECT `result` FROM `jyx_judge` WHERE `judgename` = '锁单价'  [ RunTime:0.0003s ]
SQL: SELECT * FROM `jyx_nojudge` WHERE ( uid = 3 )  [ RunTime:0.0003s ]
SQL: SELECT DISTINCT  `judgename` FROM `jyx_judge` WHERE ( uid=3 )  [ RunTime:0.0006s ]
SQL: SELECT DISTINCT  `op` FROM `jyx_judge` WHERE `judgename` = '封条单价'  [ RunTime:0.0007s ]
SQL: SELECT DISTINCT  `item` FROM `jyx_judge` WHERE `judgename` = '封条单价' LIMIT 1   [ RunTime:0.0008s ]
SQL: SELECT `contion` FROM `jyx_judge` WHERE `judgename` = '封条单价'  [ RunTime:0.0004s ]
SQL: SELECT `result` FROM `jyx_judge` WHERE `judgename` = '封条单价'  [ RunTime:0.0003s ]
SQL: SELECT * FROM `jyx_nojudge` WHERE ( uid = 4 )  [ RunTime:0.0007s ]
SQL: SELECT DISTINCT  `judgename` FROM `jyx_judge` WHERE ( uid=4 )  [ RunTime:0.0008s ]
SQL: SELECT * FROM `jyx_nojudge` WHERE ( uid = 5 )  [ RunTime:0.0003s ]
SQL: SELECT DISTINCT  `judgename` FROM `jyx_judge` WHERE ( uid=5 )  [ RunTime:0.0005s ]
SQL: SELECT * FROM `jyx_nojudge` WHERE ( uid = 6 )  [ RunTime:0.0003s ]
SQL: SELECT DISTINCT  `judgename` FROM `jyx_judge` WHERE ( uid=6 )  [ RunTime:0.0005s ]
SQL: SELECT DISTINCT  `op` FROM `jyx_judge` WHERE `judgename` = '喷塑单价'  [ RunTime:0.0005s ]
SQL: SELECT DISTINCT  `item` FROM `jyx_judge` WHERE `judgename` = '喷塑单价' LIMIT 1   [ RunTime:0.0005s ]
SQL: SELECT `contion` FROM `jyx_judge` WHERE `judgename` = '喷塑单价'  [ RunTime:0.0003s ]
SQL: SELECT `result` FROM `jyx_judge` WHERE `judgename` = '喷塑单价'  [ RunTime:0.0003s ]
SQL: SELECT * FROM `jyx_nojudge` WHERE ( uid = 7 )  [ RunTime:0.0003s ]
SQL: SELECT DISTINCT  `judgename` FROM `jyx_judge` WHERE ( uid=7 )  [ RunTime:0.0007s ]
SQL: SELECT DISTINCT  `op` FROM `jyx_judge` WHERE `judgename` = '数量'  [ RunTime:0.0009s ]
SQL: SELECT DISTINCT  `item` FROM `jyx_judge` WHERE `judgename` = '数量' LIMIT 1   [ RunTime:0.0008s ]
SQL: SELECT `contion` FROM `jyx_judge` WHERE `judgename` = '数量'  [ RunTime:0.0004s ]
SQL: SELECT `result` FROM `jyx_judge` WHERE `judgename` = '数量'  [ RunTime:0.0004s ]
SQL: SELECT * FROM `jyx_nojudge` WHERE ( uid = 8 )  [ RunTime:0.0005s ]
SQL: SELECT DISTINCT  `judgename` FROM `jyx_judge` WHERE ( uid=8 )  [ RunTime:0.0008s ]
SQL: SELECT * FROM `jyx_nojudge` WHERE ( uid = 9 )  [ RunTime:0.0003s ]
SQL: SELECT DISTINCT  `judgename` FROM `jyx_judge` WHERE ( uid=9 )  [ RunTime:0.0006s ]
SQL: SELECT DISTINCT  `op` FROM `jyx_judge` WHERE `judgename` = '附件'  [ RunTime:0.0006s ]
SQL: SELECT DISTINCT  `item` FROM `jyx_judge` WHERE `judgename` = '附件' LIMIT 1   [ RunTime:0.0006s ]
SQL: SELECT `contion` FROM `jyx_judge` WHERE `judgename` = '附件'  [ RunTime:0.0003s ]
SQL: SELECT `result` FROM `jyx_judge` WHERE `judgename` = '附件'  [ RunTime:0.0003s ]
SQL: SELECT * FROM `jyx_nojudge` WHERE ( uid = 11 )  [ RunTime:0.0003s ]
SQL: SELECT DISTINCT  `judgename` FROM `jyx_judge` WHERE ( uid=11 )  [ RunTime:0.0006s ]
SQL: SELECT * FROM `jyx_nojudge` WHERE ( uid = 12 )  [ RunTime:0.0003s ]
SQL: SELECT DISTINCT  `judgename` FROM `jyx_judge` WHERE ( uid=12 )  [ RunTime:0.0011s ]
SQL: SELECT DISTINCT  `op` FROM `jyx_judge` WHERE `judgename` = '利润点'  [ RunTime:0.0008s ]
SQL: SELECT DISTINCT  `item` FROM `jyx_judge` WHERE `judgename` = '利润点' LIMIT 1   [ RunTime:0.0006s ]
SQL: SELECT `contion` FROM `jyx_judge` WHERE `judgename` = '利润点'  [ RunTime:0.0004s ]
SQL: SELECT `result` FROM `jyx_judge` WHERE `judgename` = '利润点'  [ RunTime:0.0005s ]
SQL: SHOW COLUMNS FROM `jyx_count` [ RunTime:0.0152s ]
SQL: SELECT * FROM `jyx_count` WHERE `height` = 1600 AND `width` = 1200 AND `depth` = 2000 AND `box_depth` = 5 AND `door_depth` = 8 AND `block_depth` = 4 AND `locktype` = '铁锁' AND `type` = 'D' AND `color` = '7035' AND `xianjia` = '要' AND `mft_type` = '机浇' AND `unit_price` = 3402  [ RunTime:0.0008s ]
NOTIC: [8] Undefined index: validate E:\wamp\www\jiyexiang\ThinkPHP\Library\Think\Model.class.php 第 1185 行.
NOTIC: [8] Undefined index: auto E:\wamp\www\jiyexiang\ThinkPHP\Library\Think\Model.class.php 第 1128 行.
NOTIC: [8] Undefined index: altis E:\wamp\www\jiyexiang\App\Home\Controller\CountController.class.php 第 263 行.
SQL: INSERT INTO `jyx_count` (`height`,`width`,`depth`,`box_depth`,`door_depth`,`block_depth`,`locktype`,`type`,`color`,`xianjia`,`mft_type`,`unit_price`,`total`,`count`,`uid`,`time`) VALUES ('1600','1200','2000','5','8','4','铁锁','D','7035','要','机浇','3402','17008','5','38','1464485043') [ RunTime:0.0905s ]
SQL: SELECT DISTINCT  * FROM `jyx_count` WHERE ( uid = 38 )  [ RunTime:0.0009s ]
INFO: [ view_parse ] --START--
INFO: [ template_filter ] --START--
INFO: Run Behavior\ContentReplaceBehavior [ RunTime:0.000168s ]
INFO: [ template_filter ] --END-- [ RunTime:0.000429s ]
INFO: Run Behavior\ParseTemplateBehavior [ RunTime:0.053615s ]
INFO: [ view_parse ] --END-- [ RunTime:0.053889s ]
INFO: [ view_filter ] --START--
INFO: Run Behavior\WriteHtmlCacheBehavior [ RunTime:0.001408s ]
INFO: [ view_filter ] --END-- [ RunTime:0.001615s ]

[ 2016-05-29T09:24:06+08:00 ] ::1 /jiyexiang/index.php/Home/Count/showonedata.html
INFO: [ app_begin ] --START--
INFO: Run Behavior\ReadHtmlCacheBehavior [ RunTime:0.001211s ]
INFO: [ app_begin ] --END-- [ RunTime:0.002323s ]
SQL: SHOW COLUMNS FROM `jyx_site` [ RunTime:0.0688s ]
SQL: SELECT * FROM `jyx_site` WHERE `id` = 1 LIMIT 1   [ RunTime:0.0006s ]
SQL: SHOW COLUMNS FROM `jyx_judge` [ RunTime:0.0146s ]
SQL: SELECT * FROM `jyx_judge` WHERE `item` = '类型'  [ RunTime:0.0006s ]
SQL: SELECT * FROM `jyx_judge` WHERE `item` = '锁类型'  [ RunTime:0.0005s ]
SQL: SELECT * FROM `jyx_judge` WHERE `item` = '塑粉颜色'  [ RunTime:0.0006s ]
SQL: SHOW COLUMNS FROM `jyx_count` [ RunTime:0.0149s ]
SQL: SELECT * FROM `jyx_count` WHERE `uid` = 38 AND `type` = 'D' AND `height` = 1600 AND `width` = 1200 AND `depth` = 2000 AND `door_depth` = 8 AND `box_depth` = 5 AND `block_depth` = 4 AND `locktype` = '铁锁' AND `color` = '7035' AND `unit_price` = 3402 AND `count` = 5 AND `total` = 17008 LIMIT 1   [ RunTime:0.0009s ]
INFO: [ view_parse ] --START--
INFO: [ template_filter ] --START--
INFO: Run Behavior\ContentReplaceBehavior [ RunTime:0.000203s ]
INFO: [ template_filter ] --END-- [ RunTime:0.000451s ]
INFO: Run Behavior\ParseTemplateBehavior [ RunTime:0.121164s ]
INFO: [ view_parse ] --END-- [ RunTime:0.121365s ]
INFO: [ view_filter ] --START--
INFO: Run Behavior\WriteHtmlCacheBehavior [ RunTime:0.000990s ]
INFO: [ view_filter ] --END-- [ RunTime:0.001174s ]

[ 2016-05-29T09:24:06+08:00 ] ::1 /jiyexiang/index.php/Home/Count/altdata.html
INFO: [ app_begin ] --START--
INFO: Run Behavior\ReadHtmlCacheBehavior [ RunTime:0.001217s ]
INFO: [ app_begin ] --END-- [ RunTime:0.002348s ]
SQL: SHOW COLUMNS FROM `jyx_site` [ RunTime:0.0241s ]
SQL: SELECT * FROM `jyx_site` WHERE `id` = 1 LIMIT 1   [ RunTime:0.0005s ]
SQL: SHOW COLUMNS FROM `jyx_formulate` [ RunTime:0.0146s ]
SQL: SELECT * FROM `jyx_formulate` WHERE ( status = 1 ) ORDER BY corder asc  [ RunTime:0.0006s ]
SQL: SHOW COLUMNS FROM `jyx_nojudge` [ RunTime:0.0136s ]
SQL: SELECT * FROM `jyx_nojudge` WHERE ( uid = 1 )  [ RunTime:0.0005s ]
SQL: SHOW COLUMNS FROM `jyx_judge` [ RunTime:0.0143s ]
SQL: SELECT DISTINCT  `judgename` FROM `jyx_judge` WHERE ( uid=1 )  [ RunTime:0.0011s ]
NOTIC: [8] Undefined variable: str E:\wamp\www\jiyexiang\App\Home\Controller\CountController.class.php 第 215 行.
SQL: SELECT * FROM `jyx_nojudge` WHERE ( uid = 2 )  [ RunTime:0.0004s ]
SQL: SELECT DISTINCT  `judgename` FROM `jyx_judge` WHERE ( uid=2 )  [ RunTime:0.0006s ]
SQL: SELECT DISTINCT  `op` FROM `jyx_judge` WHERE `judgename` = '锁数量'  [ RunTime:0.0006s ]
SQL: SELECT DISTINCT  `item` FROM `jyx_judge` WHERE `judgename` = '锁数量' LIMIT 1   [ RunTime:0.0006s ]
SQL: SELECT `contion` FROM `jyx_judge` WHERE `judgename` = '锁数量'  [ RunTime:0.0003s ]
SQL: SELECT `result` FROM `jyx_judge` WHERE `judgename` = '锁数量'  [ RunTime:0.0003s ]
SQL: SELECT DISTINCT  `op` FROM `jyx_judge` WHERE `judgename` = '锁单价'  [ RunTime:0.0006s ]
SQL: SELECT DISTINCT  `item` FROM `jyx_judge` WHERE `judgename` = '锁单价' LIMIT 1   [ RunTime:0.0006s ]
SQL: SELECT `contion` FROM `jyx_judge` WHERE `judgename` = '锁单价'  [ RunTime:0.0003s ]
SQL: SELECT `result` FROM `jyx_judge` WHERE `judgename` = '锁单价'  [ RunTime:0.0003s ]
SQL: SELECT * FROM `jyx_nojudge` WHERE ( uid = 3 )  [ RunTime:0.0003s ]
SQL: SELECT DISTINCT  `judgename` FROM `jyx_judge` WHERE ( uid=3 )  [ RunTime:0.0006s ]
SQL: SELECT DISTINCT  `op` FROM `jyx_judge` WHERE `judgename` = '封条单价'  [ RunTime:0.0006s ]
SQL: SELECT DISTINCT  `item` FROM `jyx_judge` WHERE `judgename` = '封条单价' LIMIT 1   [ RunTime:0.0011s ]
SQL: SELECT `contion` FROM `jyx_judge` WHERE `judgename` = '封条单价'  [ RunTime:0.0005s ]
SQL: SELECT `result` FROM `jyx_judge` WHERE `judgename` = '封条单价'  [ RunTime:0.0004s ]
SQL: SELECT * FROM `jyx_nojudge` WHERE ( uid = 4 )  [ RunTime:0.0004s ]
SQL: SELECT DISTINCT  `judgename` FROM `jyx_judge` WHERE ( uid=4 )  [ RunTime:0.0007s ]
SQL: SELECT * FROM `jyx_nojudge` WHERE ( uid = 5 )  [ RunTime:0.0003s ]
SQL: SELECT DISTINCT  `judgename` FROM `jyx_judge` WHERE ( uid=5 )  [ RunTime:0.0006s ]
SQL: SELECT * FROM `jyx_nojudge` WHERE ( uid = 6 )  [ RunTime:0.0003s ]
SQL: SELECT DISTINCT  `judgename` FROM `jyx_judge` WHERE ( uid=6 )  [ RunTime:0.0006s ]
SQL: SELECT DISTINCT  `op` FROM `jyx_judge` WHERE `judgename` = '喷塑单价'  [ RunTime:0.0006s ]
SQL: SELECT DISTINCT  `item` FROM `jyx_judge` WHERE `judgename` = '喷塑单价' LIMIT 1   [ RunTime:0.0006s ]
SQL: SELECT `contion` FROM `jyx_judge` WHERE `judgename` = '喷塑单价'  [ RunTime:0.0003s ]
SQL: SELECT `result` FROM `jyx_judge` WHERE `judgename` = '喷塑单价'  [ RunTime:0.0003s ]
SQL: SELECT * FROM `jyx_nojudge` WHERE ( uid = 7 )  [ RunTime:0.0003s ]
SQL: SELECT DISTINCT  `judgename` FROM `jyx_judge` WHERE ( uid=7 )  [ RunTime:0.0011s ]
SQL: SELECT DISTINCT  `op` FROM `jyx_judge` WHERE `judgename` = '数量'  [ RunTime:0.0007s ]
SQL: SELECT DISTINCT  `item` FROM `jyx_judge` WHERE `judgename` = '数量' LIMIT 1   [ RunTime:0.0006s ]
SQL: SELECT `contion` FROM `jyx_judge` WHERE `judgename` = '数量'  [ RunTime:0.0004s ]
SQL: SELECT `result` FROM `jyx_judge` WHERE `judgename` = '数量'  [ RunTime:0.0004s ]
SQL: SELECT * FROM `jyx_nojudge` WHERE ( uid = 8 )  [ RunTime:0.0003s ]
SQL: SELECT DISTINCT  `judgename` FROM `jyx_judge` WHERE ( uid=8 )  [ RunTime:0.0006s ]
SQL: SELECT * FROM `jyx_nojudge` WHERE ( uid = 9 )  [ RunTime:0.0003s ]
SQL: SELECT DISTINCT  `judgename` FROM `jyx_judge` WHERE ( uid=9 )  [ RunTime:0.0005s ]
SQL: SELECT DISTINCT  `op` FROM `jyx_judge` WHERE `judgename` = '附件'  [ RunTime:0.0005s ]
SQL: SELECT DISTINCT  `item` FROM `jyx_judge` WHERE `judgename` = '附件' LIMIT 1   [ RunTime:0.0005s ]
SQL: SELECT `contion` FROM `jyx_judge` WHERE `judgename` = '附件'  [ RunTime:0.0003s ]
SQL: SELECT `result` FROM `jyx_judge` WHERE `judgename` = '附件'  [ RunTime:0.0003s ]
SQL: SELECT * FROM `jyx_nojudge` WHERE ( uid = 11 )  [ RunTime:0.0003s ]
SQL: SELECT DISTINCT  `judgename` FROM `jyx_judge` WHERE ( uid=11 )  [ RunTime:0.0009s ]
SQL: SELECT * FROM `jyx_nojudge` WHERE ( uid = 12 )  [ RunTime:0.0003s ]
SQL: SELECT DISTINCT  `judgename` FROM `jyx_judge` WHERE ( uid=12 )  [ RunTime:0.0008s ]
SQL: SELECT DISTINCT  `op` FROM `jyx_judge` WHERE `judgename` = '利润点'  [ RunTime:0.0009s ]
SQL: SELECT DISTINCT  `item` FROM `jyx_judge` WHERE `judgename` = '利润点' LIMIT 1   [ RunTime:0.0006s ]
SQL: SELECT `contion` FROM `jyx_judge` WHERE `judgename` = '利润点'  [ RunTime:0.0003s ]
SQL: SELECT `result` FROM `jyx_judge` WHERE `judgename` = '利润点'  [ RunTime:0.0003s ]
SQL: SHOW COLUMNS FROM `jyx_count` [ RunTime:0.0148s ]
SQL: SELECT * FROM `jyx_count` WHERE `height` = 1600 AND `width` = 1200 AND `depth` = 2000 AND `box_depth` = 5 AND `door_depth` = 8 AND `block_depth` = 4 AND `locktype` = '铁锁' AND `type` = 'D' AND `color` = '7035' AND `xianjia` = '要' AND `mft_type` = '机浇' AND `unit_price` = 3402  [ RunTime:0.0010s ]

[ 2016-05-29T09:24:10+08:00 ] ::1 /jiyexiang/index.php/Home/Count/altdata.html
INFO: [ app_begin ] --START--
INFO: Run Behavior\ReadHtmlCacheBehavior [ RunTime:0.001210s ]
INFO: [ app_begin ] --END-- [ RunTime:0.002375s ]
SQL: SHOW COLUMNS FROM `jyx_site` [ RunTime:0.0179s ]
SQL: SELECT * FROM `jyx_site` WHERE `id` = 1 LIMIT 1   [ RunTime:0.0005s ]
SQL: SHOW COLUMNS FROM `jyx_formulate` [ RunTime:0.0685s ]
SQL: SELECT `id` FROM `jyx_formulate` WHERE `formulate` LIKE '%线夹%' LIMIT 1   [ RunTime:0.0482s ]
SQL: SELECT * FROM `jyx_formulate` WHERE `status` = 1 AND `id` <> '5' ORDER BY corder asc  [ RunTime:0.0246s ]
SQL: SHOW COLUMNS FROM `jyx_nojudge` [ RunTime:0.0176s ]
SQL: SELECT * FROM `jyx_nojudge` WHERE ( uid = 1 )  [ RunTime:0.0005s ]
SQL: SHOW COLUMNS FROM `jyx_judge` [ RunTime:0.0158s ]
SQL: SELECT DISTINCT  `judgename` FROM `jyx_judge` WHERE ( uid=1 )  [ RunTime:0.0009s ]
NOTIC: [8] Undefined variable: str E:\wamp\www\jiyexiang\App\Home\Controller\CountController.class.php 第 215 行.
SQL: SELECT * FROM `jyx_nojudge` WHERE ( uid = 2 )  [ RunTime:0.0003s ]
SQL: SELECT DISTINCT  `judgename` FROM `jyx_judge` WHERE ( uid=2 )  [ RunTime:0.0007s ]
SQL: SELECT DISTINCT  `op` FROM `jyx_judge` WHERE `judgename` = '锁数量'  [ RunTime:0.0007s ]
SQL: SELECT DISTINCT  `item` FROM `jyx_judge` WHERE `judgename` = '锁数量' LIMIT 1   [ RunTime:0.0007s ]
SQL: SELECT `contion` FROM `jyx_judge` WHERE `judgename` = '锁数量'  [ RunTime:0.0004s ]
SQL: SELECT `result` FROM `jyx_judge` WHERE `judgename` = '锁数量'  [ RunTime:0.0003s ]
SQL: SELECT DISTINCT  `op` FROM `jyx_judge` WHERE `judgename` = '锁单价'  [ RunTime:0.0005s ]
SQL: SELECT DISTINCT  `item` FROM `jyx_judge` WHERE `judgename` = '锁单价' LIMIT 1   [ RunTime:0.0008s ]
SQL: SELECT `contion` FROM `jyx_judge` WHERE `judgename` = '锁单价'  [ RunTime:0.0003s ]
SQL: SELECT `result` FROM `jyx_judge` WHERE `judgename` = '锁单价'  [ RunTime:0.0003s ]
SQL: SELECT * FROM `jyx_nojudge` WHERE ( uid = 3 )  [ RunTime:0.0003s ]
SQL: SELECT DISTINCT  `judgename` FROM `jyx_judge` WHERE ( uid=3 )  [ RunTime:0.0005s ]
SQL: SELECT DISTINCT  `op` FROM `jyx_judge` WHERE `judgename` = '封条单价'  [ RunTime:0.0005s ]
SQL: SELECT DISTINCT  `item` FROM `jyx_judge` WHERE `judgename` = '封条单价' LIMIT 1   [ RunTime:0.0005s ]
SQL: SELECT `contion` FROM `jyx_judge` WHERE `judgename` = '封条单价'  [ RunTime:0.0005s ]
SQL: SELECT `result` FROM `jyx_judge` WHERE `judgename` = '封条单价'  [ RunTime:0.0003s ]
SQL: SELECT * FROM `jyx_nojudge` WHERE ( uid = 4 )  [ RunTime:0.0003s ]
SQL: SELECT DISTINCT  `judgename` FROM `jyx_judge` WHERE ( uid=4 )  [ RunTime:0.0006s ]
SQL: SELECT * FROM `jyx_nojudge` WHERE ( uid = 6 )  [ RunTime:0.0003s ]
SQL: SELECT DISTINCT  `judgename` FROM `jyx_judge` WHERE ( uid=6 )  [ RunTime:0.0006s ]
SQL: SELECT DISTINCT  `op` FROM `jyx_judge` WHERE `judgename` = '喷塑单价'  [ RunTime:0.0006s ]
SQL: SELECT DISTINCT  `item` FROM `jyx_judge` WHERE `judgename` = '喷塑单价' LIMIT 1   [ RunTime:0.0006s ]
SQL: SELECT `contion` FROM `jyx_judge` WHERE `judgename` = '喷塑单价'  [ RunTime:0.0004s ]
SQL: SELECT `result` FROM `jyx_judge` WHERE `judgename` = '喷塑单价'  [ RunTime:0.0003s ]
SQL: SELECT * FROM `jyx_nojudge` WHERE ( uid = 7 )  [ RunTime:0.0003s ]
SQL: SELECT DISTINCT  `judgename` FROM `jyx_judge` WHERE ( uid=7 )  [ RunTime:0.0006s ]
SQL: SELECT DISTINCT  `op` FROM `jyx_judge` WHERE `judgename` = '数量'  [ RunTime:0.0005s ]
SQL: SELECT DISTINCT  `item` FROM `jyx_judge` WHERE `judgename` = '数量' LIMIT 1   [ RunTime:0.0005s ]
SQL: SELECT `contion` FROM `jyx_judge` WHERE `judgename` = '数量'  [ RunTime:0.0005s ]
SQL: SELECT `result` FROM `jyx_judge` WHERE `judgename` = '数量'  [ RunTime:0.0003s ]
SQL: SELECT * FROM `jyx_nojudge` WHERE ( uid = 8 )  [ RunTime:0.0003s ]
SQL: SELECT DISTINCT  `judgename` FROM `jyx_judge` WHERE ( uid=8 )  [ RunTime:0.0006s ]
SQL: SELECT * FROM `jyx_nojudge` WHERE ( uid = 9 )  [ RunTime:0.0003s ]
SQL: SELECT DISTINCT  `judgename` FROM `jyx_judge` WHERE ( uid=9 )  [ RunTime:0.0005s ]
SQL: SELECT DISTINCT  `op` FROM `jyx_judge` WHERE `judgename` = '附件'  [ RunTime:0.0005s ]
SQL: SELECT DISTINCT  `item` FROM `jyx_judge` WHERE `judgename` = '附件' LIMIT 1   [ RunTime:0.0005s ]
SQL: SELECT `contion` FROM `jyx_judge` WHERE `judgename` = '附件'  [ RunTime:0.0003s ]
SQL: SELECT `result` FROM `jyx_judge` WHERE `judgename` = '附件'  [ RunTime:0.0003s ]
SQL: SELECT * FROM `jyx_nojudge` WHERE ( uid = 11 )  [ RunTime:0.0004s ]
SQL: SELECT DISTINCT  `judgename` FROM `jyx_judge` WHERE ( uid=11 )  [ RunTime:0.0006s ]
SQL: SELECT * FROM `jyx_nojudge` WHERE ( uid = 12 )  [ RunTime:0.0003s ]
SQL: SELECT DISTINCT  `judgename` FROM `jyx_judge` WHERE ( uid=12 )  [ RunTime:0.0006s ]
SQL: SELECT DISTINCT  `op` FROM `jyx_judge` WHERE `judgename` = '利润点'  [ RunTime:0.0006s ]
SQL: SELECT DISTINCT  `item` FROM `jyx_judge` WHERE `judgename` = '利润点' LIMIT 1   [ RunTime:0.0012s ]
SQL: SELECT `contion` FROM `jyx_judge` WHERE `judgename` = '利润点'  [ RunTime:0.0004s ]
SQL: SELECT `result` FROM `jyx_judge` WHERE `judgename` = '利润点'  [ RunTime:0.0004s ]
SQL: SHOW COLUMNS FROM `jyx_count` [ RunTime:0.0155s ]
SQL: SELECT * FROM `jyx_count` WHERE `height` = 1600 AND `width` = 1200 AND `depth` = 2000 AND `box_depth` = 5 AND `door_depth` = 8 AND `block_depth` = 4 AND `locktype` = '铁锁' AND `type` = 'D' AND `color` = '7035' AND `xianjia` = '不要' AND `mft_type` = '机浇' AND `unit_price` = 3399  [ RunTime:0.0007s ]
NOTIC: [8] Undefined index: validate E:\wamp\www\jiyexiang\ThinkPHP\Library\Think\Model.class.php 第 1185 行.
NOTIC: [8] Undefined index: auto E:\wamp\www\jiyexiang\ThinkPHP\Library\Think\Model.class.php 第 1128 行.
SQL: SELECT `id` FROM `jyx_count` WHERE `height` = 1600 AND `width` = 1200 AND `depth` = 2000 AND `box_depth` = 5 AND `door_depth` = 8 AND `block_depth` = 4 AND `locktype` = '铁锁' AND `type` = 'D' AND `color` = '7035' AND `unit_price` = 3402 AND `count` = 5 LIMIT 1   [ RunTime:0.0006s ]
SQL: UPDATE `jyx_count` SET `height`='1600',`width`='1200',`depth`='2000',`box_depth`='5',`door_depth`='8',`block_depth`='4',`locktype`='铁锁',`type`='D',`color`='7035',`xianjia`='不要',`mft_type`='机浇',`unit_price`='3399',`total`='16996',`count`='5',`uid`='38',`time`='1464485050' WHERE ( id = 1 ) [ RunTime:0.0723s ]
SQL: SELECT DISTINCT  * FROM `jyx_count` WHERE ( uid = 38 )  [ RunTime:0.0007s ]
INFO: [ view_parse ] --START--
INFO: [ template_filter ] --START--
INFO: Run Behavior\ContentReplaceBehavior [ RunTime:0.000148s ]
INFO: [ template_filter ] --END-- [ RunTime:0.000392s ]
INFO: Run Behavior\ParseTemplateBehavior [ RunTime:0.020735s ]
INFO: [ view_parse ] --END-- [ RunTime:0.020948s ]
INFO: [ view_filter ] --START--
INFO: Run Behavior\WriteHtmlCacheBehavior [ RunTime:0.000858s ]
INFO: [ view_filter ] --END-- [ RunTime:0.001043s ]

[ 2016-05-29T09:28:32+08:00 ] ::1 /jiyexiang/index.php/Home/Count/showonedata.html
INFO: [ app_begin ] --START--
INFO: Run Behavior\ReadHtmlCacheBehavior [ RunTime:0.001247s ]
INFO: [ app_begin ] --END-- [ RunTime:0.002506s ]
SQL: SHOW COLUMNS FROM `jyx_site` [ RunTime:0.0182s ]
SQL: SELECT * FROM `jyx_site` WHERE `id` = 1 LIMIT 1   [ RunTime:0.0005s ]
SQL: SHOW COLUMNS FROM `jyx_judge` [ RunTime:0.0143s ]
SQL: SELECT * FROM `jyx_judge` WHERE `item` = '类型'  [ RunTime:0.0005s ]
SQL: SELECT * FROM `jyx_judge` WHERE `item` = '锁类型'  [ RunTime:0.0004s ]
SQL: SELECT * FROM `jyx_judge` WHERE `item` = '塑粉颜色'  [ RunTime:0.0003s ]
SQL: SHOW COLUMNS FROM `jyx_count` [ RunTime:0.0155s ]
SQL: SELECT * FROM `jyx_count` WHERE `uid` = 38 AND `type` = 'D' AND `height` = 1600 AND `width` = 1200 AND `depth` = 2000 AND `door_depth` = 8 AND `box_depth` = 5 AND `block_depth` = 4 AND `locktype` = '铁锁' AND `color` = '7035' AND `unit_price` = 3399 AND `count` = 5 AND `total` = 16996 LIMIT 1   [ RunTime:0.0009s ]
INFO: [ view_parse ] --START--
INFO: [ template_filter ] --START--
INFO: Run Behavior\ContentReplaceBehavior [ RunTime:0.000130s ]
INFO: [ template_filter ] --END-- [ RunTime:0.000312s ]
INFO: Run Behavior\ParseTemplateBehavior [ RunTime:0.048965s ]
INFO: [ view_parse ] --END-- [ RunTime:0.049163s ]
INFO: [ view_filter ] --START--
INFO: Run Behavior\WriteHtmlCacheBehavior [ RunTime:0.000790s ]
INFO: [ view_filter ] --END-- [ RunTime:0.000960s ]

[ 2016-05-29T09:28:34+08:00 ] ::1 /jiyexiang/index.php/Home/Count/delonedata.html
INFO: [ app_begin ] --START--
INFO: Run Behavior\ReadHtmlCacheBehavior [ RunTime:0.000994s ]
INFO: [ app_begin ] --END-- [ RunTime:0.002017s ]
SQL: SHOW COLUMNS FROM `jyx_site` [ RunTime:0.0216s ]
SQL: SELECT * FROM `jyx_site` WHERE `id` = 1 LIMIT 1   [ RunTime:0.0007s ]
SQL: SHOW COLUMNS FROM `jyx_count` [ RunTime:0.0337s ]
SQL: DELETE FROM `jyx_count` WHERE `height` = 1600 AND `width` = 1200 AND `depth` = 2000 AND `box_depth` = 5 AND `door_depth` = 8 AND `block_depth` = 4 AND `locktype` = '铁锁' AND `type` = 'D' AND `color` = '7035' AND `xianjia` = '不要' AND `mft_type` = '机浇' AND `uid` = 38 [ RunTime:0.1790s ]
SQL: SELECT DISTINCT  * FROM `jyx_count` WHERE ( uid = 38 )  [ RunTime:0.0006s ]
INFO: [ view_parse ] --START--
INFO: [ template_filter ] --START--
INFO: Run Behavior\ContentReplaceBehavior [ RunTime:0.000113s ]
INFO: [ template_filter ] --END-- [ RunTime:0.000300s ]
INFO: Run Behavior\ParseTemplateBehavior [ RunTime:0.019290s ]
INFO: [ view_parse ] --END-- [ RunTime:0.019503s ]
INFO: [ view_filter ] --START--
INFO: Run Behavior\WriteHtmlCacheBehavior [ RunTime:0.001037s ]
INFO: [ view_filter ] --END-- [ RunTime:0.001219s ]

[ 2016-05-29T09:28:36+08:00 ] ::1 /jiyexiang/index.php/Home/Count/altdata.html
INFO: [ app_begin ] --START--
INFO: Run Behavior\ReadHtmlCacheBehavior [ RunTime:0.000990s ]
INFO: [ app_begin ] --END-- [ RunTime:0.002000s ]
SQL: SHOW COLUMNS FROM `jyx_site` [ RunTime:0.0186s ]
SQL: SELECT * FROM `jyx_site` WHERE `id` = 1 LIMIT 1   [ RunTime:0.0007s ]
SQL: SHOW COLUMNS FROM `jyx_formulate` [ RunTime:0.0185s ]
SQL: SELECT `id` FROM `jyx_formulate` WHERE `formulate` LIKE '%线夹%' LIMIT 1   [ RunTime:0.0005s ]
SQL: SELECT * FROM `jyx_formulate` WHERE `status` = 1 AND `id` <> '5' ORDER BY corder asc  [ RunTime:0.0006s ]
SQL: SHOW COLUMNS FROM `jyx_nojudge` [ RunTime:0.0148s ]
SQL: SELECT * FROM `jyx_nojudge` WHERE ( uid = 1 )  [ RunTime:0.0004s ]
SQL: SHOW COLUMNS FROM `jyx_judge` [ RunTime:0.0151s ]
SQL: SELECT DISTINCT  `judgename` FROM `jyx_judge` WHERE ( uid=1 )  [ RunTime:0.0009s ]
NOTIC: [8] Undefined variable: str E:\wamp\www\jiyexiang\App\Home\Controller\CountController.class.php 第 215 行.
SQL: SELECT * FROM `jyx_nojudge` WHERE ( uid = 2 )  [ RunTime:0.0004s ]
SQL: SELECT DISTINCT  `judgename` FROM `jyx_judge` WHERE ( uid=2 )  [ RunTime:0.0006s ]
SQL: SELECT DISTINCT  `op` FROM `jyx_judge` WHERE `judgename` = '锁数量'  [ RunTime:0.0006s ]
SQL: SELECT DISTINCT  `item` FROM `jyx_judge` WHERE `judgename` = '锁数量' LIMIT 1   [ RunTime:0.0005s ]
SQL: SELECT `contion` FROM `jyx_judge` WHERE `judgename` = '锁数量'  [ RunTime:0.0003s ]
SQL: SELECT `result` FROM `jyx_judge` WHERE `judgename` = '锁数量'  [ RunTime:0.0005s ]
SQL: SELECT DISTINCT  `op` FROM `jyx_judge` WHERE `judgename` = '锁单价'  [ RunTime:0.0010s ]
SQL: SELECT DISTINCT  `item` FROM `jyx_judge` WHERE `judgename` = '锁单价' LIMIT 1   [ RunTime:0.0008s ]
SQL: SELECT `contion` FROM `jyx_judge` WHERE `judgename` = '锁单价'  [ RunTime:0.0003s ]
SQL: SELECT `result` FROM `jyx_judge` WHERE `judgename` = '锁单价'  [ RunTime:0.0003s ]
SQL: SELECT * FROM `jyx_nojudge` WHERE ( uid = 3 )  [ RunTime:0.0006s ]
SQL: SELECT DISTINCT  `judgename` FROM `jyx_judge` WHERE ( uid=3 )  [ RunTime:0.0009s ]
SQL: SELECT DISTINCT  `op` FROM `jyx_judge` WHERE `judgename` = '封条单价'  [ RunTime:0.0007s ]
SQL: SELECT DISTINCT  `item` FROM `jyx_judge` WHERE `judgename` = '封条单价' LIMIT 1   [ RunTime:0.0007s ]
SQL: SELECT `contion` FROM `jyx_judge` WHERE `judgename` = '封条单价'  [ RunTime:0.0003s ]
SQL: SELECT `result` FROM `jyx_judge` WHERE `judgename` = '封条单价'  [ RunTime:0.0003s ]
SQL: SELECT * FROM `jyx_nojudge` WHERE ( uid = 4 )  [ RunTime:0.0003s ]
SQL: SELECT DISTINCT  `judgename` FROM `jyx_judge` WHERE ( uid=4 )  [ RunTime:0.0006s ]
SQL: SELECT * FROM `jyx_nojudge` WHERE ( uid = 6 )  [ RunTime:0.0003s ]
SQL: SELECT DISTINCT  `judgename` FROM `jyx_judge` WHERE ( uid=6 )  [ RunTime:0.0006s ]
SQL: SELECT DISTINCT  `op` FROM `jyx_judge` WHERE `judgename` = '喷塑单价'  [ RunTime:0.0011s ]
SQL: SELECT DISTINCT  `item` FROM `jyx_judge` WHERE `judgename` = '喷塑单价' LIMIT 1   [ RunTime:0.0007s ]
SQL: SELECT `contion` FROM `jyx_judge` WHERE `judgename` = '喷塑单价'  [ RunTime:0.0003s ]
SQL: SELECT `result` FROM `jyx_judge` WHERE `judgename` = '喷塑单价'  [ RunTime:0.0003s ]
SQL: SELECT * FROM `jyx_nojudge` WHERE ( uid = 7 )  [ RunTime:0.0005s ]
SQL: SELECT DISTINCT  `judgename` FROM `jyx_judge` WHERE ( uid=7 )  [ RunTime:0.0008s ]
SQL: SELECT DISTINCT  `op` FROM `jyx_judge` WHERE `judgename` = '数量'  [ RunTime:0.0006s ]
SQL: SELECT DISTINCT  `item` FROM `jyx_judge` WHERE `judgename` = '数量' LIMIT 1   [ RunTime:0.0005s ]
SQL: SELECT `contion` FROM `jyx_judge` WHERE `judgename` = '数量'  [ RunTime:0.0003s ]
SQL: SELECT `result` FROM `jyx_judge` WHERE `judgename` = '数量'  [ RunTime:0.0003s ]
SQL: SELECT * FROM `jyx_nojudge` WHERE ( uid = 8 )  [ RunTime:0.0003s ]
SQL: SELECT DISTINCT  `judgename` FROM `jyx_judge` WHERE ( uid=8 )  [ RunTime:0.0005s ]
SQL: SELECT * FROM `jyx_nojudge` WHERE ( uid = 9 )  [ RunTime:0.0003s ]
SQL: SELECT DISTINCT  `judgename` FROM `jyx_judge` WHERE ( uid=9 )  [ RunTime:0.0005s ]
SQL: SELECT DISTINCT  `op` FROM `jyx_judge` WHERE `judgename` = '附件'  [ RunTime:0.0005s ]
SQL: SELECT DISTINCT  `item` FROM `jyx_judge` WHERE `judgename` = '附件' LIMIT 1   [ RunTime:0.0005s ]
SQL: SELECT `contion` FROM `jyx_judge` WHERE `judgename` = '附件'  [ RunTime:0.0003s ]
SQL: SELECT `result` FROM `jyx_judge` WHERE `judgename` = '附件'  [ RunTime:0.0003s ]
SQL: SELECT * FROM `jyx_nojudge` WHERE ( uid = 11 )  [ RunTime:0.0003s ]
SQL: SELECT DISTINCT  `judgename` FROM `jyx_judge` WHERE ( uid=11 )  [ RunTime:0.0005s ]
SQL: SELECT * FROM `jyx_nojudge` WHERE ( uid = 12 )  [ RunTime:0.0008s ]
SQL: SELECT DISTINCT  `judgename` FROM `jyx_judge` WHERE ( uid=12 )  [ RunTime:0.0008s ]
SQL: SELECT DISTINCT  `op` FROM `jyx_judge` WHERE `judgename` = '利润点'  [ RunTime:0.0007s ]
SQL: SELECT DISTINCT  `item` FROM `jyx_judge` WHERE `judgename` = '利润点' LIMIT 1   [ RunTime:0.0006s ]
SQL: SELECT `contion` FROM `jyx_judge` WHERE `judgename` = '利润点'  [ RunTime:0.0003s ]
SQL: SELECT `result` FROM `jyx_judge` WHERE `judgename` = '利润点'  [ RunTime:0.0003s ]
SQL: SHOW COLUMNS FROM `jyx_count` [ RunTime:0.0144s ]
SQL: SELECT * FROM `jyx_count` WHERE `height` = 1600 AND `width` = 1200 AND `depth` = 2000 AND `box_depth` = 5 AND `door_depth` = 8 AND `block_depth` = 4 AND `locktype` = '铁锁' AND `type` = 'D' AND `color` = '7035' AND `xianjia` = '不要' AND `mft_type` = '机浇' AND `unit_price` = 3399  [ RunTime:0.0008s ]
NOTIC: [8] Undefined index: validate E:\wamp\www\jiyexiang\ThinkPHP\Library\Think\Model.class.php 第 1185 行.
NOTIC: [8] Undefined index: auto E:\wamp\www\jiyexiang\ThinkPHP\Library\Think\Model.class.php 第 1128 行.
SQL: SELECT `id` FROM `jyx_count` WHERE `height` = 1600 AND `width` = 1200 AND `depth` = 2000 AND `box_depth` = 5 AND `door_depth` = 8 AND `block_depth` = 4 AND `locktype` = '铁锁' AND `type` = 'D' AND `color` = '7035' AND `unit_price` = 3399 AND `count` = 5 LIMIT 1   [ RunTime:0.0006s ]
ERR: 1064:Erreur de syntaxe près de ')' à la ligne 1
 [ SQL语句 ] : UPDATE `jyx_count` SET `height`='1600',`width`='1200',`depth`='2000',`box_depth`='5',`door_depth`='8',`block_depth`='4',`locktype`='铁锁',`type`='D',`color`='7035',`xianjia`='不要',`mft_type`='机浇',`unit_price`='3399',`total`='16996',`count`='5',`uid`='38',`time`='1464485316' WHERE ( id =  )
ERR: 1064:Erreur de syntaxe près de ')' à la ligne 1
 [ SQL语句 ] : UPDATE `jyx_count` SET `height`='1600',`width`='1200',`depth`='2000',`box_depth`='5',`door_depth`='8',`block_depth`='4',`locktype`='铁锁',`type`='D',`color`='7035',`xianjia`='不要',`mft_type`='机浇',`unit_price`='3399',`total`='16996',`count`='5',`uid`='38',`time`='1464485316' WHERE ( id =  )

[ 2016-05-29T09:28:37+08:00 ] ::1 /jiyexiang/index.php/Home/Count/altdata.html
INFO: [ app_begin ] --START--
INFO: Run Behavior\ReadHtmlCacheBehavior [ RunTime:0.000988s ]
INFO: [ app_begin ] --END-- [ RunTime:0.001943s ]
SQL: SHOW COLUMNS FROM `jyx_site` [ RunTime:0.0119s ]
SQL: SELECT * FROM `jyx_site` WHERE `id` = 1 LIMIT 1   [ RunTime:0.0004s ]
SQL: SHOW COLUMNS FROM `jyx_formulate` [ RunTime:0.0112s ]
SQL: SELECT `id` FROM `jyx_formulate` WHERE `formulate` LIKE '%线夹%' LIMIT 1   [ RunTime:0.0005s ]
SQL: SELECT * FROM `jyx_formulate` WHERE `status` = 1 AND `id` <> '5' ORDER BY corder asc  [ RunTime:0.0006s ]
SQL: SHOW COLUMNS FROM `jyx_nojudge` [ RunTime:0.0109s ]
SQL: SELECT * FROM `jyx_nojudge` WHERE ( uid = 1 )  [ RunTime:0.0004s ]
SQL: SHOW COLUMNS FROM `jyx_judge` [ RunTime:0.0122s ]
SQL: SELECT DISTINCT  `judgename` FROM `jyx_judge` WHERE ( uid=1 )  [ RunTime:0.0007s ]
NOTIC: [8] Undefined variable: str E:\wamp\www\jiyexiang\App\Home\Controller\CountController.class.php 第 215 行.
SQL: SELECT * FROM `jyx_nojudge` WHERE ( uid = 2 )  [ RunTime:0.0003s ]
SQL: SELECT DISTINCT  `judgename` FROM `jyx_judge` WHERE ( uid=2 )  [ RunTime:0.0007s ]
SQL: SELECT DISTINCT  `op` FROM `jyx_judge` WHERE `judgename` = '锁数量'  [ RunTime:0.0010s ]
SQL: SELECT DISTINCT  `item` FROM `jyx_judge` WHERE `judgename` = '锁数量' LIMIT 1   [ RunTime:0.0006s ]
SQL: SELECT `contion` FROM `jyx_judge` WHERE `judgename` = '锁数量'  [ RunTime:0.0003s ]
SQL: SELECT `result` FROM `jyx_judge` WHERE `judgename` = '锁数量'  [ RunTime:0.0003s ]
SQL: SELECT DISTINCT  `op` FROM `jyx_judge` WHERE `judgename` = '锁单价'  [ RunTime:0.0005s ]
SQL: SELECT DISTINCT  `item` FROM `jyx_judge` WHERE `judgename` = '锁单价' LIMIT 1   [ RunTime:0.0005s ]
SQL: SELECT `contion` FROM `jyx_judge` WHERE `judgename` = '锁单价'  [ RunTime:0.0003s ]
SQL: SELECT `result` FROM `jyx_judge` WHERE `judgename` = '锁单价'  [ RunTime:0.0003s ]
SQL: SELECT * FROM `jyx_nojudge` WHERE ( uid = 3 )  [ RunTime:0.0003s ]
SQL: SELECT DISTINCT  `judgename` FROM `jyx_judge` WHERE ( uid=3 )  [ RunTime:0.0005s ]
SQL: SELECT DISTINCT  `op` FROM `jyx_judge` WHERE `judgename` = '封条单价'  [ RunTime:0.0005s ]
SQL: SELECT DISTINCT  `item` FROM `jyx_judge` WHERE `judgename` = '封条单价' LIMIT 1   [ RunTime:0.0005s ]
SQL: SELECT `contion` FROM `jyx_judge` WHERE `judgename` = '封条单价'  [ RunTime:0.0003s ]
SQL: SELECT `result` FROM `jyx_judge` WHERE `judgename` = '封条单价'  [ RunTime:0.0003s ]
SQL: SELECT * FROM `jyx_nojudge` WHERE ( uid = 4 )  [ RunTime:0.0006s ]
SQL: SELECT DISTINCT  `judgename` FROM `jyx_judge` WHERE ( uid=4 )  [ RunTime:0.0008s ]
SQL: SELECT * FROM `jyx_nojudge` WHERE ( uid = 6 )  [ RunTime:0.0003s ]
SQL: SELECT DISTINCT  `judgename` FROM `jyx_judge` WHERE ( uid=6 )  [ RunTime:0.0006s ]
SQL: SELECT DISTINCT  `op` FROM `jyx_judge` WHERE `judgename` = '喷塑单价'  [ RunTime:0.0006s ]
SQL: SELECT DISTINCT  `item` FROM `jyx_judge` WHERE `judgename` = '喷塑单价' LIMIT 1   [ RunTime:0.0005s ]
SQL: SELECT `contion` FROM `jyx_judge` WHERE `judgename` = '喷塑单价'  [ RunTime:0.0003s ]
SQL: SELECT `result` FROM `jyx_judge` WHERE `judgename` = '喷塑单价'  [ RunTime:0.0003s ]
SQL: SELECT * FROM `jyx_nojudge` WHERE ( uid = 7 )  [ RunTime:0.0003s ]
SQL: SELECT DISTINCT  `judgename` FROM `jyx_judge` WHERE ( uid=7 )  [ RunTime:0.0005s ]
SQL: SELECT DISTINCT  `op` FROM `jyx_judge` WHERE `judgename` = '数量'  [ RunTime:0.0006s ]
SQL: SELECT DISTINCT  `item` FROM `jyx_judge` WHERE `judgename` = '数量' LIMIT 1   [ RunTime:0.0005s ]
SQL: SELECT `contion` FROM `jyx_judge` WHERE `judgename` = '数量'  [ RunTime:0.0003s ]
SQL: SELECT `result` FROM `jyx_judge` WHERE `judgename` = '数量'  [ RunTime:0.0003s ]
SQL: SELECT * FROM `jyx_nojudge` WHERE ( uid = 8 )  [ RunTime:0.0003s ]
SQL: SELECT DISTINCT  `judgename` FROM `jyx_judge` WHERE ( uid=8 )  [ RunTime:0.0011s ]
SQL: SELECT * FROM `jyx_nojudge` WHERE ( uid = 9 )  [ RunTime:0.0005s ]
SQL: SELECT DISTINCT  `judgename` FROM `jyx_judge` WHERE ( uid=9 )  [ RunTime:0.0007s ]
SQL: SELECT DISTINCT  `op` FROM `jyx_judge` WHERE `judgename` = '附件'  [ RunTime:0.0006s ]
SQL: SELECT DISTINCT  `item` FROM `jyx_judge` WHERE `judgename` = '附件' LIMIT 1   [ RunTime:0.0005s ]
SQL: SELECT `contion` FROM `jyx_judge` WHERE `judgename` = '附件'  [ RunTime:0.0003s ]
SQL: SELECT `result` FROM `jyx_judge` WHERE `judgename` = '附件'  [ RunTime:0.0003s ]
SQL: SELECT * FROM `jyx_nojudge` WHERE ( uid = 11 )  [ RunTime:0.0003s ]
SQL: SELECT DISTINCT  `judgename` FROM `jyx_judge` WHERE ( uid=11 )  [ RunTime:0.0005s ]
SQL: SELECT * FROM `jyx_nojudge` WHERE ( uid = 12 )  [ RunTime:0.0003s ]
SQL: SELECT DISTINCT  `judgename` FROM `jyx_judge` WHERE ( uid=12 )  [ RunTime:0.0005s ]
SQL: SELECT DISTINCT  `op` FROM `jyx_judge` WHERE `judgename` = '利润点'  [ RunTime:0.0005s ]
SQL: SELECT DISTINCT  `item` FROM `jyx_judge` WHERE `judgename` = '利润点' LIMIT 1   [ RunTime:0.0005s ]
SQL: SELECT `contion` FROM `jyx_judge` WHERE `judgename` = '利润点'  [ RunTime:0.0003s ]
SQL: SELECT `result` FROM `jyx_judge` WHERE `judgename` = '利润点'  [ RunTime:0.0003s ]
SQL: SHOW COLUMNS FROM `jyx_count` [ RunTime:0.0368s ]
SQL: SELECT * FROM `jyx_count` WHERE `height` = 1600 AND `width` = 1200 AND `depth` = 2000 AND `box_depth` = 5 AND `door_depth` = 8 AND `block_depth` = 4 AND `locktype` = '铁锁' AND `type` = 'D' AND `color` = '7035' AND `xianjia` = '不要' AND `mft_type` = '机浇' AND `unit_price` = 3399  [ RunTime:0.0008s ]
NOTIC: [8] Undefined index: validate E:\wamp\www\jiyexiang\ThinkPHP\Library\Think\Model.class.php 第 1185 行.
NOTIC: [8] Undefined index: auto E:\wamp\www\jiyexiang\ThinkPHP\Library\Think\Model.class.php 第 1128 行.
SQL: SELECT `id` FROM `jyx_count` WHERE `height` = 1600 AND `width` = 1200 AND `depth` = 2000 AND `box_depth` = 5 AND `door_depth` = 8 AND `block_depth` = 4 AND `locktype` = '铁锁' AND `type` = 'D' AND `color` = '7035' AND `unit_price` = 3399 AND `count` = 5 LIMIT 1   [ RunTime:0.0006s ]
ERR: 1064:Erreur de syntaxe près de ')' à la ligne 1
 [ SQL语句 ] : UPDATE `jyx_count` SET `height`='1600',`width`='1200',`depth`='2000',`box_depth`='5',`door_depth`='8',`block_depth`='4',`locktype`='铁锁',`type`='D',`color`='7035',`xianjia`='不要',`mft_type`='机浇',`unit_price`='3399',`total`='16996',`count`='5',`uid`='38',`time`='1464485317' WHERE ( id =  )
ERR: 1064:Erreur de syntaxe près de ')' à la ligne 1
 [ SQL语句 ] : UPDATE `jyx_count` SET `height`='1600',`width`='1200',`depth`='2000',`box_depth`='5',`door_depth`='8',`block_depth`='4',`locktype`='铁锁',`type`='D',`color`='7035',`xianjia`='不要',`mft_type`='机浇',`unit_price`='3399',`total`='16996',`count`='5',`uid`='38',`time`='1464485317' WHERE ( id =  )

[ 2016-05-29T09:28:37+08:00 ] ::1 /jiyexiang/index.php/Home/Count/altdata.html
INFO: [ app_begin ] --START--
INFO: Run Behavior\ReadHtmlCacheBehavior [ RunTime:0.001622s ]
INFO: [ app_begin ] --END-- [ RunTime:0.002788s ]
SQL: SHOW COLUMNS FROM `jyx_site` [ RunTime:0.0147s ]
SQL: SELECT * FROM `jyx_site` WHERE `id` = 1 LIMIT 1   [ RunTime:0.0009s ]
SQL: SHOW COLUMNS FROM `jyx_formulate` [ RunTime:0.0152s ]
SQL: SELECT `id` FROM `jyx_formulate` WHERE `formulate` LIKE '%线夹%' LIMIT 1   [ RunTime:0.0006s ]
SQL: SELECT * FROM `jyx_formulate` WHERE `status` = 1 AND `id` <> '5' ORDER BY corder asc  [ RunTime:0.0005s ]
SQL: SHOW COLUMNS FROM `jyx_nojudge` [ RunTime:0.0147s ]
SQL: SELECT * FROM `jyx_nojudge` WHERE ( uid = 1 )  [ RunTime:0.0005s ]
SQL: SHOW COLUMNS FROM `jyx_judge` [ RunTime:0.0155s ]
SQL: SELECT DISTINCT  `judgename` FROM `jyx_judge` WHERE ( uid=1 )  [ RunTime:0.0008s ]
NOTIC: [8] Undefined variable: str E:\wamp\www\jiyexiang\App\Home\Controller\CountController.class.php 第 215 行.
SQL: SELECT * FROM `jyx_nojudge` WHERE ( uid = 2 )  [ RunTime:0.0004s ]
SQL: SELECT DISTINCT  `judgename` FROM `jyx_judge` WHERE ( uid=2 )  [ RunTime:0.0006s ]
SQL: SELECT DISTINCT  `op` FROM `jyx_judge` WHERE `judgename` = '锁数量'  [ RunTime:0.0006s ]
SQL: SELECT DISTINCT  `item` FROM `jyx_judge` WHERE `judgename` = '锁数量' LIMIT 1   [ RunTime:0.0006s ]
SQL: SELECT `contion` FROM `jyx_judge` WHERE `judgename` = '锁数量'  [ RunTime:0.0003s ]
SQL: SELECT `result` FROM `jyx_judge` WHERE `judgename` = '锁数量'  [ RunTime:0.0006s ]
SQL: SELECT DISTINCT  `op` FROM `jyx_judge` WHERE `judgename` = '锁单价'  [ RunTime:0.0009s ]
SQL: SELECT DISTINCT  `item` FROM `jyx_judge` WHERE `judgename` = '锁单价' LIMIT 1   [ RunTime:0.0009s ]
SQL: SELECT `contion` FROM `jyx_judge` WHERE `judgename` = '锁单价'  [ RunTime:0.0006s ]
SQL: SELECT `result` FROM `jyx_judge` WHERE `judgename` = '锁单价'  [ RunTime:0.0003s ]
SQL: SELECT * FROM `jyx_nojudge` WHERE ( uid = 3 )  [ RunTime:0.0007s ]
SQL: SELECT DISTINCT  `judgename` FROM `jyx_judge` WHERE ( uid=3 )  [ RunTime:0.0007s ]
SQL: SELECT DISTINCT  `op` FROM `jyx_judge` WHERE `judgename` = '封条单价'  [ RunTime:0.0006s ]
SQL: SELECT DISTINCT  `item` FROM `jyx_judge` WHERE `judgename` = '封条单价' LIMIT 1   [ RunTime:0.0005s ]
SQL: SELECT `contion` FROM `jyx_judge` WHERE `judgename` = '封条单价'  [ RunTime:0.0003s ]
SQL: SELECT `result` FROM `jyx_judge` WHERE `judgename` = '封条单价'  [ RunTime:0.0003s ]
SQL: SELECT * FROM `jyx_nojudge` WHERE ( uid = 4 )  [ RunTime:0.0003s ]
SQL: SELECT DISTINCT  `judgename` FROM `jyx_judge` WHERE ( uid=4 )  [ RunTime:0.0007s ]
SQL: SELECT * FROM `jyx_nojudge` WHERE ( uid = 6 )  [ RunTime:0.0004s ]
SQL: SELECT DISTINCT  `judgename` FROM `jyx_judge` WHERE ( uid=6 )  [ RunTime:0.0008s ]
SQL: SELECT DISTINCT  `op` FROM `jyx_judge` WHERE `judgename` = '喷塑单价'  [ RunTime:0.0006s ]
SQL: SELECT DISTINCT  `item` FROM `jyx_judge` WHERE `judgename` = '喷塑单价' LIMIT 1   [ RunTime:0.0005s ]
SQL: SELECT `contion` FROM `jyx_judge` WHERE `judgename` = '喷塑单价'  [ RunTime:0.0003s ]
SQL: SELECT `result` FROM `jyx_judge` WHERE `judgename` = '喷塑单价'  [ RunTime:0.0003s ]
SQL: SELECT * FROM `jyx_nojudge` WHERE ( uid = 7 )  [ RunTime:0.0007s ]
SQL: SELECT DISTINCT  `judgename` FROM `jyx_judge` WHERE ( uid=7 )  [ RunTime:0.0008s ]
SQL: SELECT DISTINCT  `op` FROM `jyx_judge` WHERE `judgename` = '数量'  [ RunTime:0.0007s ]
SQL: SELECT DISTINCT  `item` FROM `jyx_judge` WHERE `judgename` = '数量' LIMIT 1   [ RunTime:0.0006s ]
SQL: SELECT `contion` FROM `jyx_judge` WHERE `judgename` = '数量'  [ RunTime:0.0003s ]
SQL: SELECT `result` FROM `jyx_judge` WHERE `judgename` = '数量'  [ RunTime:0.0003s ]
SQL: SELECT * FROM `jyx_nojudge` WHERE ( uid = 8 )  [ RunTime:0.0003s ]
SQL: SELECT DISTINCT  `judgename` FROM `jyx_judge` WHERE ( uid=8 )  [ RunTime:0.0007s ]
SQL: SELECT * FROM `jyx_nojudge` WHERE ( uid = 9 )  [ RunTime:0.0003s ]
SQL: SELECT DISTINCT  `judgename` FROM `jyx_judge` WHERE ( uid=9 )  [ RunTime:0.0008s ]
SQL: SELECT DISTINCT  `op` FROM `jyx_judge` WHERE `judgename` = '附件'  [ RunTime:0.0007s ]
SQL: SELECT DISTINCT  `item` FROM `jyx_judge` WHERE `judgename` = '附件' LIMIT 1   [ RunTime:0.0007s ]
SQL: SELECT `contion` FROM `jyx_judge` WHERE `judgename` = '附件'  [ RunTime:0.0003s ]
SQL: SELECT `result` FROM `jyx_judge` WHERE `judgename` = '附件'  [ RunTime:0.0004s ]
SQL: SELECT * FROM `jyx_nojudge` WHERE ( uid = 11 )  [ RunTime:0.0003s ]
SQL: SELECT DISTINCT  `judgename` FROM `jyx_judge` WHERE ( uid=11 )  [ RunTime:0.0006s ]
SQL: SELECT * FROM `jyx_nojudge` WHERE ( uid = 12 )  [ RunTime:0.0003s ]
SQL: SELECT DISTINCT  `judgename` FROM `jyx_judge` WHERE ( uid=12 )  [ RunTime:0.0006s ]
SQL: SELECT DISTINCT  `op` FROM `jyx_judge` WHERE `judgename` = '利润点'  [ RunTime:0.0007s ]
SQL: SELECT DISTINCT  `item` FROM `jyx_judge` WHERE `judgename` = '利润点' LIMIT 1   [ RunTime:0.0007s ]
SQL: SELECT `contion` FROM `jyx_judge` WHERE `judgename` = '利润点'  [ RunTime:0.0003s ]
SQL: SELECT `result` FROM `jyx_judge` WHERE `judgename` = '利润点'  [ RunTime:0.0003s ]
SQL: SHOW COLUMNS FROM `jyx_count` [ RunTime:0.0130s ]
SQL: SELECT * FROM `jyx_count` WHERE `height` = 1600 AND `width` = 1200 AND `depth` = 2000 AND `box_depth` = 5 AND `door_depth` = 8 AND `block_depth` = 4 AND `locktype` = '铁锁' AND `type` = 'D' AND `color` = '7035' AND `xianjia` = '不要' AND `mft_type` = '机浇' AND `unit_price` = 3399  [ RunTime:0.0007s ]
NOTIC: [8] Undefined index: validate E:\wamp\www\jiyexiang\ThinkPHP\Library\Think\Model.class.php 第 1185 行.
NOTIC: [8] Undefined index: auto E:\wamp\www\jiyexiang\ThinkPHP\Library\Think\Model.class.php 第 1128 行.
SQL: SELECT `id` FROM `jyx_count` WHERE `height` = 1600 AND `width` = 1200 AND `depth` = 2000 AND `box_depth` = 5 AND `door_depth` = 8 AND `block_depth` = 4 AND `locktype` = '铁锁' AND `type` = 'D' AND `color` = '7035' AND `unit_price` = 3399 AND `count` = 5 LIMIT 1   [ RunTime:0.0006s ]
ERR: 1064:Erreur de syntaxe près de ')' à la ligne 1
 [ SQL语句 ] : UPDATE `jyx_count` SET `height`='1600',`width`='1200',`depth`='2000',`box_depth`='5',`door_depth`='8',`block_depth`='4',`locktype`='铁锁',`type`='D',`color`='7035',`xianjia`='不要',`mft_type`='机浇',`unit_price`='3399',`total`='16996',`count`='5',`uid`='38',`time`='1464485317' WHERE ( id =  )
ERR: 1064:Erreur de syntaxe près de ')' à la ligne 1
 [ SQL语句 ] : UPDATE `jyx_count` SET `height`='1600',`width`='1200',`depth`='2000',`box_depth`='5',`door_depth`='8',`block_depth`='4',`locktype`='铁锁',`type`='D',`color`='7035',`xianjia`='不要',`mft_type`='机浇',`unit_price`='3399',`total`='16996',`count`='5',`uid`='38',`time`='1464485317' WHERE ( id =  )

[ 2016-05-29T09:28:38+08:00 ] ::1 /jiyexiang/index.php/Home/Count/beforecount.html
INFO: [ app_begin ] --START--
INFO: Run Behavior\ReadHtmlCacheBehavior [ RunTime:0.000980s ]
INFO: [ app_begin ] --END-- [ RunTime:0.002042s ]
SQL: SHOW COLUMNS FROM `jyx_site` [ RunTime:0.0186s ]
SQL: SELECT * FROM `jyx_site` WHERE `id` = 1 LIMIT 1   [ RunTime:0.0008s ]
SQL: SHOW COLUMNS FROM `jyx_formulate` [ RunTime:0.0168s ]
SQL: SELECT `id` FROM `jyx_formulate` WHERE `formulate` LIKE '%线夹%' LIMIT 1   [ RunTime:0.0007s ]
SQL: SELECT * FROM `jyx_formulate` WHERE `status` = 1 AND `id` <> '5' ORDER BY corder asc  [ RunTime:0.0006s ]
SQL: SHOW COLUMNS FROM `jyx_nojudge` [ RunTime:0.0158s ]
SQL: SELECT * FROM `jyx_nojudge` WHERE ( uid = 1 )  [ RunTime:0.0004s ]
SQL: SHOW COLUMNS FROM `jyx_judge` [ RunTime:0.0152s ]
SQL: SELECT DISTINCT  `judgename` FROM `jyx_judge` WHERE ( uid=1 )  [ RunTime:0.0008s ]
NOTIC: [8] Undefined variable: str E:\wamp\www\jiyexiang\App\Home\Controller\CountController.class.php 第 215 行.
SQL: SELECT * FROM `jyx_nojudge` WHERE ( uid = 2 )  [ RunTime:0.0003s ]
SQL: SELECT DISTINCT  `judgename` FROM `jyx_judge` WHERE ( uid=2 )  [ RunTime:0.0006s ]
SQL: SELECT DISTINCT  `op` FROM `jyx_judge` WHERE `judgename` = '锁数量'  [ RunTime:0.0006s ]
SQL: SELECT DISTINCT  `item` FROM `jyx_judge` WHERE `judgename` = '锁数量' LIMIT 1   [ RunTime:0.0006s ]
SQL: SELECT `contion` FROM `jyx_judge` WHERE `judgename` = '锁数量'  [ RunTime:0.0003s ]
SQL: SELECT `result` FROM `jyx_judge` WHERE `judgename` = '锁数量'  [ RunTime:0.0003s ]
SQL: SELECT DISTINCT  `op` FROM `jyx_judge` WHERE `judgename` = '锁单价'  [ RunTime:0.0007s ]
SQL: SELECT DISTINCT  `item` FROM `jyx_judge` WHERE `judgename` = '锁单价' LIMIT 1   [ RunTime:0.0009s ]
SQL: SELECT `contion` FROM `jyx_judge` WHERE `judgename` = '锁单价'  [ RunTime:0.0004s ]
SQL: SELECT `result` FROM `jyx_judge` WHERE `judgename` = '锁单价'  [ RunTime:0.0003s ]
SQL: SELECT * FROM `jyx_nojudge` WHERE ( uid = 3 )  [ RunTime:0.0003s ]
SQL: SELECT DISTINCT  `judgename` FROM `jyx_judge` WHERE ( uid=3 )  [ RunTime:0.0006s ]
SQL: SELECT DISTINCT  `op` FROM `jyx_judge` WHERE `judgename` = '封条单价'  [ RunTime:0.0008s ]
SQL: SELECT DISTINCT  `item` FROM `jyx_judge` WHERE `judgename` = '封条单价' LIMIT 1   [ RunTime:0.0006s ]
SQL: SELECT `contion` FROM `jyx_judge` WHERE `judgename` = '封条单价'  [ RunTime:0.0003s ]
SQL: SELECT `result` FROM `jyx_judge` WHERE `judgename` = '封条单价'  [ RunTime:0.0003s ]
SQL: SELECT * FROM `jyx_nojudge` WHERE ( uid = 4 )  [ RunTime:0.0003s ]
SQL: SELECT DISTINCT  `judgename` FROM `jyx_judge` WHERE ( uid=4 )  [ RunTime:0.0005s ]
SQL: SELECT * FROM `jyx_nojudge` WHERE ( uid = 6 )  [ RunTime:0.0003s ]
SQL: SELECT DISTINCT  `judgename` FROM `jyx_judge` WHERE ( uid=6 )  [ RunTime:0.0006s ]
SQL: SELECT DISTINCT  `op` FROM `jyx_judge` WHERE `judgename` = '喷塑单价'  [ RunTime:0.0006s ]
SQL: SELECT DISTINCT  `item` FROM `jyx_judge` WHERE `judgename` = '喷塑单价' LIMIT 1   [ RunTime:0.0010s ]
SQL: SELECT `contion` FROM `jyx_judge` WHERE `judgename` = '喷塑单价'  [ RunTime:0.0004s ]
SQL: SELECT `result` FROM `jyx_judge` WHERE `judgename` = '喷塑单价'  [ RunTime:0.0003s ]
SQL: SELECT * FROM `jyx_nojudge` WHERE ( uid = 7 )  [ RunTime:0.0003s ]
SQL: SELECT DISTINCT  `judgename` FROM `jyx_judge` WHERE ( uid=7 )  [ RunTime:0.0007s ]
SQL: SELECT DISTINCT  `op` FROM `jyx_judge` WHERE `judgename` = '数量'  [ RunTime:0.0007s ]
SQL: SELECT DISTINCT  `item` FROM `jyx_judge` WHERE `judgename` = '数量' LIMIT 1   [ RunTime:0.0007s ]
SQL: SELECT `contion` FROM `jyx_judge` WHERE `judgename` = '数量'  [ RunTime:0.0003s ]
SQL: SELECT `result` FROM `jyx_judge` WHERE `judgename` = '数量'  [ RunTime:0.0003s ]
SQL: SELECT * FROM `jyx_nojudge` WHERE ( uid = 8 )  [ RunTime:0.0003s ]
SQL: SELECT DISTINCT  `judgename` FROM `jyx_judge` WHERE ( uid=8 )  [ RunTime:0.0006s ]
SQL: SELECT * FROM `jyx_nojudge` WHERE ( uid = 9 )  [ RunTime:0.0003s ]
SQL: SELECT DISTINCT  `judgename` FROM `jyx_judge` WHERE ( uid=9 )  [ RunTime:0.0007s ]
SQL: SELECT DISTINCT  `op` FROM `jyx_judge` WHERE `judgename` = '附件'  [ RunTime:0.0008s ]
SQL: SELECT DISTINCT  `item` FROM `jyx_judge` WHERE `judgename` = '附件' LIMIT 1   [ RunTime:0.0007s ]
SQL: SELECT `contion` FROM `jyx_judge` WHERE `judgename` = '附件'  [ RunTime:0.0005s ]
SQL: SELECT `result` FROM `jyx_judge` WHERE `judgename` = '附件'  [ RunTime:0.0003s ]
SQL: SELECT * FROM `jyx_nojudge` WHERE ( uid = 11 )  [ RunTime:0.0003s ]
SQL: SELECT DISTINCT  `judgename` FROM `jyx_judge` WHERE ( uid=11 )  [ RunTime:0.0007s ]
SQL: SELECT * FROM `jyx_nojudge` WHERE ( uid = 12 )  [ RunTime:0.0003s ]
SQL: SELECT DISTINCT  `judgename` FROM `jyx_judge` WHERE ( uid=12 )  [ RunTime:0.0006s ]
SQL: SELECT DISTINCT  `op` FROM `jyx_judge` WHERE `judgename` = '利润点'  [ RunTime:0.0005s ]
SQL: SELECT DISTINCT  `item` FROM `jyx_judge` WHERE `judgename` = '利润点' LIMIT 1   [ RunTime:0.0005s ]
SQL: SELECT `contion` FROM `jyx_judge` WHERE `judgename` = '利润点'  [ RunTime:0.0003s ]
SQL: SELECT `result` FROM `jyx_judge` WHERE `judgename` = '利润点'  [ RunTime:0.0003s ]
SQL: SHOW COLUMNS FROM `jyx_count` [ RunTime:0.0149s ]
SQL: SELECT * FROM `jyx_count` WHERE `height` = 1600 AND `width` = 1200 AND `depth` = 2000 AND `box_depth` = 5 AND `door_depth` = 8 AND `block_depth` = 4 AND `locktype` = '铁锁' AND `type` = 'D' AND `color` = '7035' AND `xianjia` = '不要' AND `mft_type` = '机浇' AND `unit_price` = 3399  [ RunTime:0.0006s ]
NOTIC: [8] Undefined index: validate E:\wamp\www\jiyexiang\ThinkPHP\Library\Think\Model.class.php 第 1185 行.
NOTIC: [8] Undefined index: auto E:\wamp\www\jiyexiang\ThinkPHP\Library\Think\Model.class.php 第 1128 行.
NOTIC: [8] Undefined index: altis E:\wamp\www\jiyexiang\App\Home\Controller\CountController.class.php 第 263 行.
SQL: INSERT INTO `jyx_count` (`height`,`width`,`depth`,`box_depth`,`door_depth`,`block_depth`,`locktype`,`type`,`color`,`xianjia`,`mft_type`,`unit_price`,`total`,`count`,`uid`,`time`) VALUES ('1600','1200','2000','5','8','4','铁锁','D','7035','不要','机浇','3399','16996','5','38','1464485318') [ RunTime:0.0461s ]
SQL: SELECT DISTINCT  * FROM `jyx_count` WHERE ( uid = 38 )  [ RunTime:0.0005s ]
INFO: [ view_parse ] --START--
INFO: [ template_filter ] --START--
INFO: Run Behavior\ContentReplaceBehavior [ RunTime:0.000114s ]
INFO: [ template_filter ] --END-- [ RunTime:0.000302s ]
INFO: Run Behavior\ParseTemplateBehavior [ RunTime:0.018642s ]
INFO: [ view_parse ] --END-- [ RunTime:0.018838s ]
INFO: [ view_filter ] --START--
INFO: Run Behavior\WriteHtmlCacheBehavior [ RunTime:0.000885s ]
INFO: [ view_filter ] --END-- [ RunTime:0.001089s ]

[ 2016-05-29T09:28:40+08:00 ] ::1 /jiyexiang/index.php/Home/Count/delonedata.html
INFO: [ app_begin ] --START--
INFO: Run Behavior\ReadHtmlCacheBehavior [ RunTime:0.000967s ]
INFO: [ app_begin ] --END-- [ RunTime:0.001907s ]
SQL: SHOW COLUMNS FROM `jyx_site` [ RunTime:0.0593s ]
SQL: SELECT * FROM `jyx_site` WHERE `id` = 1 LIMIT 1   [ RunTime:0.0007s ]
SQL: SHOW COLUMNS FROM `jyx_count` [ RunTime:0.0158s ]
SQL: DELETE FROM `jyx_count` WHERE `height` = 1600 AND `width` = 1200 AND `depth` = 2000 AND `box_depth` = 5 AND `door_depth` = 8 AND `block_depth` = 4 AND `locktype` = '铁锁' AND `type` = 'D' AND `color` = '7035' AND `xianjia` = '不要' AND `mft_type` = '机浇' AND `uid` = 38 [ RunTime:0.0790s ]
SQL: SELECT DISTINCT  * FROM `jyx_count` WHERE ( uid = 38 )  [ RunTime:0.0005s ]
INFO: [ view_parse ] --START--
INFO: [ template_filter ] --START--
INFO: Run Behavior\ContentReplaceBehavior [ RunTime:0.000112s ]
INFO: [ template_filter ] --END-- [ RunTime:0.000292s ]
INFO: Run Behavior\ParseTemplateBehavior [ RunTime:0.017570s ]
INFO: [ view_parse ] --END-- [ RunTime:0.017776s ]
INFO: [ view_filter ] --START--
INFO: Run Behavior\WriteHtmlCacheBehavior [ RunTime:0.000907s ]
INFO: [ view_filter ] --END-- [ RunTime:0.001097s ]

[ 2016-05-29T09:28:41+08:00 ] ::1 /jiyexiang/index.php/Home/Count/altdata.html
INFO: [ app_begin ] --START--
INFO: Run Behavior\ReadHtmlCacheBehavior [ RunTime:0.001233s ]
INFO: [ app_begin ] --END-- [ RunTime:0.002417s ]
SQL: SHOW COLUMNS FROM `jyx_site` [ RunTime:0.0603s ]
SQL: SELECT * FROM `jyx_site` WHERE `id` = 1 LIMIT 1   [ RunTime:0.0006s ]
SQL: SHOW COLUMNS FROM `jyx_formulate` [ RunTime:0.0149s ]
SQL: SELECT `id` FROM `jyx_formulate` WHERE `formulate` LIKE '%线夹%' LIMIT 1   [ RunTime:0.0005s ]
SQL: SELECT * FROM `jyx_formulate` WHERE `status` = 1 AND `id` <> '5' ORDER BY corder asc  [ RunTime:0.0005s ]
SQL: SHOW COLUMNS FROM `jyx_nojudge` [ RunTime:0.0146s ]
SQL: SELECT * FROM `jyx_nojudge` WHERE ( uid = 1 )  [ RunTime:0.0005s ]
SQL: SHOW COLUMNS FROM `jyx_judge` [ RunTime:0.0154s ]
SQL: SELECT DISTINCT  `judgename` FROM `jyx_judge` WHERE ( uid=1 )  [ RunTime:0.0008s ]
NOTIC: [8] Undefined variable: str E:\wamp\www\jiyexiang\App\Home\Controller\CountController.class.php 第 215 行.
SQL: SELECT * FROM `jyx_nojudge` WHERE ( uid = 2 )  [ RunTime:0.0004s ]
SQL: SELECT DISTINCT  `judgename` FROM `jyx_judge` WHERE ( uid=2 )  [ RunTime:0.0007s ]
SQL: SELECT DISTINCT  `op` FROM `jyx_judge` WHERE `judgename` = '锁数量'  [ RunTime:0.0007s ]
SQL: SELECT DISTINCT  `item` FROM `jyx_judge` WHERE `judgename` = '锁数量' LIMIT 1   [ RunTime:0.0007s ]
SQL: SELECT `contion` FROM `jyx_judge` WHERE `judgename` = '锁数量'  [ RunTime:0.0003s ]
SQL: SELECT `result` FROM `jyx_judge` WHERE `judgename` = '锁数量'  [ RunTime:0.0003s ]
SQL: SELECT DISTINCT  `op` FROM `jyx_judge` WHERE `judgename` = '锁单价'  [ RunTime:0.0007s ]
SQL: SELECT DISTINCT  `item` FROM `jyx_judge` WHERE `judgename` = '锁单价' LIMIT 1   [ RunTime:0.0011s ]
SQL: SELECT `contion` FROM `jyx_judge` WHERE `judgename` = '锁单价'  [ RunTime:0.0005s ]
SQL: SELECT `result` FROM `jyx_judge` WHERE `judgename` = '锁单价'  [ RunTime:0.0003s ]
SQL: SELECT * FROM `jyx_nojudge` WHERE ( uid = 3 )  [ RunTime:0.0003s ]
SQL: SELECT DISTINCT  `judgename` FROM `jyx_judge` WHERE ( uid=3 )  [ RunTime:0.0007s ]
SQL: SELECT DISTINCT  `op` FROM `jyx_judge` WHERE `judgename` = '封条单价'  [ RunTime:0.0006s ]
SQL: SELECT DISTINCT  `item` FROM `jyx_judge` WHERE `judgename` = '封条单价' LIMIT 1   [ RunTime:0.0006s ]
SQL: SELECT `contion` FROM `jyx_judge` WHERE `judgename` = '封条单价'  [ RunTime:0.0003s ]
SQL: SELECT `result` FROM `jyx_judge` WHERE `judgename` = '封条单价'  [ RunTime:0.0003s ]
SQL: SELECT * FROM `jyx_nojudge` WHERE ( uid = 4 )  [ RunTime:0.0003s ]
SQL: SELECT DISTINCT  `judgename` FROM `jyx_judge` WHERE ( uid=4 )  [ RunTime:0.0006s ]
SQL: SELECT * FROM `jyx_nojudge` WHERE ( uid = 6 )  [ RunTime:0.0003s ]
SQL: SELECT DISTINCT  `judgename` FROM `jyx_judge` WHERE ( uid=6 )  [ RunTime:0.0006s ]
SQL: SELECT DISTINCT  `op` FROM `jyx_judge` WHERE `judgename` = '喷塑单价'  [ RunTime:0.0007s ]
SQL: SELECT DISTINCT  `item` FROM `jyx_judge` WHERE `judgename` = '喷塑单价' LIMIT 1   [ RunTime:0.0010s ]
SQL: SELECT `contion` FROM `jyx_judge` WHERE `judgename` = '喷塑单价'  [ RunTime:0.0004s ]
SQL: SELECT `result` FROM `jyx_judge` WHERE `judgename` = '喷塑单价'  [ RunTime:0.0003s ]
SQL: SELECT * FROM `jyx_nojudge` WHERE ( uid = 7 )  [ RunTime:0.0003s ]
SQL: SELECT DISTINCT  `judgename` FROM `jyx_judge` WHERE ( uid=7 )  [ RunTime:0.0008s ]
SQL: SELECT DISTINCT  `op` FROM `jyx_judge` WHERE `judgename` = '数量'  [ RunTime:0.0009s ]
SQL: SELECT DISTINCT  `item` FROM `jyx_judge` WHERE `judgename` = '数量' LIMIT 1   [ RunTime:0.0008s ]
SQL: SELECT `contion` FROM `jyx_judge` WHERE `judgename` = '数量'  [ RunTime:0.0006s ]
SQL: SELECT `result` FROM `jyx_judge` WHERE `judgename` = '数量'  [ RunTime:0.0006s ]
SQL: SELECT * FROM `jyx_nojudge` WHERE ( uid = 8 )  [ RunTime:0.0005s ]
SQL: SELECT DISTINCT  `judgename` FROM `jyx_judge` WHERE ( uid=8 )  [ RunTime:0.0012s ]
SQL: SELECT * FROM `jyx_nojudge` WHERE ( uid = 9 )  [ RunTime:0.0007s ]
SQL: SELECT DISTINCT  `judgename` FROM `jyx_judge` WHERE ( uid=9 )  [ RunTime:0.0009s ]
SQL: SELECT DISTINCT  `op` FROM `jyx_judge` WHERE `judgename` = '附件'  [ RunTime:0.0008s ]
SQL: SELECT DISTINCT  `item` FROM `jyx_judge` WHERE `judgename` = '附件' LIMIT 1   [ RunTime:0.0007s ]
SQL: SELECT `contion` FROM `jyx_judge` WHERE `judgename` = '附件'  [ RunTime:0.0004s ]
SQL: SELECT `result` FROM `jyx_judge` WHERE `judgename` = '附件'  [ RunTime:0.0005s ]
SQL: SELECT * FROM `jyx_nojudge` WHERE ( uid = 11 )  [ RunTime:0.0006s ]
SQL: SELECT DISTINCT  `judgename` FROM `jyx_judge` WHERE ( uid=11 )  [ RunTime:0.0009s ]
SQL: SELECT * FROM `jyx_nojudge` WHERE ( uid = 12 )  [ RunTime:0.0004s ]
SQL: SELECT DISTINCT  `judgename` FROM `jyx_judge` WHERE ( uid=12 )  [ RunTime:0.0009s ]
SQL: SELECT DISTINCT  `op` FROM `jyx_judge` WHERE `judgename` = '利润点'  [ RunTime:0.0008s ]
SQL: SELECT DISTINCT  `item` FROM `jyx_judge` WHERE `judgename` = '利润点' LIMIT 1   [ RunTime:0.0008s ]
SQL: SELECT `contion` FROM `jyx_judge` WHERE `judgename` = '利润点'  [ RunTime:0.0004s ]
SQL: SELECT `result` FROM `jyx_judge` WHERE `judgename` = '利润点'  [ RunTime:0.0003s ]
SQL: SHOW COLUMNS FROM `jyx_count` [ RunTime:0.0612s ]
SQL: SELECT * FROM `jyx_count` WHERE `height` = 1600 AND `width` = 1200 AND `depth` = 2000 AND `box_depth` = 5 AND `door_depth` = 8 AND `block_depth` = 4 AND `locktype` = '铁锁' AND `type` = 'D' AND `color` = '7035' AND `xianjia` = '不要' AND `mft_type` = '机浇' AND `unit_price` = 3399  [ RunTime:0.0010s ]
NOTIC: [8] Undefined index: validate E:\wamp\www\jiyexiang\ThinkPHP\Library\Think\Model.class.php 第 1185 行.
NOTIC: [8] Undefined index: auto E:\wamp\www\jiyexiang\ThinkPHP\Library\Think\Model.class.php 第 1128 行.
SQL: SELECT `id` FROM `jyx_count` WHERE `height` = 1600 AND `width` = 1200 AND `depth` = 2000 AND `box_depth` = 5 AND `door_depth` = 8 AND `block_depth` = 4 AND `locktype` = '铁锁' AND `type` = 'D' AND `color` = '7035' AND `unit_price` = 3399 AND `count` = 5 LIMIT 1   [ RunTime:0.0005s ]
ERR: 1064:Erreur de syntaxe près de ')' à la ligne 1
 [ SQL语句 ] : UPDATE `jyx_count` SET `height`='1600',`width`='1200',`depth`='2000',`box_depth`='5',`door_depth`='8',`block_depth`='4',`locktype`='铁锁',`type`='D',`color`='7035',`xianjia`='不要',`mft_type`='机浇',`unit_price`='3399',`total`='16996',`count`='5',`uid`='38',`time`='1464485321' WHERE ( id =  )
ERR: 1064:Erreur de syntaxe près de ')' à la ligne 1
 [ SQL语句 ] : UPDATE `jyx_count` SET `height`='1600',`width`='1200',`depth`='2000',`box_depth`='5',`door_depth`='8',`block_depth`='4',`locktype`='铁锁',`type`='D',`color`='7035',`xianjia`='不要',`mft_type`='机浇',`unit_price`='3399',`total`='16996',`count`='5',`uid`='38',`time`='1464485321' WHERE ( id =  )

[ 2016-05-29T09:28:43+08:00 ] ::1 /jiyexiang/index.php/Home/Count/beforecount.html
INFO: [ app_begin ] --START--
INFO: Run Behavior\ReadHtmlCacheBehavior [ RunTime:0.001366s ]
INFO: [ app_begin ] --END-- [ RunTime:0.003278s ]
SQL: SHOW COLUMNS FROM `jyx_site` [ RunTime:0.0185s ]
SQL: SELECT * FROM `jyx_site` WHERE `id` = 1 LIMIT 1   [ RunTime:0.0005s ]
SQL: SHOW COLUMNS FROM `jyx_formulate` [ RunTime:0.0162s ]
SQL: SELECT `id` FROM `jyx_formulate` WHERE `formulate` LIKE '%线夹%' LIMIT 1   [ RunTime:0.0006s ]
SQL: SELECT * FROM `jyx_formulate` WHERE `status` = 1 AND `id` <> '5' ORDER BY corder asc  [ RunTime:0.0007s ]
SQL: SHOW COLUMNS FROM `jyx_nojudge` [ RunTime:0.0158s ]
SQL: SELECT * FROM `jyx_nojudge` WHERE ( uid = 1 )  [ RunTime:0.0005s ]
SQL: SHOW COLUMNS FROM `jyx_judge` [ RunTime:0.0152s ]
SQL: SELECT DISTINCT  `judgename` FROM `jyx_judge` WHERE ( uid=1 )  [ RunTime:0.0013s ]
NOTIC: [8] Undefined variable: str E:\wamp\www\jiyexiang\App\Home\Controller\CountController.class.php 第 215 行.
SQL: SELECT * FROM `jyx_nojudge` WHERE ( uid = 2 )  [ RunTime:0.0005s ]
SQL: SELECT DISTINCT  `judgename` FROM `jyx_judge` WHERE ( uid=2 )  [ RunTime:0.0008s ]
SQL: SELECT DISTINCT  `op` FROM `jyx_judge` WHERE `judgename` = '锁数量'  [ RunTime:0.0009s ]
SQL: SELECT DISTINCT  `item` FROM `jyx_judge` WHERE `judgename` = '锁数量' LIMIT 1   [ RunTime:0.0009s ]
SQL: SELECT `contion` FROM `jyx_judge` WHERE `judgename` = '锁数量'  [ RunTime:0.0005s ]
SQL: SELECT `result` FROM `jyx_judge` WHERE `judgename` = '锁数量'  [ RunTime:0.0005s ]
SQL: SELECT DISTINCT  `op` FROM `jyx_judge` WHERE `judgename` = '锁单价'  [ RunTime:0.0010s ]
SQL: SELECT DISTINCT  `item` FROM `jyx_judge` WHERE `judgename` = '锁单价' LIMIT 1   [ RunTime:0.0008s ]
SQL: SELECT `contion` FROM `jyx_judge` WHERE `judgename` = '锁单价'  [ RunTime:0.0007s ]
SQL: SELECT `result` FROM `jyx_judge` WHERE `judgename` = '锁单价'  [ RunTime:0.0007s ]
SQL: SELECT * FROM `jyx_nojudge` WHERE ( uid = 3 )  [ RunTime:0.0004s ]
SQL: SELECT DISTINCT  `judgename` FROM `jyx_judge` WHERE ( uid=3 )  [ RunTime:0.0009s ]
SQL: SELECT DISTINCT  `op` FROM `jyx_judge` WHERE `judgename` = '封条单价'  [ RunTime:0.0007s ]
SQL: SELECT DISTINCT  `item` FROM `jyx_judge` WHERE `judgename` = '封条单价' LIMIT 1   [ RunTime:0.0007s ]
SQL: SELECT `contion` FROM `jyx_judge` WHERE `judgename` = '封条单价'  [ RunTime:0.0003s ]
SQL: SELECT `result` FROM `jyx_judge` WHERE `judgename` = '封条单价'  [ RunTime:0.0003s ]
SQL: SELECT * FROM `jyx_nojudge` WHERE ( uid = 4 )  [ RunTime:0.0003s ]
SQL: SELECT DISTINCT  `judgename` FROM `jyx_judge` WHERE ( uid=4 )  [ RunTime:0.0006s ]
SQL: SELECT * FROM `jyx_nojudge` WHERE ( uid = 6 )  [ RunTime:0.0003s ]
SQL: SELECT DISTINCT  `judgename` FROM `jyx_judge` WHERE ( uid=6 )  [ RunTime:0.0010s ]
SQL: SELECT DISTINCT  `op` FROM `jyx_judge` WHERE `judgename` = '喷塑单价'  [ RunTime:0.0008s ]
SQL: SELECT DISTINCT  `item` FROM `jyx_judge` WHERE `judgename` = '喷塑单价' LIMIT 1   [ RunTime:0.0011s ]
SQL: SELECT `contion` FROM `jyx_judge` WHERE `judgename` = '喷塑单价'  [ RunTime:0.0004s ]
SQL: SELECT `result` FROM `jyx_judge` WHERE `judgename` = '喷塑单价'  [ RunTime:0.0004s ]
SQL: SELECT * FROM `jyx_nojudge` WHERE ( uid = 7 )  [ RunTime:0.0004s ]
SQL: SELECT DISTINCT  `judgename` FROM `jyx_judge` WHERE ( uid=7 )  [ RunTime:0.0008s ]
SQL: SELECT DISTINCT  `op` FROM `jyx_judge` WHERE `judgename` = '数量'  [ RunTime:0.0008s ]
SQL: SELECT DISTINCT  `item` FROM `jyx_judge` WHERE `judgename` = '数量' LIMIT 1   [ RunTime:0.0007s ]
SQL: SELECT `contion` FROM `jyx_judge` WHERE `judgename` = '数量'  [ RunTime:0.0003s ]
SQL: SELECT `result` FROM `jyx_judge` WHERE `judgename` = '数量'  [ RunTime:0.0003s ]
SQL: SELECT * FROM `jyx_nojudge` WHERE ( uid = 8 )  [ RunTime:0.0003s ]
SQL: SELECT DISTINCT  `judgename` FROM `jyx_judge` WHERE ( uid=8 )  [ RunTime:0.0007s ]
SQL: SELECT * FROM `jyx_nojudge` WHERE ( uid = 9 )  [ RunTime:0.0003s ]
SQL: SELECT DISTINCT  `judgename` FROM `jyx_judge` WHERE ( uid=9 )  [ RunTime:0.0008s ]
SQL: SELECT DISTINCT  `op` FROM `jyx_judge` WHERE `judgename` = '附件'  [ RunTime:0.0010s ]
SQL: SELECT DISTINCT  `item` FROM `jyx_judge` WHERE `judgename` = '附件' LIMIT 1   [ RunTime:0.0008s ]
SQL: SELECT `contion` FROM `jyx_judge` WHERE `judgename` = '附件'  [ RunTime:0.0003s ]
SQL: SELECT `result` FROM `jyx_judge` WHERE `judgename` = '附件'  [ RunTime:0.0004s ]
SQL: SELECT * FROM `jyx_nojudge` WHERE ( uid = 11 )  [ RunTime:0.0005s ]
SQL: SELECT DISTINCT  `judgename` FROM `jyx_judge` WHERE ( uid=11 )  [ RunTime:0.0007s ]
SQL: SELECT * FROM `jyx_nojudge` WHERE ( uid = 12 )  [ RunTime:0.0003s ]
SQL: SELECT DISTINCT  `judgename` FROM `jyx_judge` WHERE ( uid=12 )  [ RunTime:0.0006s ]
SQL: SELECT DISTINCT  `op` FROM `jyx_judge` WHERE `judgename` = '利润点'  [ RunTime:0.0008s ]
SQL: SELECT DISTINCT  `item` FROM `jyx_judge` WHERE `judgename` = '利润点' LIMIT 1   [ RunTime:0.0007s ]
SQL: SELECT `contion` FROM `jyx_judge` WHERE `judgename` = '利润点'  [ RunTime:0.0004s ]
SQL: SELECT `result` FROM `jyx_judge` WHERE `judgename` = '利润点'  [ RunTime:0.0005s ]
SQL: SHOW COLUMNS FROM `jyx_count` [ RunTime:0.0176s ]
SQL: SELECT * FROM `jyx_count` WHERE `height` = 1600 AND `width` = 1200 AND `depth` = 2000 AND `box_depth` = 5 AND `door_depth` = 8 AND `block_depth` = 4 AND `locktype` = '铁锁' AND `type` = 'D' AND `color` = '7035' AND `xianjia` = '不要' AND `mft_type` = '机浇' AND `unit_price` = 3399  [ RunTime:0.0006s ]
NOTIC: [8] Undefined index: validate E:\wamp\www\jiyexiang\ThinkPHP\Library\Think\Model.class.php 第 1185 行.
NOTIC: [8] Undefined index: auto E:\wamp\www\jiyexiang\ThinkPHP\Library\Think\Model.class.php 第 1128 行.
NOTIC: [8] Undefined index: altis E:\wamp\www\jiyexiang\App\Home\Controller\CountController.class.php 第 263 行.
SQL: INSERT INTO `jyx_count` (`height`,`width`,`depth`,`box_depth`,`door_depth`,`block_depth`,`locktype`,`type`,`color`,`xianjia`,`mft_type`,`unit_price`,`total`,`count`,`uid`,`time`) VALUES ('1600','1200','2000','5','8','4','铁锁','D','7035','不要','机浇','3399','16996','5','38','1464485323') [ RunTime:0.0603s ]
SQL: SELECT DISTINCT  * FROM `jyx_count` WHERE ( uid = 38 )  [ RunTime:0.0005s ]
INFO: [ view_parse ] --START--
INFO: [ template_filter ] --START--
INFO: Run Behavior\ContentReplaceBehavior [ RunTime:0.000126s ]
INFO: [ template_filter ] --END-- [ RunTime:0.000412s ]
INFO: Run Behavior\ParseTemplateBehavior [ RunTime:0.018708s ]
INFO: [ view_parse ] --END-- [ RunTime:0.018902s ]
INFO: [ view_filter ] --START--
INFO: Run Behavior\WriteHtmlCacheBehavior [ RunTime:0.001190s ]
INFO: [ view_filter ] --END-- [ RunTime:0.001432s ]

[ 2016-05-29T09:28:43+08:00 ] ::1 /jiyexiang/index.php/Home/Count/beforecount.html
INFO: [ app_begin ] --START--
INFO: Run Behavior\ReadHtmlCacheBehavior [ RunTime:0.001902s ]
INFO: [ app_begin ] --END-- [ RunTime:0.003471s ]
SQL: SHOW COLUMNS FROM `jyx_site` [ RunTime:0.0122s ]
SQL: SELECT * FROM `jyx_site` WHERE `id` = 1 LIMIT 1   [ RunTime:0.0005s ]
SQL: SHOW COLUMNS FROM `jyx_formulate` [ RunTime:0.0118s ]
SQL: SELECT `id` FROM `jyx_formulate` WHERE `formulate` LIKE '%线夹%' LIMIT 1   [ RunTime:0.0007s ]
SQL: SELECT * FROM `jyx_formulate` WHERE `status` = 1 AND `id` <> '5' ORDER BY corder asc  [ RunTime:0.0007s ]
SQL: SHOW COLUMNS FROM `jyx_nojudge` [ RunTime:0.0123s ]
SQL: SELECT * FROM `jyx_nojudge` WHERE ( uid = 1 )  [ RunTime:0.0005s ]
SQL: SHOW COLUMNS FROM `jyx_judge` [ RunTime:0.0113s ]
SQL: SELECT DISTINCT  `judgename` FROM `jyx_judge` WHERE ( uid=1 )  [ RunTime:0.0009s ]
NOTIC: [8] Undefined variable: str E:\wamp\www\jiyexiang\App\Home\Controller\CountController.class.php 第 215 行.
SQL: SELECT * FROM `jyx_nojudge` WHERE ( uid = 2 )  [ RunTime:0.0003s ]
SQL: SELECT DISTINCT  `judgename` FROM `jyx_judge` WHERE ( uid=2 )  [ RunTime:0.0006s ]
SQL: SELECT DISTINCT  `op` FROM `jyx_judge` WHERE `judgename` = '锁数量'  [ RunTime:0.0009s ]
SQL: SELECT DISTINCT  `item` FROM `jyx_judge` WHERE `judgename` = '锁数量' LIMIT 1   [ RunTime:0.0007s ]
SQL: SELECT `contion` FROM `jyx_judge` WHERE `judgename` = '锁数量'  [ RunTime:0.0003s ]
SQL: SELECT `result` FROM `jyx_judge` WHERE `judgename` = '锁数量'  [ RunTime:0.0003s ]
SQL: SELECT DISTINCT  `op` FROM `jyx_judge` WHERE `judgename` = '锁单价'  [ RunTime:0.0006s ]
SQL: SELECT DISTINCT  `item` FROM `jyx_judge` WHERE `judgename` = '锁单价' LIMIT 1   [ RunTime:0.0006s ]
SQL: SELECT `contion` FROM `jyx_judge` WHERE `judgename` = '锁单价'  [ RunTime:0.0003s ]
SQL: SELECT `result` FROM `jyx_judge` WHERE `judgename` = '锁单价'  [ RunTime:0.0003s ]
SQL: SELECT * FROM `jyx_nojudge` WHERE ( uid = 3 )  [ RunTime:0.0003s ]
SQL: SELECT DISTINCT  `judgename` FROM `jyx_judge` WHERE ( uid=3 )  [ RunTime:0.0006s ]
SQL: SELECT DISTINCT  `op` FROM `jyx_judge` WHERE `judgename` = '封条单价'  [ RunTime:0.0006s ]
SQL: SELECT DISTINCT  `item` FROM `jyx_judge` WHERE `judgename` = '封条单价' LIMIT 1   [ RunTime:0.0006s ]
SQL: SELECT `contion` FROM `jyx_judge` WHERE `judgename` = '封条单价'  [ RunTime:0.0003s ]
SQL: SELECT `result` FROM `jyx_judge` WHERE `judgename` = '封条单价'  [ RunTime:0.0003s ]
SQL: SELECT * FROM `jyx_nojudge` WHERE ( uid = 4 )  [ RunTime:0.0006s ]
SQL: SELECT DISTINCT  `judgename` FROM `jyx_judge` WHERE ( uid=4 )  [ RunTime:0.0008s ]
SQL: SELECT * FROM `jyx_nojudge` WHERE ( uid = 6 )  [ RunTime:0.0005s ]
SQL: SELECT DISTINCT  `judgename` FROM `jyx_judge` WHERE ( uid=6 )  [ RunTime:0.0007s ]
SQL: SELECT DISTINCT  `op` FROM `jyx_judge` WHERE `judgename` = '喷塑单价'  [ RunTime:0.0006s ]
SQL: SELECT DISTINCT  `item` FROM `jyx_judge` WHERE `judgename` = '喷塑单价' LIMIT 1   [ RunTime:0.0006s ]
SQL: SELECT `contion` FROM `jyx_judge` WHERE `judgename` = '喷塑单价'  [ RunTime:0.0003s ]
SQL: SELECT `result` FROM `jyx_judge` WHERE `judgename` = '喷塑单价'  [ RunTime:0.0003s ]
SQL: SELECT * FROM `jyx_nojudge` WHERE ( uid = 7 )  [ RunTime:0.0003s ]
SQL: SELECT DISTINCT  `judgename` FROM `jyx_judge` WHERE ( uid=7 )  [ RunTime:0.0006s ]
SQL: SELECT DISTINCT  `op` FROM `jyx_judge` WHERE `judgename` = '数量'  [ RunTime:0.0006s ]
SQL: SELECT DISTINCT  `item` FROM `jyx_judge` WHERE `judgename` = '数量' LIMIT 1   [ RunTime:0.0006s ]
SQL: SELECT `contion` FROM `jyx_judge` WHERE `judgename` = '数量'  [ RunTime:0.0003s ]
SQL: SELECT `result` FROM `jyx_judge` WHERE `judgename` = '数量'  [ RunTime:0.0003s ]
SQL: SELECT * FROM `jyx_nojudge` WHERE ( uid = 8 )  [ RunTime:0.0005s ]
SQL: SELECT DISTINCT  `judgename` FROM `jyx_judge` WHERE ( uid=8 )  [ RunTime:0.0007s ]
SQL: SELECT * FROM `jyx_nojudge` WHERE ( uid = 9 )  [ RunTime:0.0003s ]
SQL: SELECT DISTINCT  `judgename` FROM `jyx_judge` WHERE ( uid=9 )  [ RunTime:0.0009s ]
SQL: SELECT DISTINCT  `op` FROM `jyx_judge` WHERE `judgename` = '附件'  [ RunTime:0.0006s ]
SQL: SELECT DISTINCT  `item` FROM `jyx_judge` WHERE `judgename` = '附件' LIMIT 1   [ RunTime:0.0006s ]
SQL: SELECT `contion` FROM `jyx_judge` WHERE `judgename` = '附件'  [ RunTime:0.0003s ]
SQL: SELECT `result` FROM `jyx_judge` WHERE `judgename` = '附件'  [ RunTime:0.0003s ]
SQL: SELECT * FROM `jyx_nojudge` WHERE ( uid = 11 )  [ RunTime:0.0003s ]
SQL: SELECT DISTINCT  `judgename` FROM `jyx_judge` WHERE ( uid=11 )  [ RunTime:0.0006s ]
SQL: SELECT * FROM `jyx_nojudge` WHERE ( uid = 12 )  [ RunTime:0.0003s ]
SQL: SELECT DISTINCT  `judgename` FROM `jyx_judge` WHERE ( uid=12 )  [ RunTime:0.0006s ]
SQL: SELECT DISTINCT  `op` FROM `jyx_judge` WHERE `judgename` = '利润点'  [ RunTime:0.0006s ]
SQL: SELECT DISTINCT  `item` FROM `jyx_judge` WHERE `judgename` = '利润点' LIMIT 1   [ RunTime:0.0006s ]
SQL: SELECT `contion` FROM `jyx_judge` WHERE `judgename` = '利润点'  [ RunTime:0.0004s ]
SQL: SELECT `result` FROM `jyx_judge` WHERE `judgename` = '利润点'  [ RunTime:0.0003s ]
SQL: SHOW COLUMNS FROM `jyx_count` [ RunTime:0.0116s ]
SQL: SELECT * FROM `jyx_count` WHERE `height` = 1600 AND `width` = 1200 AND `depth` = 2000 AND `box_depth` = 5 AND `door_depth` = 8 AND `block_depth` = 4 AND `locktype` = '铁锁' AND `type` = 'D' AND `color` = '7035' AND `xianjia` = '不要' AND `mft_type` = '机浇' AND `unit_price` = 3399  [ RunTime:0.0007s ]

[ 2016-05-29T09:51:19+08:00 ] ::1 /jiyexiang/index.php/Home/Count/keepdata.html
INFO: [ app_begin ] --START--
INFO: Run Behavior\ReadHtmlCacheBehavior [ RunTime:0.001406s ]
INFO: [ app_begin ] --END-- [ RunTime:0.002772s ]
SQL: SHOW COLUMNS FROM `jyx_site` [ RunTime:0.0184s ]
SQL: SELECT * FROM `jyx_site` WHERE `id` = 1 LIMIT 1   [ RunTime:0.0006s ]
SQL: SHOW COLUMNS FROM `jyx_count` [ RunTime:0.0188s ]
SQL: SELECT * FROM `jyx_count` WHERE ( uid = 38 )  [ RunTime:0.0006s ]
SQL: SHOW COLUMNS FROM `jyx_user` [ RunTime:0.0171s ]
SQL: SELECT * FROM `jyx_user` WHERE ( id = 38 ) LIMIT 1   [ RunTime:0.0006s ]
SQL: SHOW COLUMNS FROM `jyx_report_forms` [ RunTime:0.0156s ]
SQL: SELECT `time` FROM `jyx_report_forms` WHERE ( uid = 38 )  [ RunTime:0.0004s ]
SQL: INSERT INTO `jyx_report_forms` (`color`,`uid`,`name`,`selfphone`,`companyname`,`time`,`type`,`locktype`,`height`,`width`,`depth`,`box_depth`,`door_depth`,`block_depth`,`unit_price`,`count`,`total`) VALUES ('7035','38','吴桦','15927002822','华中农业大学','1464485323','D','铁锁','1600','1200','2000','5','8','4','3399','5','16996') [ RunTime:0.1407s ]

[ 2016-05-29T09:51:30+08:00 ] ::1 /jiyexiang/index.php/Home/Count/beforecount.html
INFO: [ app_begin ] --START--
INFO: Run Behavior\ReadHtmlCacheBehavior [ RunTime:0.001580s ]
INFO: [ app_begin ] --END-- [ RunTime:0.002832s ]
SQL: SHOW COLUMNS FROM `jyx_site` [ RunTime:0.0197s ]
SQL: SELECT * FROM `jyx_site` WHERE `id` = 1 LIMIT 1   [ RunTime:0.0006s ]
SQL: SHOW COLUMNS FROM `jyx_formulate` [ RunTime:0.0348s ]
SQL: SELECT `id` FROM `jyx_formulate` WHERE `formulate` LIKE '%线夹%' LIMIT 1   [ RunTime:0.0005s ]
SQL: SELECT * FROM `jyx_formulate` WHERE `status` = 1 AND `id` <> '5' ORDER BY corder asc  [ RunTime:0.0005s ]
SQL: SHOW COLUMNS FROM `jyx_nojudge` [ RunTime:0.0194s ]
SQL: SELECT * FROM `jyx_nojudge` WHERE ( uid = 1 )  [ RunTime:0.0006s ]
SQL: SHOW COLUMNS FROM `jyx_judge` [ RunTime:0.0275s ]
SQL: SELECT DISTINCT  `judgename` FROM `jyx_judge` WHERE ( uid=1 )  [ RunTime:0.0008s ]
NOTIC: [8] Undefined variable: str E:\wamp\www\jiyexiang\App\Home\Controller\CountController.class.php 第 215 行.
SQL: SELECT * FROM `jyx_nojudge` WHERE ( uid = 2 )  [ RunTime:0.0004s ]
SQL: SELECT DISTINCT  `judgename` FROM `jyx_judge` WHERE ( uid=2 )  [ RunTime:0.0007s ]
SQL: SELECT DISTINCT  `op` FROM `jyx_judge` WHERE `judgename` = '锁数量'  [ RunTime:0.0007s ]
SQL: SELECT DISTINCT  `item` FROM `jyx_judge` WHERE `judgename` = '锁数量' LIMIT 1   [ RunTime:0.0006s ]
SQL: SELECT `contion` FROM `jyx_judge` WHERE `judgename` = '锁数量'  [ RunTime:0.0003s ]
SQL: SELECT `result` FROM `jyx_judge` WHERE `judgename` = '锁数量'  [ RunTime:0.0003s ]
SQL: SELECT DISTINCT  `op` FROM `jyx_judge` WHERE `judgename` = '锁单价'  [ RunTime:0.0007s ]
SQL: SELECT DISTINCT  `item` FROM `jyx_judge` WHERE `judgename` = '锁单价' LIMIT 1   [ RunTime:0.0011s ]
SQL: SELECT `contion` FROM `jyx_judge` WHERE `judgename` = '锁单价'  [ RunTime:0.0006s ]
SQL: SELECT `result` FROM `jyx_judge` WHERE `judgename` = '锁单价'  [ RunTime:0.0004s ]
SQL: SELECT * FROM `jyx_nojudge` WHERE ( uid = 3 )  [ RunTime:0.0004s ]
SQL: SELECT DISTINCT  `judgename` FROM `jyx_judge` WHERE ( uid=3 )  [ RunTime:0.0010s ]
SQL: SELECT DISTINCT  `op` FROM `jyx_judge` WHERE `judgename` = '封条单价'  [ RunTime:0.0010s ]
SQL: SELECT DISTINCT  `item` FROM `jyx_judge` WHERE `judgename` = '封条单价' LIMIT 1   [ RunTime:0.0007s ]
SQL: SELECT `contion` FROM `jyx_judge` WHERE `judgename` = '封条单价'  [ RunTime:0.0003s ]
SQL: SELECT `result` FROM `jyx_judge` WHERE `judgename` = '封条单价'  [ RunTime:0.0003s ]
SQL: SELECT * FROM `jyx_nojudge` WHERE ( uid = 4 )  [ RunTime:0.0003s ]
SQL: SELECT DISTINCT  `judgename` FROM `jyx_judge` WHERE ( uid=4 )  [ RunTime:0.0009s ]
SQL: SELECT * FROM `jyx_nojudge` WHERE ( uid = 6 )  [ RunTime:0.0006s ]
SQL: SELECT DISTINCT  `judgename` FROM `jyx_judge` WHERE ( uid=6 )  [ RunTime:0.0010s ]
SQL: SELECT DISTINCT  `op` FROM `jyx_judge` WHERE `judgename` = '喷塑单价'  [ RunTime:0.0010s ]
SQL: SELECT DISTINCT  `item` FROM `jyx_judge` WHERE `judgename` = '喷塑单价' LIMIT 1   [ RunTime:0.0007s ]
SQL: SELECT `contion` FROM `jyx_judge` WHERE `judgename` = '喷塑单价'  [ RunTime:0.0004s ]
SQL: SELECT `result` FROM `jyx_judge` WHERE `judgename` = '喷塑单价'  [ RunTime:0.0006s ]
SQL: SELECT * FROM `jyx_nojudge` WHERE ( uid = 7 )  [ RunTime:0.0005s ]
SQL: SELECT DISTINCT  `judgename` FROM `jyx_judge` WHERE ( uid=7 )  [ RunTime:0.0008s ]
SQL: SELECT DISTINCT  `op` FROM `jyx_judge` WHERE `judgename` = '数量'  [ RunTime:0.0008s ]
SQL: SELECT DISTINCT  `item` FROM `jyx_judge` WHERE `judgename` = '数量' LIMIT 1   [ RunTime:0.0010s ]
SQL: SELECT `contion` FROM `jyx_judge` WHERE `judgename` = '数量'  [ RunTime:0.0004s ]
SQL: SELECT `result` FROM `jyx_judge` WHERE `judgename` = '数量'  [ RunTime:0.0005s ]
SQL: SELECT * FROM `jyx_nojudge` WHERE ( uid = 8 )  [ RunTime:0.0006s ]
SQL: SELECT DISTINCT  `judgename` FROM `jyx_judge` WHERE ( uid=8 )  [ RunTime:0.0013s ]
SQL: SELECT * FROM `jyx_nojudge` WHERE ( uid = 9 )  [ RunTime:0.0007s ]
SQL: SELECT DISTINCT  `judgename` FROM `jyx_judge` WHERE ( uid=9 )  [ RunTime:0.0008s ]
SQL: SELECT DISTINCT  `op` FROM `jyx_judge` WHERE `judgename` = '附件'  [ RunTime:0.0007s ]
SQL: SELECT DISTINCT  `item` FROM `jyx_judge` WHERE `judgename` = '附件' LIMIT 1   [ RunTime:0.0006s ]
SQL: SELECT `contion` FROM `jyx_judge` WHERE `judgename` = '附件'  [ RunTime:0.0003s ]
SQL: SELECT `result` FROM `jyx_judge` WHERE `judgename` = '附件'  [ RunTime:0.0003s ]
SQL: SELECT * FROM `jyx_nojudge` WHERE ( uid = 11 )  [ RunTime:0.0003s ]
SQL: SELECT DISTINCT  `judgename` FROM `jyx_judge` WHERE ( uid=11 )  [ RunTime:0.0007s ]
SQL: SELECT * FROM `jyx_nojudge` WHERE ( uid = 12 )  [ RunTime:0.0003s ]
SQL: SELECT DISTINCT  `judgename` FROM `jyx_judge` WHERE ( uid=12 )  [ RunTime:0.0009s ]
SQL: SELECT DISTINCT  `op` FROM `jyx_judge` WHERE `judgename` = '利润点'  [ RunTime:0.0007s ]
SQL: SELECT DISTINCT  `item` FROM `jyx_judge` WHERE `judgename` = '利润点' LIMIT 1   [ RunTime:0.0006s ]
SQL: SELECT `contion` FROM `jyx_judge` WHERE `judgename` = '利润点'  [ RunTime:0.0007s ]
SQL: SELECT `result` FROM `jyx_judge` WHERE `judgename` = '利润点'  [ RunTime:0.0005s ]
SQL: SHOW COLUMNS FROM `jyx_count` [ RunTime:0.0160s ]
SQL: SELECT * FROM `jyx_count` WHERE `height` = 1600 AND `width` = 1200 AND `depth` = 2000 AND `box_depth` = 5 AND `door_depth` = 8 AND `block_depth` = 4 AND `locktype` = '铁锁' AND `type` = 'D' AND `color` = '1790' AND `xianjia` = '不要' AND `mft_type` = '机浇' AND `unit_price` = 3399  [ RunTime:0.0005s ]
NOTIC: [8] Undefined index: validate E:\wamp\www\jiyexiang\ThinkPHP\Library\Think\Model.class.php 第 1185 行.
NOTIC: [8] Undefined index: auto E:\wamp\www\jiyexiang\ThinkPHP\Library\Think\Model.class.php 第 1128 行.
NOTIC: [8] Undefined index: altis E:\wamp\www\jiyexiang\App\Home\Controller\CountController.class.php 第 263 行.
SQL: INSERT INTO `jyx_count` (`height`,`width`,`depth`,`box_depth`,`door_depth`,`block_depth`,`locktype`,`type`,`color`,`xianjia`,`mft_type`,`unit_price`,`total`,`count`,`uid`,`time`) VALUES ('1600','1200','2000','5','8','4','铁锁','D','1790','不要','机浇','3399','16996','5','38','1464486690') [ RunTime:0.0496s ]
SQL: SELECT DISTINCT  * FROM `jyx_count` WHERE ( uid = 38 )  [ RunTime:0.0005s ]
INFO: [ view_parse ] --START--
INFO: [ template_filter ] --START--
INFO: Run Behavior\ContentReplaceBehavior [ RunTime:0.000115s ]
INFO: [ template_filter ] --END-- [ RunTime:0.000300s ]
INFO: Run Behavior\ParseTemplateBehavior [ RunTime:0.020973s ]
INFO: [ view_parse ] --END-- [ RunTime:0.021180s ]
INFO: [ view_filter ] --START--
INFO: Run Behavior\WriteHtmlCacheBehavior [ RunTime:0.001305s ]
INFO: [ view_filter ] --END-- [ RunTime:0.001496s ]

[ 2016-05-29T09:51:32+08:00 ] ::1 /jiyexiang/index.php/Home/Count/showonedata.html
INFO: [ app_begin ] --START--
INFO: Run Behavior\ReadHtmlCacheBehavior [ RunTime:0.001136s ]
INFO: [ app_begin ] --END-- [ RunTime:0.002272s ]
SQL: SHOW COLUMNS FROM `jyx_site` [ RunTime:0.0200s ]
SQL: SELECT * FROM `jyx_site` WHERE `id` = 1 LIMIT 1   [ RunTime:0.0008s ]
SQL: SHOW COLUMNS FROM `jyx_judge` [ RunTime:0.0183s ]
SQL: SELECT * FROM `jyx_judge` WHERE `item` = '类型'  [ RunTime:0.0006s ]
SQL: SELECT * FROM `jyx_judge` WHERE `item` = '锁类型'  [ RunTime:0.0005s ]
SQL: SELECT * FROM `jyx_judge` WHERE `item` = '塑粉颜色'  [ RunTime:0.0007s ]
SQL: SHOW COLUMNS FROM `jyx_count` [ RunTime:0.0176s ]
SQL: SELECT * FROM `jyx_count` WHERE `uid` = 38 AND `type` = 'D' AND `height` = 1600 AND `width` = 1200 AND `depth` = 2000 AND `door_depth` = 8 AND `box_depth` = 5 AND `block_depth` = 4 AND `locktype` = '铁锁' AND `color` = '7035' AND `unit_price` = 3399 AND `count` = 5 AND `total` = 16996 LIMIT 1   [ RunTime:0.0009s ]
INFO: [ view_parse ] --START--
INFO: [ template_filter ] --START--
INFO: Run Behavior\ContentReplaceBehavior [ RunTime:0.000146s ]
INFO: [ template_filter ] --END-- [ RunTime:0.000364s ]
INFO: Run Behavior\ParseTemplateBehavior [ RunTime:0.024498s ]
INFO: [ view_parse ] --END-- [ RunTime:0.024776s ]
INFO: [ view_filter ] --START--
INFO: Run Behavior\WriteHtmlCacheBehavior [ RunTime:0.000860s ]
INFO: [ view_filter ] --END-- [ RunTime:0.001048s ]

[ 2016-05-29T09:51:33+08:00 ] ::1 /jiyexiang/index.php/Home/Count/delonedata.html
INFO: [ app_begin ] --START--
INFO: Run Behavior\ReadHtmlCacheBehavior [ RunTime:0.001146s ]
INFO: [ app_begin ] --END-- [ RunTime:0.002598s ]
SQL: SHOW COLUMNS FROM `jyx_site` [ RunTime:0.0182s ]
SQL: SELECT * FROM `jyx_site` WHERE `id` = 1 LIMIT 1   [ RunTime:0.0006s ]
SQL: SHOW COLUMNS FROM `jyx_count` [ RunTime:0.0162s ]
SQL: DELETE FROM `jyx_count` WHERE `height` = 1600 AND `width` = 1200 AND `depth` = 2000 AND `box_depth` = 5 AND `door_depth` = 8 AND `block_depth` = 4 AND `locktype` = '铁锁' AND `type` = 'D' AND `color` = '7035' AND `xianjia` = '不要' AND `mft_type` = '机浇' AND `uid` = 38 [ RunTime:0.0867s ]
SQL: SELECT DISTINCT  * FROM `jyx_count` WHERE ( uid = 38 )  [ RunTime:0.0007s ]
NOTIC: [8] Undefined variable: totalnum E:\wamp\www\jiyexiang\App\Home\Controller\CountController.class.php 第 42 行.
NOTIC: [8] Undefined variable: totalprice E:\wamp\www\jiyexiang\App\Home\Controller\CountController.class.php 第 43 行.
INFO: [ view_parse ] --START--
INFO: [ template_filter ] --START--
INFO: Run Behavior\ContentReplaceBehavior [ RunTime:0.000125s ]
INFO: [ template_filter ] --END-- [ RunTime:0.000323s ]
INFO: Run Behavior\ParseTemplateBehavior [ RunTime:0.019299s ]
INFO: [ view_parse ] --END-- [ RunTime:0.019500s ]
INFO: [ view_filter ] --START--
INFO: Run Behavior\WriteHtmlCacheBehavior [ RunTime:0.000895s ]
INFO: [ view_filter ] --END-- [ RunTime:0.001081s ]

[ 2016-05-29T09:51:33+08:00 ] ::1 /jiyexiang/index.php/Home/Count/keepdata.html
INFO: [ app_begin ] --START--
INFO: Run Behavior\ReadHtmlCacheBehavior [ RunTime:0.001337s ]
INFO: [ app_begin ] --END-- [ RunTime:0.002601s ]
SQL: SHOW COLUMNS FROM `jyx_site` [ RunTime:0.0115s ]
SQL: SELECT * FROM `jyx_site` WHERE `id` = 1 LIMIT 1   [ RunTime:0.0005s ]
SQL: SHOW COLUMNS FROM `jyx_count` [ RunTime:0.0121s ]
SQL: SELECT * FROM `jyx_count` WHERE ( uid = 38 )  [ RunTime:0.0006s ]
SQL: SHOW COLUMNS FROM `jyx_user` [ RunTime:0.0153s ]
SQL: SELECT * FROM `jyx_user` WHERE ( id = 38 ) LIMIT 1   [ RunTime:0.0006s ]
SQL: SHOW COLUMNS FROM `jyx_report_forms` [ RunTime:0.0169s ]
SQL: SELECT `time` FROM `jyx_report_forms` WHERE ( uid = 38 )  [ RunTime:0.0004s ]
SQL: INSERT INTO `jyx_report_forms` (`color`,`uid`,`name`,`selfphone`,`companyname`,`time`,`type`,`locktype`,`height`,`width`,`depth`,`box_depth`,`door_depth`,`block_depth`,`unit_price`,`count`,`total`) VALUES ('1790','38','吴桦','15927002822','华中农业大学','1464486690','D','铁锁','1600','1200','2000','5','8','4','3399','5','16996') [ RunTime:0.0581s ]

[ 2016-05-29T09:51:44+08:00 ] ::1 /jiyexiang/index.php/Home/Count/beforecount.html
INFO: [ app_begin ] --START--
INFO: Run Behavior\ReadHtmlCacheBehavior [ RunTime:0.001092s ]
INFO: [ app_begin ] --END-- [ RunTime:0.002219s ]
SQL: SHOW COLUMNS FROM `jyx_site` [ RunTime:0.0189s ]
SQL: SELECT * FROM `jyx_site` WHERE `id` = 1 LIMIT 1   [ RunTime:0.0006s ]
SQL: SHOW COLUMNS FROM `jyx_formulate` [ RunTime:0.0141s ]
SQL: SELECT `id` FROM `jyx_formulate` WHERE `formulate` LIKE '%线夹%' LIMIT 1   [ RunTime:0.0007s ]
SQL: SELECT * FROM `jyx_formulate` WHERE `status` = 1 AND `id` <> '5' ORDER BY corder asc  [ RunTime:0.0007s ]
SQL: SHOW COLUMNS FROM `jyx_nojudge` [ RunTime:0.0139s ]
SQL: SELECT * FROM `jyx_nojudge` WHERE ( uid = 1 )  [ RunTime:0.0005s ]
SQL: SHOW COLUMNS FROM `jyx_judge` [ RunTime:0.0178s ]
SQL: SELECT DISTINCT  `judgename` FROM `jyx_judge` WHERE ( uid=1 )  [ RunTime:0.0009s ]
NOTIC: [8] Undefined variable: str E:\wamp\www\jiyexiang\App\Home\Controller\CountController.class.php 第 215 行.
SQL: SELECT * FROM `jyx_nojudge` WHERE ( uid = 2 )  [ RunTime:0.0003s ]
SQL: SELECT DISTINCT  `judgename` FROM `jyx_judge` WHERE ( uid=2 )  [ RunTime:0.0006s ]
SQL: SELECT DISTINCT  `op` FROM `jyx_judge` WHERE `judgename` = '锁数量'  [ RunTime:0.0006s ]
SQL: SELECT DISTINCT  `item` FROM `jyx_judge` WHERE `judgename` = '锁数量' LIMIT 1   [ RunTime:0.0006s ]
SQL: SELECT `contion` FROM `jyx_judge` WHERE `judgename` = '锁数量'  [ RunTime:0.0005s ]
SQL: SELECT `result` FROM `jyx_judge` WHERE `judgename` = '锁数量'  [ RunTime:0.0005s ]
SQL: SELECT DISTINCT  `op` FROM `jyx_judge` WHERE `judgename` = '锁单价'  [ RunTime:0.0008s ]
SQL: SELECT DISTINCT  `item` FROM `jyx_judge` WHERE `judgename` = '锁单价' LIMIT 1   [ RunTime:0.0009s ]
SQL: SELECT `contion` FROM `jyx_judge` WHERE `judgename` = '锁单价'  [ RunTime:0.0004s ]
SQL: SELECT `result` FROM `jyx_judge` WHERE `judgename` = '锁单价'  [ RunTime:0.0003s ]
SQL: SELECT * FROM `jyx_nojudge` WHERE ( uid = 3 )  [ RunTime:0.0003s ]
SQL: SELECT DISTINCT  `judgename` FROM `jyx_judge` WHERE ( uid=3 )  [ RunTime:0.0007s ]
SQL: SELECT DISTINCT  `op` FROM `jyx_judge` WHERE `judgename` = '封条单价'  [ RunTime:0.0006s ]
SQL: SELECT DISTINCT  `item` FROM `jyx_judge` WHERE `judgename` = '封条单价' LIMIT 1   [ RunTime:0.0006s ]
SQL: SELECT `contion` FROM `jyx_judge` WHERE `judgename` = '封条单价'  [ RunTime:0.0003s ]
SQL: SELECT `result` FROM `jyx_judge` WHERE `judgename` = '封条单价'  [ RunTime:0.0003s ]
SQL: SELECT * FROM `jyx_nojudge` WHERE ( uid = 4 )  [ RunTime:0.0003s ]
SQL: SELECT DISTINCT  `judgename` FROM `jyx_judge` WHERE ( uid=4 )  [ RunTime:0.0006s ]
SQL: SELECT * FROM `jyx_nojudge` WHERE ( uid = 6 )  [ RunTime:0.0004s ]
SQL: SELECT DISTINCT  `judgename` FROM `jyx_judge` WHERE ( uid=6 )  [ RunTime:0.0007s ]
SQL: SELECT DISTINCT  `op` FROM `jyx_judge` WHERE `judgename` = '喷塑单价'  [ RunTime:0.0009s ]
SQL: SELECT DISTINCT  `item` FROM `jyx_judge` WHERE `judgename` = '喷塑单价' LIMIT 1   [ RunTime:0.0008s ]
SQL: SELECT `contion` FROM `jyx_judge` WHERE `judgename` = '喷塑单价'  [ RunTime:0.0003s ]
SQL: SELECT `result` FROM `jyx_judge` WHERE `judgename` = '喷塑单价'  [ RunTime:0.0003s ]
SQL: SELECT * FROM `jyx_nojudge` WHERE ( uid = 7 )  [ RunTime:0.0003s ]
SQL: SELECT DISTINCT  `judgename` FROM `jyx_judge` WHERE ( uid=7 )  [ RunTime:0.0007s ]
SQL: SELECT DISTINCT  `op` FROM `jyx_judge` WHERE `judgename` = '数量'  [ RunTime:0.0007s ]
SQL: SELECT DISTINCT  `item` FROM `jyx_judge` WHERE `judgename` = '数量' LIMIT 1   [ RunTime:0.0006s ]
SQL: SELECT `contion` FROM `jyx_judge` WHERE `judgename` = '数量'  [ RunTime:0.0003s ]
SQL: SELECT `result` FROM `jyx_judge` WHERE `judgename` = '数量'  [ RunTime:0.0003s ]
SQL: SELECT * FROM `jyx_nojudge` WHERE ( uid = 8 )  [ RunTime:0.0003s ]
SQL: SELECT DISTINCT  `judgename` FROM `jyx_judge` WHERE ( uid=8 )  [ RunTime:0.0006s ]
SQL: SELECT * FROM `jyx_nojudge` WHERE ( uid = 9 )  [ RunTime:0.0004s ]
SQL: SELECT DISTINCT  `judgename` FROM `jyx_judge` WHERE ( uid=9 )  [ RunTime:0.0009s ]
SQL: SELECT DISTINCT  `op` FROM `jyx_judge` WHERE `judgename` = '附件'  [ RunTime:0.0013s ]
SQL: SELECT DISTINCT  `item` FROM `jyx_judge` WHERE `judgename` = '附件' LIMIT 1   [ RunTime:0.0010s ]
SQL: SELECT `contion` FROM `jyx_judge` WHERE `judgename` = '附件'  [ RunTime:0.0007s ]
SQL: SELECT `result` FROM `jyx_judge` WHERE `judgename` = '附件'  [ RunTime:0.0007s ]
SQL: SELECT * FROM `jyx_nojudge` WHERE ( uid = 11 )  [ RunTime:0.0004s ]
SQL: SELECT DISTINCT  `judgename` FROM `jyx_judge` WHERE ( uid=11 )  [ RunTime:0.0007s ]
SQL: SELECT * FROM `jyx_nojudge` WHERE ( uid = 12 )  [ RunTime:0.0003s ]
SQL: SELECT DISTINCT  `judgename` FROM `jyx_judge` WHERE ( uid=12 )  [ RunTime:0.0006s ]
SQL: SELECT DISTINCT  `op` FROM `jyx_judge` WHERE `judgename` = '利润点'  [ RunTime:0.0007s ]
SQL: SELECT DISTINCT  `item` FROM `jyx_judge` WHERE `judgename` = '利润点' LIMIT 1   [ RunTime:0.0006s ]
SQL: SELECT `contion` FROM `jyx_judge` WHERE `judgename` = '利润点'  [ RunTime:0.0003s ]
SQL: SELECT `result` FROM `jyx_judge` WHERE `judgename` = '利润点'  [ RunTime:0.0003s ]
SQL: SHOW COLUMNS FROM `jyx_count` [ RunTime:0.0160s ]
SQL: SELECT * FROM `jyx_count` WHERE `height` = 1600 AND `width` = 1200 AND `depth` = 2000 AND `box_depth` = 5 AND `door_depth` = 4 AND `block_depth` = 4 AND `locktype` = '铁锁' AND `type` = 'D' AND `color` = '7035' AND `xianjia` = '不要' AND `mft_type` = '机浇' AND `unit_price` = 3180  [ RunTime:0.0010s ]
NOTIC: [8] Undefined index: validate E:\wamp\www\jiyexiang\ThinkPHP\Library\Think\Model.class.php 第 1185 行.
NOTIC: [8] Undefined index: auto E:\wamp\www\jiyexiang\ThinkPHP\Library\Think\Model.class.php 第 1128 行.
NOTIC: [8] Undefined index: altis E:\wamp\www\jiyexiang\App\Home\Controller\CountController.class.php 第 263 行.
SQL: INSERT INTO `jyx_count` (`height`,`width`,`depth`,`box_depth`,`door_depth`,`block_depth`,`locktype`,`type`,`color`,`xianjia`,`mft_type`,`unit_price`,`total`,`count`,`uid`,`time`) VALUES ('1600','1200','2000','5','4','4','铁锁','D','7035','不要','机浇','3180','15899','5','38','1464486704') [ RunTime:0.0460s ]
SQL: SELECT DISTINCT  * FROM `jyx_count` WHERE ( uid = 38 )  [ RunTime:0.0006s ]
INFO: [ view_parse ] --START--
INFO: [ template_filter ] --START--
INFO: Run Behavior\ContentReplaceBehavior [ RunTime:0.000289s ]
INFO: [ template_filter ] --END-- [ RunTime:0.000590s ]
INFO: Run Behavior\ParseTemplateBehavior [ RunTime:0.018902s ]
INFO: [ view_parse ] --END-- [ RunTime:0.019102s ]
INFO: [ view_filter ] --START--
INFO: Run Behavior\WriteHtmlCacheBehavior [ RunTime:0.001007s ]
INFO: [ view_filter ] --END-- [ RunTime:0.001198s ]

[ 2016-05-29T09:51:45+08:00 ] ::1 /jiyexiang/index.php/Home/Count/showonedata.html
INFO: [ app_begin ] --START--
INFO: Run Behavior\ReadHtmlCacheBehavior [ RunTime:0.001398s ]
INFO: [ app_begin ] --END-- [ RunTime:0.002727s ]
SQL: SHOW COLUMNS FROM `jyx_site` [ RunTime:0.0806s ]
SQL: SELECT * FROM `jyx_site` WHERE `id` = 1 LIMIT 1   [ RunTime:0.0005s ]
SQL: SHOW COLUMNS FROM `jyx_judge` [ RunTime:0.0162s ]
SQL: SELECT * FROM `jyx_judge` WHERE `item` = '类型'  [ RunTime:0.0008s ]
SQL: SELECT * FROM `jyx_judge` WHERE `item` = '锁类型'  [ RunTime:0.0007s ]
SQL: SELECT * FROM `jyx_judge` WHERE `item` = '塑粉颜色'  [ RunTime:0.0005s ]
SQL: SHOW COLUMNS FROM `jyx_count` [ RunTime:0.0158s ]
SQL: SELECT * FROM `jyx_count` WHERE `uid` = 38 AND `type` = 'D' AND `height` = 1600 AND `width` = 1200 AND `depth` = 2000 AND `door_depth` = 8 AND `box_depth` = 5 AND `block_depth` = 4 AND `locktype` = '铁锁' AND `color` = '1790' AND `unit_price` = 3399 AND `count` = 5 AND `total` = 16996 LIMIT 1   [ RunTime:0.0010s ]
INFO: [ view_parse ] --START--
INFO: [ template_filter ] --START--
INFO: Run Behavior\ContentReplaceBehavior [ RunTime:0.000130s ]
INFO: [ template_filter ] --END-- [ RunTime:0.000329s ]
INFO: Run Behavior\ParseTemplateBehavior [ RunTime:0.023406s ]
INFO: [ view_parse ] --END-- [ RunTime:0.023694s ]
INFO: [ view_filter ] --START--
INFO: Run Behavior\WriteHtmlCacheBehavior [ RunTime:0.001194s ]
INFO: [ view_filter ] --END-- [ RunTime:0.001448s ]

[ 2016-05-29T09:51:46+08:00 ] ::1 /jiyexiang/index.php/Home/Count/delonedata.html
INFO: [ app_begin ] --START--
INFO: Run Behavior\ReadHtmlCacheBehavior [ RunTime:0.001196s ]
INFO: [ app_begin ] --END-- [ RunTime:0.002297s ]
SQL: SHOW COLUMNS FROM `jyx_site` [ RunTime:0.0177s ]
SQL: SELECT * FROM `jyx_site` WHERE `id` = 1 LIMIT 1   [ RunTime:0.0005s ]
SQL: SHOW COLUMNS FROM `jyx_count` [ RunTime:0.0146s ]
SQL: DELETE FROM `jyx_count` WHERE `height` = 1600 AND `width` = 1200 AND `depth` = 2000 AND `box_depth` = 5 AND `door_depth` = 8 AND `block_depth` = 4 AND `locktype` = '铁锁' AND `type` = 'D' AND `color` = '1790' AND `xianjia` = '不要' AND `mft_type` = '机浇' AND `uid` = 38 [ RunTime:0.1238s ]
SQL: SELECT DISTINCT  * FROM `jyx_count` WHERE ( uid = 38 )  [ RunTime:0.0006s ]
NOTIC: [8] Undefined variable: totalnum E:\wamp\www\jiyexiang\App\Home\Controller\CountController.class.php 第 42 行.
NOTIC: [8] Undefined variable: totalprice E:\wamp\www\jiyexiang\App\Home\Controller\CountController.class.php 第 43 行.
INFO: [ view_parse ] --START--
INFO: [ template_filter ] --START--
INFO: Run Behavior\ContentReplaceBehavior [ RunTime:0.000142s ]
INFO: [ template_filter ] --END-- [ RunTime:0.000347s ]
INFO: Run Behavior\ParseTemplateBehavior [ RunTime:0.019757s ]
INFO: [ view_parse ] --END-- [ RunTime:0.019991s ]
INFO: [ view_filter ] --START--
INFO: Run Behavior\WriteHtmlCacheBehavior [ RunTime:0.001171s ]
INFO: [ view_filter ] --END-- [ RunTime:0.001393s ]

[ 2016-05-29T09:51:47+08:00 ] ::1 /jiyexiang/index.php/Home/Count/showonedata.html
INFO: [ app_begin ] --START--
INFO: Run Behavior\ReadHtmlCacheBehavior [ RunTime:0.001210s ]
INFO: [ app_begin ] --END-- [ RunTime:0.002330s ]
SQL: SHOW COLUMNS FROM `jyx_site` [ RunTime:0.0174s ]
SQL: SELECT * FROM `jyx_site` WHERE `id` = 1 LIMIT 1   [ RunTime:0.0006s ]
SQL: SHOW COLUMNS FROM `jyx_judge` [ RunTime:0.0902s ]
SQL: SELECT * FROM `jyx_judge` WHERE `item` = '类型'  [ RunTime:0.0008s ]
SQL: SELECT * FROM `jyx_judge` WHERE `item` = '锁类型'  [ RunTime:0.0007s ]
SQL: SELECT * FROM `jyx_judge` WHERE `item` = '塑粉颜色'  [ RunTime:0.0007s ]
SQL: SHOW COLUMNS FROM `jyx_count` [ RunTime:0.0555s ]
SQL: SELECT * FROM `jyx_count` WHERE `uid` = 38 AND `type` = 'D' AND `height` = 1600 AND `width` = 1200 AND `depth` = 2000 AND `door_depth` = 4 AND `box_depth` = 5 AND `block_depth` = 4 AND `locktype` = '铁锁' AND `color` = '7035' AND `unit_price` = 3180 AND `count` = 5 AND `total` = 15899 LIMIT 1   [ RunTime:0.0009s ]
INFO: [ view_parse ] --START--
INFO: [ template_filter ] --START--
INFO: Run Behavior\ContentReplaceBehavior [ RunTime:0.000179s ]
INFO: [ template_filter ] --END-- [ RunTime:0.000432s ]
INFO: Run Behavior\ParseTemplateBehavior [ RunTime:0.026495s ]
INFO: [ view_parse ] --END-- [ RunTime:0.026757s ]
INFO: [ view_filter ] --START--
INFO: Run Behavior\WriteHtmlCacheBehavior [ RunTime:0.001196s ]
INFO: [ view_filter ] --END-- [ RunTime:0.001404s ]

[ 2016-05-29T09:51:48+08:00 ] ::1 /jiyexiang/index.php/Home/Count/showonedata.html
INFO: [ app_begin ] --START--
INFO: Run Behavior\ReadHtmlCacheBehavior [ RunTime:0.001165s ]
INFO: [ app_begin ] --END-- [ RunTime:0.002528s ]
SQL: SHOW COLUMNS FROM `jyx_site` [ RunTime:0.0193s ]
SQL: SELECT * FROM `jyx_site` WHERE `id` = 1 LIMIT 1   [ RunTime:0.0006s ]
SQL: SHOW COLUMNS FROM `jyx_judge` [ RunTime:0.0465s ]
SQL: SELECT * FROM `jyx_judge` WHERE `item` = '类型'  [ RunTime:0.0010s ]
SQL: SELECT * FROM `jyx_judge` WHERE `item` = '锁类型'  [ RunTime:0.0006s ]
SQL: SELECT * FROM `jyx_judge` WHERE `item` = '塑粉颜色'  [ RunTime:0.0006s ]
SQL: SHOW COLUMNS FROM `jyx_count` [ RunTime:0.0170s ]
SQL: SELECT * FROM `jyx_count` WHERE `uid` = 38 AND `type` = 'D' AND `height` = 1600 AND `width` = 1200 AND `depth` = 2000 AND `door_depth` = 4 AND `box_depth` = 5 AND `block_depth` = 4 AND `locktype` = '铁锁' AND `color` = '7035' AND `unit_price` = 3180 AND `count` = 5 AND `total` = 15899 LIMIT 1   [ RunTime:0.0008s ]
INFO: [ view_parse ] --START--
INFO: [ template_filter ] --START--
INFO: Run Behavior\ContentReplaceBehavior [ RunTime:0.000214s ]
INFO: [ template_filter ] --END-- [ RunTime:0.000547s ]
INFO: Run Behavior\ParseTemplateBehavior [ RunTime:0.024929s ]
INFO: [ view_parse ] --END-- [ RunTime:0.025211s ]
INFO: [ view_filter ] --START--
INFO: Run Behavior\WriteHtmlCacheBehavior [ RunTime:0.000987s ]
INFO: [ view_filter ] --END-- [ RunTime:0.001181s ]

[ 2016-05-29T09:51:48+08:00 ] ::1 /jiyexiang/index.php/Home/Count/keepdata.html
INFO: [ app_begin ] --START--
INFO: Run Behavior\ReadHtmlCacheBehavior [ RunTime:0.000968s ]
INFO: [ app_begin ] --END-- [ RunTime:0.001905s ]
SQL: SHOW COLUMNS FROM `jyx_site` [ RunTime:0.0122s ]
SQL: SELECT * FROM `jyx_site` WHERE `id` = 1 LIMIT 1   [ RunTime:0.0005s ]
SQL: SHOW COLUMNS FROM `jyx_count` [ RunTime:0.0124s ]
SQL: SELECT * FROM `jyx_count` WHERE ( uid = 38 )  [ RunTime:0.0006s ]
SQL: SHOW COLUMNS FROM `jyx_user` [ RunTime:0.0334s ]
SQL: SELECT * FROM `jyx_user` WHERE ( id = 38 ) LIMIT 1   [ RunTime:0.0006s ]
SQL: SHOW COLUMNS FROM `jyx_report_forms` [ RunTime:0.0165s ]
SQL: SELECT `time` FROM `jyx_report_forms` WHERE ( uid = 38 )  [ RunTime:0.0005s ]
SQL: INSERT INTO `jyx_report_forms` (`color`,`uid`,`name`,`selfphone`,`companyname`,`time`,`type`,`locktype`,`height`,`width`,`depth`,`box_depth`,`door_depth`,`block_depth`,`unit_price`,`count`,`total`) VALUES ('7035','38','吴桦','15927002822','华中农业大学','1464486704','D','铁锁','1600','1200','2000','5','4','4','3180','5','15899') [ RunTime:0.0672s ]

[ 2016-05-29T18:15:47+08:00 ] ::1 /jiyexianglast/index.php/Home/Log/checkuser.html?user_rname=878131732
INFO: [ app_begin ] --START--
INFO: Run Behavior\ReadHtmlCacheBehavior [ RunTime:0.001478s ]
INFO: [ app_begin ] --END-- [ RunTime:0.002396s ]
SQL: SHOW COLUMNS FROM `jyx_user` [ RunTime:0.0063s ]
SQL: SELECT * FROM `jyx_user` WHERE `username` = '878131732' LIMIT 1   [ RunTime:0.0004s ]
INFO: [ app_end ] --START--
INFO: Run Behavior\ShowPageTraceBehavior [ RunTime:0.001413s ]
INFO: [ app_end ] --END-- [ RunTime:0.001551s ]

[ 2016-05-29T18:16:08+08:00 ] ::1 /jiyexianglast/index.php/Home/Log/checkemail.html?email=878131732%40qq.com
INFO: [ app_begin ] --START--
INFO: Run Behavior\ReadHtmlCacheBehavior [ RunTime:0.001222s ]
INFO: [ app_begin ] --END-- [ RunTime:0.001939s ]
SQL: SHOW COLUMNS FROM `jyx_user` [ RunTime:0.0081s ]
SQL: SELECT * FROM `jyx_user` WHERE `email` = '878131732@qq.com' LIMIT 1   [ RunTime:0.0005s ]
INFO: [ app_end ] --START--
INFO: Run Behavior\ShowPageTraceBehavior [ RunTime:0.001329s ]
INFO: [ app_end ] --END-- [ RunTime:0.001442s ]

[ 2016-05-29T18:30:39+08:00 ] ::1 /jiyexianglast/index.php/Home/Count/beforecount.html
INFO: [ app_begin ] --START--
INFO: Run Behavior\ReadHtmlCacheBehavior [ RunTime:0.001309s ]
INFO: [ app_begin ] --END-- [ RunTime:0.002046s ]
SQL: SHOW COLUMNS FROM `jyx_site` [ RunTime:0.0061s ]
SQL: SELECT * FROM `jyx_site` WHERE `id` = 1 LIMIT 1   [ RunTime:0.0006s ]

[ 2016-05-29T18:30:41+08:00 ] ::1 /jiyexianglast/index.php/Home/Count/altdata.html
INFO: [ app_begin ] --START--
INFO: Run Behavior\ReadHtmlCacheBehavior [ RunTime:0.001238s ]
INFO: [ app_begin ] --END-- [ RunTime:0.001979s ]
SQL: SHOW COLUMNS FROM `jyx_site` [ RunTime:0.0062s ]
SQL: SELECT * FROM `jyx_site` WHERE `id` = 1 LIMIT 1   [ RunTime:0.0003s ]

[ 2016-05-29T18:30:43+08:00 ] ::1 /jiyexianglast/index.php/Home/Count/delonedata.html
INFO: [ app_begin ] --START--
INFO: Run Behavior\ReadHtmlCacheBehavior [ RunTime:0.001458s ]
INFO: [ app_begin ] --END-- [ RunTime:0.002266s ]
SQL: SHOW COLUMNS FROM `jyx_site` [ RunTime:0.0059s ]
SQL: SELECT * FROM `jyx_site` WHERE `id` = 1 LIMIT 1   [ RunTime:0.0003s ]

[ 2016-05-29T18:30:44+08:00 ] ::1 /jiyexianglast/index.php/Home/Count/keepdata.html
INFO: [ app_begin ] --START--
INFO: Run Behavior\ReadHtmlCacheBehavior [ RunTime:0.001243s ]
INFO: [ app_begin ] --END-- [ RunTime:0.002002s ]
SQL: SHOW COLUMNS FROM `jyx_site` [ RunTime:0.0096s ]
SQL: SELECT * FROM `jyx_site` WHERE `id` = 1 LIMIT 1   [ RunTime:0.0003s ]
SQL: SHOW COLUMNS FROM `jyx_count` [ RunTime:0.0069s ]
SQL: SELECT * FROM `jyx_count` WHERE ( uid = 36 )  [ RunTime:0.0004s ]

[ 2016-05-29T21:39:51+08:00 ] ::1 /jiyexianglast/
ERR: SQLSTATE[HY000] [1045] Accès refusé pour l'utilisateur: 'root'@'@localhost' (mot de passe: OUI)

[ 2016-05-29T21:41:37+08:00 ] ::1 /jiyexianglast/index.php/Home/Count/altdata.html
INFO: [ app_begin ] --START--
INFO: Run Behavior\ReadHtmlCacheBehavior [ RunTime:0.002110s ]
INFO: [ app_begin ] --END-- [ RunTime:0.003797s ]
SQL: SHOW COLUMNS FROM `jyx_site` [ RunTime:0.2393s ]
SQL: SELECT * FROM `jyx_site` WHERE `id` = 1 LIMIT 1   [ RunTime:0.0004s ]

[ 2016-05-29T21:42:07+08:00 ] ::1 /jiyexianglast/index.php/Home/Count/beforecount.html
INFO: [ app_begin ] --START--
INFO: Run Behavior\ReadHtmlCacheBehavior [ RunTime:0.001226s ]
INFO: [ app_begin ] --END-- [ RunTime:0.002608s ]
SQL: SHOW COLUMNS FROM `jyx_site` [ RunTime:0.0216s ]
SQL: SELECT * FROM `jyx_site` WHERE `id` = 1 LIMIT 1   [ RunTime:0.0006s ]

[ 2016-05-29T21:43:23+08:00 ] ::1 /jiyexianglast/index.php/Home/Log/checkuser.html?user_rname=13145201
INFO: [ app_begin ] --START--
INFO: Run Behavior\ReadHtmlCacheBehavior [ RunTime:0.001488s ]
INFO: [ app_begin ] --END-- [ RunTime:0.002579s ]
SQL: SHOW COLUMNS FROM `jyx_user` [ RunTime:0.0180s ]
SQL: SELECT * FROM `jyx_user` WHERE `username` = '13145201' LIMIT 1   [ RunTime:0.0006s ]
INFO: [ app_end ] --START--
INFO: Run Behavior\ShowPageTraceBehavior [ RunTime:0.001995s ]
INFO: [ app_end ] --END-- [ RunTime:0.002206s ]

[ 2016-05-29T21:43:28+08:00 ] ::1 /jiyexianglast/index.php/Home/Log/checkuser.html?user_rname=1314520
INFO: [ app_begin ] --START--
INFO: Run Behavior\ReadHtmlCacheBehavior [ RunTime:0.001107s ]
INFO: [ app_begin ] --END-- [ RunTime:0.002081s ]
SQL: SHOW COLUMNS FROM `jyx_user` [ RunTime:0.0194s ]
SQL: SELECT * FROM `jyx_user` WHERE `username` = '1314520' LIMIT 1   [ RunTime:0.0007s ]
INFO: [ app_end ] --START--
INFO: Run Behavior\ShowPageTraceBehavior [ RunTime:0.002005s ]
INFO: [ app_end ] --END-- [ RunTime:0.002219s ]

[ 2016-05-29T21:43:32+08:00 ] ::1 /jiyexianglast/index.php/Home/Log/checkuser.html?user_rname=31415926
INFO: [ app_begin ] --START--
INFO: Run Behavior\ReadHtmlCacheBehavior [ RunTime:0.001080s ]
INFO: [ app_begin ] --END-- [ RunTime:0.002287s ]
SQL: SHOW COLUMNS FROM `jyx_user` [ RunTime:0.0184s ]
SQL: SELECT * FROM `jyx_user` WHERE `username` = '31415926' LIMIT 1   [ RunTime:0.0006s ]
INFO: [ app_end ] --START--
INFO: Run Behavior\ShowPageTraceBehavior [ RunTime:0.001952s ]
INFO: [ app_end ] --END-- [ RunTime:0.002159s ]

[ 2016-05-29T21:43:55+08:00 ] ::1 /jiyexianglast/index.php/Home/Log/checkemail.html?email=22892822%40qq.com
INFO: [ app_begin ] --START--
INFO: Run Behavior\ReadHtmlCacheBehavior [ RunTime:0.001688s ]
INFO: [ app_begin ] --END-- [ RunTime:0.003007s ]
SQL: SHOW COLUMNS FROM `jyx_user` [ RunTime:0.0200s ]
SQL: SELECT * FROM `jyx_user` WHERE `email` = '22892822@qq.com' LIMIT 1   [ RunTime:0.0008s ]
INFO: [ app_end ] --START--
INFO: Run Behavior\ShowPageTraceBehavior [ RunTime:0.001595s ]
INFO: [ app_end ] --END-- [ RunTime:0.001803s ]

[ 2016-05-29T21:44:00+08:00 ] ::1 /jiyexianglast/index.php/Home/Log/checkemail.html?email=22892%40qq.com
INFO: [ app_begin ] --START--
INFO: Run Behavior\ReadHtmlCacheBehavior [ RunTime:0.001235s ]
INFO: [ app_begin ] --END-- [ RunTime:0.002342s ]
SQL: SHOW COLUMNS FROM `jyx_user` [ RunTime:0.0321s ]
SQL: SELECT * FROM `jyx_user` WHERE `email` = '22892@qq.com' LIMIT 1   [ RunTime:0.0007s ]
INFO: [ app_end ] --START--
INFO: Run Behavior\ShowPageTraceBehavior [ RunTime:0.001835s ]
INFO: [ app_end ] --END-- [ RunTime:0.002080s ]

[ 2016-05-29T22:24:26+08:00 ] ::1 /jiyexianglast/c
ERR: 无法加载控制器:C

