[ 2016-07-12T12:14:18+08:00 ] ::1 /jiyexiang/Count/beforecount.jyx
INFO: [ app_begin ] --START--
INFO: Run Behavior\ReadHtmlCacheBehavior [ RunTime:0.002145s ]
INFO: [ app_begin ] --END-- [ RunTime:0.003767s ]
SQL: SHOW COLUMNS FROM `jyx_site` [ RunTime:0.0095s ]
SQL: SELECT * FROM `jyx_site` WHERE `id` = 1 LIMIT 1   [ RunTime:0.0005s ]
SQL: SHOW COLUMNS FROM `jyx_formulate` [ RunTime:0.0909s ]
SQL: SELECT * FROM `jyx_formulate` WHERE ( status = 1 ) ORDER BY corder asc  [ RunTime:0.0008s ]
SQL: SHOW COLUMNS FROM `jyx_nojudge` [ RunTime:0.0216s ]
SQL: SELECT * FROM `jyx_nojudge` WHERE ( uid = 1 )  [ RunTime:0.0082s ]
SQL: SHOW COLUMNS FROM `jyx_judge` [ RunTime:0.0102s ]
SQL: SELECT DISTINCT  `judgename` FROM `jyx_judge` WHERE ( uid=1 )  [ RunTime:0.0087s ]
NOTIC: [8] Undefined variable: str E:\wamp\www\jiyexiang\App\Home\Controller\CountController.class.php 第 217 行.
SQL: SELECT * FROM `jyx_nojudge` WHERE ( uid = 2 )  [ RunTime:0.0008s ]
SQL: SELECT DISTINCT  `judgename` FROM `jyx_judge` WHERE ( uid=2 )  [ RunTime:0.0009s ]
SQL: SELECT DISTINCT  `op` FROM `jyx_judge` WHERE `judgename` = '锁数量'  [ RunTime:0.0006s ]
SQL: SELECT DISTINCT  `item` FROM `jyx_judge` WHERE `judgename` = '锁数量' LIMIT 1   [ RunTime:0.0005s ]
SQL: SELECT `contion` FROM `jyx_judge` WHERE `judgename` = '锁数量'  [ RunTime:0.0003s ]
SQL: SELECT `result` FROM `jyx_judge` WHERE `judgename` = '锁数量'  [ RunTime:0.0004s ]
SQL: SELECT DISTINCT  `op` FROM `jyx_judge` WHERE `judgename` = '锁单价'  [ RunTime:0.0007s ]
SQL: SELECT DISTINCT  `item` FROM `jyx_judge` WHERE `judgename` = '锁单价' LIMIT 1   [ RunTime:0.0005s ]
SQL: SELECT `contion` FROM `jyx_judge` WHERE `judgename` = '锁单价'  [ RunTime:0.0003s ]
SQL: SELECT `result` FROM `jyx_judge` WHERE `judgename` = '锁单价'  [ RunTime:0.0004s ]
SQL: SELECT * FROM `jyx_nojudge` WHERE ( uid = 3 )  [ RunTime:0.0003s ]
SQL: SELECT DISTINCT  `judgename` FROM `jyx_judge` WHERE ( uid=3 )  [ RunTime:0.0009s ]
SQL: SELECT DISTINCT  `op` FROM `jyx_judge` WHERE `judgename` = '封条单价'  [ RunTime:0.0008s ]
SQL: SELECT DISTINCT  `item` FROM `jyx_judge` WHERE `judgename` = '封条单价' LIMIT 1   [ RunTime:0.0007s ]
SQL: SELECT `contion` FROM `jyx_judge` WHERE `judgename` = '封条单价'  [ RunTime:0.0003s ]
SQL: SELECT `result` FROM `jyx_judge` WHERE `judgename` = '封条单价'  [ RunTime:0.0003s ]
SQL: SELECT * FROM `jyx_nojudge` WHERE ( uid = 4 )  [ RunTime:0.0004s ]
SQL: SELECT DISTINCT  `judgename` FROM `jyx_judge` WHERE ( uid=4 )  [ RunTime:0.0009s ]
SQL: SELECT * FROM `jyx_nojudge` WHERE ( uid = 5 )  [ RunTime:0.0003s ]
SQL: SELECT DISTINCT  `judgename` FROM `jyx_judge` WHERE ( uid=5 )  [ RunTime:0.0005s ]
SQL: SELECT * FROM `jyx_nojudge` WHERE ( uid = 6 )  [ RunTime:0.0003s ]
SQL: SELECT DISTINCT  `judgename` FROM `jyx_judge` WHERE ( uid=6 )  [ RunTime:0.0005s ]
SQL: SELECT DISTINCT  `op` FROM `jyx_judge` WHERE `judgename` = '喷塑单价'  [ RunTime:0.0005s ]
SQL: SELECT DISTINCT  `item` FROM `jyx_judge` WHERE `judgename` = '喷塑单价' LIMIT 1   [ RunTime:0.0005s ]
SQL: SELECT `contion` FROM `jyx_judge` WHERE `judgename` = '喷塑单价'  [ RunTime:0.0003s ]
SQL: SELECT `result` FROM `jyx_judge` WHERE `judgename` = '喷塑单价'  [ RunTime:0.0005s ]
SQL: SELECT * FROM `jyx_nojudge` WHERE ( uid = 7 )  [ RunTime:0.0003s ]
SQL: SELECT DISTINCT  `judgename` FROM `jyx_judge` WHERE ( uid=7 )  [ RunTime:0.0008s ]
SQL: SELECT DISTINCT  `op` FROM `jyx_judge` WHERE `judgename` = '数量'  [ RunTime:0.0006s ]
SQL: SELECT DISTINCT  `item` FROM `jyx_judge` WHERE `judgename` = '数量' LIMIT 1   [ RunTime:0.0005s ]
SQL: SELECT `contion` FROM `jyx_judge` WHERE `judgename` = '数量'  [ RunTime:0.0003s ]
SQL: SELECT `result` FROM `jyx_judge` WHERE `judgename` = '数量'  [ RunTime:0.0003s ]
SQL: SELECT * FROM `jyx_nojudge` WHERE ( uid = 8 )  [ RunTime:0.0003s ]
SQL: SELECT DISTINCT  `judgename` FROM `jyx_judge` WHERE ( uid=8 )  [ RunTime:0.0005s ]
SQL: SELECT * FROM `jyx_nojudge` WHERE ( uid = 9 )  [ RunTime:0.0003s ]
SQL: SELECT DISTINCT  `judgename` FROM `jyx_judge` WHERE ( uid=9 )  [ RunTime:0.0005s ]
SQL: SELECT DISTINCT  `op` FROM `jyx_judge` WHERE `judgename` = '附件'  [ RunTime:0.0009s ]
SQL: SELECT DISTINCT  `item` FROM `jyx_judge` WHERE `judgename` = '附件' LIMIT 1   [ RunTime:0.0007s ]
SQL: SELECT `contion` FROM `jyx_judge` WHERE `judgename` = '附件'  [ RunTime:0.0003s ]
SQL: SELECT `result` FROM `jyx_judge` WHERE `judgename` = '附件'  [ RunTime:0.0003s ]
SQL: SELECT * FROM `jyx_nojudge` WHERE ( uid = 10 )  [ RunTime:0.0004s ]
SQL: SELECT DISTINCT  `judgename` FROM `jyx_judge` WHERE ( uid=10 )  [ RunTime:0.0007s ]
SQL: SELECT * FROM `jyx_nojudge` WHERE ( uid = 12 )  [ RunTime:0.0004s ]
SQL: SELECT DISTINCT  `judgename` FROM `jyx_judge` WHERE ( uid=12 )  [ RunTime:0.0007s ]
SQL: SELECT DISTINCT  `op` FROM `jyx_judge` WHERE `judgename` = '利润点'  [ RunTime:0.0007s ]
SQL: SELECT DISTINCT  `item` FROM `jyx_judge` WHERE `judgename` = '利润点' LIMIT 1   [ RunTime:0.0006s ]
SQL: SELECT `contion` FROM `jyx_judge` WHERE `judgename` = '利润点'  [ RunTime:0.0004s ]
SQL: SELECT `result` FROM `jyx_judge` WHERE `judgename` = '利润点'  [ RunTime:0.0003s ]
SQL: SHOW COLUMNS FROM `jyx_count` [ RunTime:0.0110s ]
SQL: SELECT * FROM `jyx_count` WHERE `height` = 1111 AND `width` = 1199 AND `depth` = 2000 AND `box_depth` = 2 AND `door_depth` = 1 AND `block_depth` = 2 AND `locktype` = '铁锁' AND `type` = 'D' AND `color` = '7035' AND `xianjia` = '要' AND `mft_type` = '机浇' AND `unit_price` = 1330  [ RunTime:0.0006s ]
NOTIC: [8] Undefined index: validate E:\wamp\www\jiyexiang\ThinkPHP\Library\Think\Model.class.php 第 1185 行.
NOTIC: [8] Undefined index: auto E:\wamp\www\jiyexiang\ThinkPHP\Library\Think\Model.class.php 第 1128 行.
NOTIC: [8] Undefined index: altis E:\wamp\www\jiyexiang\App\Home\Controller\CountController.class.php 第 265 行.
SQL: INSERT INTO `jyx_count` (`height`,`width`,`depth`,`box_depth`,`door_depth`,`block_depth`,`locktype`,`type`,`color`,`xianjia`,`mft_type`,`unit_price`,`total`,`count`,`uid`,`time`) VALUES ('1111','1199','2000','2','1','2','铁锁','D','7035','要','机浇','1330','2661','2','41','1468296858') [ RunTime:0.0907s ]
SQL: SELECT DISTINCT  * FROM `jyx_count` WHERE ( uid = 41 )  [ RunTime:0.0220s ]
INFO: [ view_parse ] --START--
INFO: [ template_filter ] --START--
INFO: Run Behavior\ContentReplaceBehavior [ RunTime:0.000128s ]
INFO: [ template_filter ] --END-- [ RunTime:0.000329s ]
INFO: Run Behavior\ParseTemplateBehavior [ RunTime:0.033744s ]
INFO: [ view_parse ] --END-- [ RunTime:0.033965s ]
INFO: [ view_filter ] --START--
INFO: Run Behavior\WriteHtmlCacheBehavior [ RunTime:0.001953s ]
INFO: [ view_filter ] --END-- [ RunTime:0.002143s ]

[ 2016-07-12T12:14:22+08:00 ] ::1 /jiyexiang/Count/beforecount.jyx
INFO: [ app_begin ] --START--
INFO: Run Behavior\ReadHtmlCacheBehavior [ RunTime:0.002328s ]
INFO: [ app_begin ] --END-- [ RunTime:0.003564s ]
SQL: SHOW COLUMNS FROM `jyx_site` [ RunTime:0.0099s ]
SQL: SELECT * FROM `jyx_site` WHERE `id` = 1 LIMIT 1   [ RunTime:0.0006s ]
SQL: SHOW COLUMNS FROM `jyx_formulate` [ RunTime:0.0099s ]
SQL: SELECT * FROM `jyx_formulate` WHERE ( status = 1 ) ORDER BY corder asc  [ RunTime:0.0006s ]
SQL: SHOW COLUMNS FROM `jyx_nojudge` [ RunTime:0.0106s ]
SQL: SELECT * FROM `jyx_nojudge` WHERE ( uid = 1 )  [ RunTime:0.0005s ]
SQL: SHOW COLUMNS FROM `jyx_judge` [ RunTime:0.0107s ]
SQL: SELECT DISTINCT  `judgename` FROM `jyx_judge` WHERE ( uid=1 )  [ RunTime:0.0008s ]
NOTIC: [8] Undefined variable: str E:\wamp\www\jiyexiang\App\Home\Controller\CountController.class.php 第 217 行.
SQL: SELECT * FROM `jyx_nojudge` WHERE ( uid = 2 )  [ RunTime:0.0003s ]
SQL: SELECT DISTINCT  `judgename` FROM `jyx_judge` WHERE ( uid=2 )  [ RunTime:0.0005s ]
SQL: SELECT DISTINCT  `op` FROM `jyx_judge` WHERE `judgename` = '锁数量'  [ RunTime:0.0005s ]
SQL: SELECT DISTINCT  `item` FROM `jyx_judge` WHERE `judgename` = '锁数量' LIMIT 1   [ RunTime:0.0006s ]
SQL: SELECT `contion` FROM `jyx_judge` WHERE `judgename` = '锁数量'  [ RunTime:0.0003s ]
SQL: SELECT `result` FROM `jyx_judge` WHERE `judgename` = '锁数量'  [ RunTime:0.0003s ]
SQL: SELECT DISTINCT  `op` FROM `jyx_judge` WHERE `judgename` = '锁单价'  [ RunTime:0.0005s ]
SQL: SELECT DISTINCT  `item` FROM `jyx_judge` WHERE `judgename` = '锁单价' LIMIT 1   [ RunTime:0.0005s ]
SQL: SELECT `contion` FROM `jyx_judge` WHERE `judgename` = '锁单价'  [ RunTime:0.0003s ]
SQL: SELECT `result` FROM `jyx_judge` WHERE `judgename` = '锁单价'  [ RunTime:0.0003s ]
SQL: SELECT * FROM `jyx_nojudge` WHERE ( uid = 3 )  [ RunTime:0.0003s ]
SQL: SELECT DISTINCT  `judgename` FROM `jyx_judge` WHERE ( uid=3 )  [ RunTime:0.0006s ]
SQL: SELECT DISTINCT  `op` FROM `jyx_judge` WHERE `judgename` = '封条单价'  [ RunTime:0.0007s ]
SQL: SELECT DISTINCT  `item` FROM `jyx_judge` WHERE `judgename` = '封条单价' LIMIT 1   [ RunTime:0.0006s ]
SQL: SELECT `contion` FROM `jyx_judge` WHERE `judgename` = '封条单价'  [ RunTime:0.0003s ]
SQL: SELECT `result` FROM `jyx_judge` WHERE `judgename` = '封条单价'  [ RunTime:0.0003s ]
SQL: SELECT * FROM `jyx_nojudge` WHERE ( uid = 4 )  [ RunTime:0.0003s ]
SQL: SELECT DISTINCT  `judgename` FROM `jyx_judge` WHERE ( uid=4 )  [ RunTime:0.0009s ]
SQL: SELECT * FROM `jyx_nojudge` WHERE ( uid = 5 )  [ RunTime:0.0003s ]
SQL: SELECT DISTINCT  `judgename` FROM `jyx_judge` WHERE ( uid=5 )  [ RunTime:0.0007s ]
SQL: SELECT * FROM `jyx_nojudge` WHERE ( uid = 6 )  [ RunTime:0.0003s ]
SQL: SELECT DISTINCT  `judgename` FROM `jyx_judge` WHERE ( uid=6 )  [ RunTime:0.0006s ]
SQL: SELECT DISTINCT  `op` FROM `jyx_judge` WHERE `judgename` = '喷塑单价'  [ RunTime:0.0007s ]
SQL: SELECT DISTINCT  `item` FROM `jyx_judge` WHERE `judgename` = '喷塑单价' LIMIT 1   [ RunTime:0.0005s ]
SQL: SELECT `contion` FROM `jyx_judge` WHERE `judgename` = '喷塑单价'  [ RunTime:0.0003s ]
SQL: SELECT `result` FROM `jyx_judge` WHERE `judgename` = '喷塑单价'  [ RunTime:0.0003s ]
SQL: SELECT * FROM `jyx_nojudge` WHERE ( uid = 7 )  [ RunTime:0.0003s ]
SQL: SELECT DISTINCT  `judgename` FROM `jyx_judge` WHERE ( uid=7 )  [ RunTime:0.0005s ]
SQL: SELECT DISTINCT  `op` FROM `jyx_judge` WHERE `judgename` = '数量'  [ RunTime:0.0005s ]
SQL: SELECT DISTINCT  `item` FROM `jyx_judge` WHERE `judgename` = '数量' LIMIT 1   [ RunTime:0.0005s ]
SQL: SELECT `contion` FROM `jyx_judge` WHERE `judgename` = '数量'  [ RunTime:0.0003s ]
SQL: SELECT `result` FROM `jyx_judge` WHERE `judgename` = '数量'  [ RunTime:0.0003s ]
SQL: SELECT * FROM `jyx_nojudge` WHERE ( uid = 8 )  [ RunTime:0.0003s ]
SQL: SELECT DISTINCT  `judgename` FROM `jyx_judge` WHERE ( uid=8 )  [ RunTime:0.0005s ]
SQL: SELECT * FROM `jyx_nojudge` WHERE ( uid = 9 )  [ RunTime:0.0003s ]
SQL: SELECT DISTINCT  `judgename` FROM `jyx_judge` WHERE ( uid=9 )  [ RunTime:0.0005s ]
SQL: SELECT DISTINCT  `op` FROM `jyx_judge` WHERE `judgename` = '附件'  [ RunTime:0.0007s ]
SQL: SELECT DISTINCT  `item` FROM `jyx_judge` WHERE `judgename` = '附件' LIMIT 1   [ RunTime:0.0005s ]
SQL: SELECT `contion` FROM `jyx_judge` WHERE `judgename` = '附件'  [ RunTime:0.0003s ]
SQL: SELECT `result` FROM `jyx_judge` WHERE `judgename` = '附件'  [ RunTime:0.0003s ]
SQL: SELECT * FROM `jyx_nojudge` WHERE ( uid = 10 )  [ RunTime:0.0005s ]
SQL: SELECT DISTINCT  `judgename` FROM `jyx_judge` WHERE ( uid=10 )  [ RunTime:0.0008s ]
SQL: SELECT * FROM `jyx_nojudge` WHERE ( uid = 12 )  [ RunTime:0.0004s ]
SQL: SELECT DISTINCT  `judgename` FROM `jyx_judge` WHERE ( uid=12 )  [ RunTime:0.0007s ]
SQL: SELECT DISTINCT  `op` FROM `jyx_judge` WHERE `judgename` = '利润点'  [ RunTime:0.0005s ]
SQL: SELECT DISTINCT  `item` FROM `jyx_judge` WHERE `judgename` = '利润点' LIMIT 1   [ RunTime:0.0005s ]
SQL: SELECT `contion` FROM `jyx_judge` WHERE `judgename` = '利润点'  [ RunTime:0.0003s ]
SQL: SELECT `result` FROM `jyx_judge` WHERE `judgename` = '利润点'  [ RunTime:0.0004s ]
SQL: SHOW COLUMNS FROM `jyx_count` [ RunTime:0.0104s ]
SQL: SELECT * FROM `jyx_count` WHERE `height` = 1111 AND `width` = 1199 AND `depth` = 2000 AND `box_depth` = 2 AND `door_depth` = 1 AND `block_depth` = 2 AND `locktype` = '铁锁' AND `type` = 'D' AND `color` = '7035' AND `xianjia` = '要' AND `mft_type` = '机浇' AND `unit_price` = 1330  [ RunTime:0.0006s ]

[ 2016-07-12T12:14:24+08:00 ] ::1 /jiyexiang/Count/showonedata.jyx
INFO: [ app_begin ] --START--
INFO: Run Behavior\ReadHtmlCacheBehavior [ RunTime:0.002015s ]
INFO: [ app_begin ] --END-- [ RunTime:0.003418s ]
SQL: SHOW COLUMNS FROM `jyx_site` [ RunTime:0.0103s ]
SQL: SELECT * FROM `jyx_site` WHERE `id` = 1 LIMIT 1   [ RunTime:0.0009s ]
SQL: SHOW COLUMNS FROM `jyx_judge` [ RunTime:0.0103s ]
SQL: SELECT * FROM `jyx_judge` WHERE `item` = '类型'  [ RunTime:0.0005s ]
SQL: SELECT * FROM `jyx_judge` WHERE `item` = '锁类型'  [ RunTime:0.0004s ]
SQL: SELECT * FROM `jyx_judge` WHERE `item` = '塑粉颜色'  [ RunTime:0.0003s ]
SQL: SHOW COLUMNS FROM `jyx_count` [ RunTime:0.0113s ]
SQL: SELECT * FROM `jyx_count` WHERE `uid` = 41 AND `type` = 'D' AND `height` = 1111 AND `width` = 1199 AND `depth` = 2000 AND `door_depth` = 1 AND `box_depth` = 2 AND `block_depth` = 2 AND `locktype` = '铁锁' AND `color` = '7035' AND `unit_price` = 1330 AND `count` = 2 AND `total` = 2661 LIMIT 1   [ RunTime:0.0007s ]
INFO: [ view_parse ] --START--
INFO: [ template_filter ] --START--
INFO: Run Behavior\ContentReplaceBehavior [ RunTime:0.000138s ]
INFO: [ template_filter ] --END-- [ RunTime:0.000355s ]
INFO: Run Behavior\ParseTemplateBehavior [ RunTime:0.055620s ]
INFO: [ view_parse ] --END-- [ RunTime:0.055837s ]
INFO: [ view_filter ] --START--
INFO: Run Behavior\WriteHtmlCacheBehavior [ RunTime:0.002041s ]
INFO: [ view_filter ] --END-- [ RunTime:0.002250s ]

[ 2016-07-12T12:14:26+08:00 ] ::1 /jiyexiang/Count/showonedata.jyx
INFO: [ app_begin ] --START--
INFO: Run Behavior\ReadHtmlCacheBehavior [ RunTime:0.002059s ]
INFO: [ app_begin ] --END-- [ RunTime:0.003330s ]
SQL: SHOW COLUMNS FROM `jyx_site` [ RunTime:0.0106s ]
SQL: SELECT * FROM `jyx_site` WHERE `id` = 1 LIMIT 1   [ RunTime:0.0005s ]
SQL: SHOW COLUMNS FROM `jyx_judge` [ RunTime:0.0107s ]
SQL: SELECT * FROM `jyx_judge` WHERE `item` = '类型'  [ RunTime:0.0006s ]
SQL: SELECT * FROM `jyx_judge` WHERE `item` = '锁类型'  [ RunTime:0.0004s ]
SQL: SELECT * FROM `jyx_judge` WHERE `item` = '塑粉颜色'  [ RunTime:0.0004s ]
SQL: SHOW COLUMNS FROM `jyx_count` [ RunTime:0.0128s ]
SQL: SELECT * FROM `jyx_count` WHERE `uid` = 41 AND `type` = 'D' AND `height` = 1111 AND `width` = 1199 AND `depth` = 2000 AND `door_depth` = 1 AND `box_depth` = 2 AND `block_depth` = 2 AND `locktype` = '铁锁' AND `color` = '7035' AND `unit_price` = 1330 AND `count` = 2 AND `total` = 2661 LIMIT 1   [ RunTime:0.0008s ]
INFO: [ view_parse ] --START--
INFO: [ template_filter ] --START--
INFO: Run Behavior\ContentReplaceBehavior [ RunTime:0.000177s ]
INFO: [ template_filter ] --END-- [ RunTime:0.000457s ]
INFO: Run Behavior\ParseTemplateBehavior [ RunTime:0.030584s ]
INFO: [ view_parse ] --END-- [ RunTime:0.030822s ]
INFO: [ view_filter ] --START--
INFO: Run Behavior\WriteHtmlCacheBehavior [ RunTime:0.002422s ]
INFO: [ view_filter ] --END-- [ RunTime:0.002636s ]

[ 2016-07-12T12:14:26+08:00 ] ::1 /jiyexiang/Count/altdata.jyx
INFO: [ app_begin ] --START--
INFO: Run Behavior\ReadHtmlCacheBehavior [ RunTime:0.002370s ]
INFO: [ app_begin ] --END-- [ RunTime:0.003597s ]
SQL: SHOW COLUMNS FROM `jyx_site` [ RunTime:0.0099s ]
SQL: SELECT * FROM `jyx_site` WHERE `id` = 1 LIMIT 1   [ RunTime:0.0005s ]
SQL: SHOW COLUMNS FROM `jyx_formulate` [ RunTime:0.0091s ]
SQL: SELECT * FROM `jyx_formulate` WHERE ( status = 1 ) ORDER BY corder asc  [ RunTime:0.0007s ]
SQL: SHOW COLUMNS FROM `jyx_nojudge` [ RunTime:0.0102s ]
SQL: SELECT * FROM `jyx_nojudge` WHERE ( uid = 1 )  [ RunTime:0.0005s ]
SQL: SHOW COLUMNS FROM `jyx_judge` [ RunTime:0.0112s ]
SQL: SELECT DISTINCT  `judgename` FROM `jyx_judge` WHERE ( uid=1 )  [ RunTime:0.0008s ]
NOTIC: [8] Undefined variable: str E:\wamp\www\jiyexiang\App\Home\Controller\CountController.class.php 第 217 行.
SQL: SELECT * FROM `jyx_nojudge` WHERE ( uid = 2 )  [ RunTime:0.0004s ]
SQL: SELECT DISTINCT  `judgename` FROM `jyx_judge` WHERE ( uid=2 )  [ RunTime:0.0007s ]
SQL: SELECT DISTINCT  `op` FROM `jyx_judge` WHERE `judgename` = '锁数量'  [ RunTime:0.0007s ]
SQL: SELECT DISTINCT  `item` FROM `jyx_judge` WHERE `judgename` = '锁数量' LIMIT 1   [ RunTime:0.0006s ]
SQL: SELECT `contion` FROM `jyx_judge` WHERE `judgename` = '锁数量'  [ RunTime:0.0004s ]
SQL: SELECT `result` FROM `jyx_judge` WHERE `judgename` = '锁数量'  [ RunTime:0.0005s ]
SQL: SELECT DISTINCT  `op` FROM `jyx_judge` WHERE `judgename` = '锁单价'  [ RunTime:0.0007s ]
SQL: SELECT DISTINCT  `item` FROM `jyx_judge` WHERE `judgename` = '锁单价' LIMIT 1   [ RunTime:0.0007s ]
SQL: SELECT `contion` FROM `jyx_judge` WHERE `judgename` = '锁单价'  [ RunTime:0.0003s ]
SQL: SELECT `result` FROM `jyx_judge` WHERE `judgename` = '锁单价'  [ RunTime:0.0003s ]
SQL: SELECT * FROM `jyx_nojudge` WHERE ( uid = 3 )  [ RunTime:0.0003s ]
SQL: SELECT DISTINCT  `judgename` FROM `jyx_judge` WHERE ( uid=3 )  [ RunTime:0.0007s ]
SQL: SELECT DISTINCT  `op` FROM `jyx_judge` WHERE `judgename` = '封条单价'  [ RunTime:0.0007s ]
SQL: SELECT DISTINCT  `item` FROM `jyx_judge` WHERE `judgename` = '封条单价' LIMIT 1   [ RunTime:0.0007s ]
SQL: SELECT `contion` FROM `jyx_judge` WHERE `judgename` = '封条单价'  [ RunTime:0.0003s ]
SQL: SELECT `result` FROM `jyx_judge` WHERE `judgename` = '封条单价'  [ RunTime:0.0003s ]
SQL: SELECT * FROM `jyx_nojudge` WHERE ( uid = 4 )  [ RunTime:0.0003s ]
SQL: SELECT DISTINCT  `judgename` FROM `jyx_judge` WHERE ( uid=4 )  [ RunTime:0.0009s ]
SQL: SELECT * FROM `jyx_nojudge` WHERE ( uid = 5 )  [ RunTime:0.0003s ]
SQL: SELECT DISTINCT  `judgename` FROM `jyx_judge` WHERE ( uid=5 )  [ RunTime:0.0009s ]
SQL: SELECT * FROM `jyx_nojudge` WHERE ( uid = 6 )  [ RunTime:0.0004s ]
SQL: SELECT DISTINCT  `judgename` FROM `jyx_judge` WHERE ( uid=6 )  [ RunTime:0.0007s ]
SQL: SELECT DISTINCT  `op` FROM `jyx_judge` WHERE `judgename` = '喷塑单价'  [ RunTime:0.0007s ]
SQL: SELECT DISTINCT  `item` FROM `jyx_judge` WHERE `judgename` = '喷塑单价' LIMIT 1   [ RunTime:0.0006s ]
SQL: SELECT `contion` FROM `jyx_judge` WHERE `judgename` = '喷塑单价'  [ RunTime:0.0003s ]
SQL: SELECT `result` FROM `jyx_judge` WHERE `judgename` = '喷塑单价'  [ RunTime:0.0003s ]
SQL: SELECT * FROM `jyx_nojudge` WHERE ( uid = 7 )  [ RunTime:0.0003s ]
SQL: SELECT DISTINCT  `judgename` FROM `jyx_judge` WHERE ( uid=7 )  [ RunTime:0.0007s ]
SQL: SELECT DISTINCT  `op` FROM `jyx_judge` WHERE `judgename` = '数量'  [ RunTime:0.0007s ]
SQL: SELECT DISTINCT  `item` FROM `jyx_judge` WHERE `judgename` = '数量' LIMIT 1   [ RunTime:0.0007s ]
SQL: SELECT `contion` FROM `jyx_judge` WHERE `judgename` = '数量'  [ RunTime:0.0003s ]
SQL: SELECT `result` FROM `jyx_judge` WHERE `judgename` = '数量'  [ RunTime:0.0003s ]
SQL: SELECT * FROM `jyx_nojudge` WHERE ( uid = 8 )  [ RunTime:0.0005s ]
SQL: SELECT DISTINCT  `judgename` FROM `jyx_judge` WHERE ( uid=8 )  [ RunTime:0.0008s ]
SQL: SELECT * FROM `jyx_nojudge` WHERE ( uid = 9 )  [ RunTime:0.0003s ]
SQL: SELECT DISTINCT  `judgename` FROM `jyx_judge` WHERE ( uid=9 )  [ RunTime:0.0006s ]
SQL: SELECT DISTINCT  `op` FROM `jyx_judge` WHERE `judgename` = '附件'  [ RunTime:0.0006s ]
SQL: SELECT DISTINCT  `item` FROM `jyx_judge` WHERE `judgename` = '附件' LIMIT 1   [ RunTime:0.0005s ]
SQL: SELECT `contion` FROM `jyx_judge` WHERE `judgename` = '附件'  [ RunTime:0.0003s ]
SQL: SELECT `result` FROM `jyx_judge` WHERE `judgename` = '附件'  [ RunTime:0.0003s ]
SQL: SELECT * FROM `jyx_nojudge` WHERE ( uid = 10 )  [ RunTime:0.0003s ]
SQL: SELECT DISTINCT  `judgename` FROM `jyx_judge` WHERE ( uid=10 )  [ RunTime:0.0006s ]
SQL: SELECT * FROM `jyx_nojudge` WHERE ( uid = 12 )  [ RunTime:0.0003s ]
SQL: SELECT DISTINCT  `judgename` FROM `jyx_judge` WHERE ( uid=12 )  [ RunTime:0.0007s ]
SQL: SELECT DISTINCT  `op` FROM `jyx_judge` WHERE `judgename` = '利润点'  [ RunTime:0.0005s ]
SQL: SELECT DISTINCT  `item` FROM `jyx_judge` WHERE `judgename` = '利润点' LIMIT 1   [ RunTime:0.0005s ]
SQL: SELECT `contion` FROM `jyx_judge` WHERE `judgename` = '利润点'  [ RunTime:0.0003s ]
SQL: SELECT `result` FROM `jyx_judge` WHERE `judgename` = '利润点'  [ RunTime:0.0003s ]
SQL: SHOW COLUMNS FROM `jyx_count` [ RunTime:0.0120s ]
SQL: SELECT * FROM `jyx_count` WHERE `height` = 1111 AND `width` = 1199 AND `depth` = 2000 AND `box_depth` = 2 AND `door_depth` = 1 AND `block_depth` = 2 AND `locktype` = '铁锁' AND `type` = 'D' AND `color` = '7035' AND `xianjia` = '要' AND `mft_type` = '机浇' AND `unit_price` = 1330  [ RunTime:0.0007s ]

[ 2016-07-12T12:14:28+08:00 ] ::1 /jiyexiang/Count/delonedata.jyx
INFO: [ app_begin ] --START--
INFO: Run Behavior\ReadHtmlCacheBehavior [ RunTime:0.002487s ]
INFO: [ app_begin ] --END-- [ RunTime:0.004048s ]
SQL: SHOW COLUMNS FROM `jyx_site` [ RunTime:0.0105s ]
SQL: SELECT * FROM `jyx_site` WHERE `id` = 1 LIMIT 1   [ RunTime:0.0006s ]
SQL: SHOW COLUMNS FROM `jyx_count` [ RunTime:0.0107s ]
SQL: DELETE FROM `jyx_count` WHERE `height` = 1111 AND `width` = 1199 AND `depth` = 2000 AND `box_depth` = 2 AND `door_depth` = 1 AND `block_depth` = 2 AND `locktype` = '铁锁' AND `type` = 'D' AND `color` = '7035' AND `xianjia` = '要' AND `mft_type` = '机浇' AND `uid` = 41 [ RunTime:0.1196s ]
SQL: SELECT DISTINCT  * FROM `jyx_count` WHERE ( uid = 41 )  [ RunTime:0.0007s ]
INFO: [ view_parse ] --START--
INFO: [ template_filter ] --START--
INFO: Run Behavior\ContentReplaceBehavior [ RunTime:0.000159s ]
INFO: [ template_filter ] --END-- [ RunTime:0.000438s ]
INFO: Run Behavior\ParseTemplateBehavior [ RunTime:0.024717s ]
INFO: [ view_parse ] --END-- [ RunTime:0.024943s ]
INFO: [ view_filter ] --START--
INFO: Run Behavior\WriteHtmlCacheBehavior [ RunTime:0.002184s ]
INFO: [ view_filter ] --END-- [ RunTime:0.002465s ]

[ 2016-07-12T12:14:30+08:00 ] ::1 /jiyexiang/Count/beforecount.jyx
INFO: [ app_begin ] --START--
INFO: Run Behavior\ReadHtmlCacheBehavior [ RunTime:0.002466s ]
INFO: [ app_begin ] --END-- [ RunTime:0.003715s ]
SQL: SHOW COLUMNS FROM `jyx_site` [ RunTime:0.0097s ]
SQL: SELECT * FROM `jyx_site` WHERE `id` = 1 LIMIT 1   [ RunTime:0.0006s ]
SQL: SHOW COLUMNS FROM `jyx_formulate` [ RunTime:0.0113s ]
SQL: SELECT * FROM `jyx_formulate` WHERE ( status = 1 ) ORDER BY corder asc  [ RunTime:0.0006s ]
SQL: SHOW COLUMNS FROM `jyx_nojudge` [ RunTime:0.0121s ]
SQL: SELECT * FROM `jyx_nojudge` WHERE ( uid = 1 )  [ RunTime:0.0004s ]
SQL: SHOW COLUMNS FROM `jyx_judge` [ RunTime:0.0100s ]
SQL: SELECT DISTINCT  `judgename` FROM `jyx_judge` WHERE ( uid=1 )  [ RunTime:0.0008s ]
NOTIC: [8] Undefined variable: str E:\wamp\www\jiyexiang\App\Home\Controller\CountController.class.php 第 217 行.
SQL: SELECT * FROM `jyx_nojudge` WHERE ( uid = 2 )  [ RunTime:0.0005s ]
SQL: SELECT DISTINCT  `judgename` FROM `jyx_judge` WHERE ( uid=2 )  [ RunTime:0.0009s ]
SQL: SELECT DISTINCT  `op` FROM `jyx_judge` WHERE `judgename` = '锁数量'  [ RunTime:0.0009s ]
SQL: SELECT DISTINCT  `item` FROM `jyx_judge` WHERE `judgename` = '锁数量' LIMIT 1   [ RunTime:0.0007s ]
SQL: SELECT `contion` FROM `jyx_judge` WHERE `judgename` = '锁数量'  [ RunTime:0.0004s ]
SQL: SELECT `result` FROM `jyx_judge` WHERE `judgename` = '锁数量'  [ RunTime:0.0003s ]
SQL: SELECT DISTINCT  `op` FROM `jyx_judge` WHERE `judgename` = '锁单价'  [ RunTime:0.0009s ]
SQL: SELECT DISTINCT  `item` FROM `jyx_judge` WHERE `judgename` = '锁单价' LIMIT 1   [ RunTime:0.0011s ]
SQL: SELECT `contion` FROM `jyx_judge` WHERE `judgename` = '锁单价'  [ RunTime:0.0005s ]
SQL: SELECT `result` FROM `jyx_judge` WHERE `judgename` = '锁单价'  [ RunTime:0.0005s ]
SQL: SELECT * FROM `jyx_nojudge` WHERE ( uid = 3 )  [ RunTime:0.0004s ]
SQL: SELECT DISTINCT  `judgename` FROM `jyx_judge` WHERE ( uid=3 )  [ RunTime:0.0008s ]
SQL: SELECT DISTINCT  `op` FROM `jyx_judge` WHERE `judgename` = '封条单价'  [ RunTime:0.0011s ]
SQL: SELECT DISTINCT  `item` FROM `jyx_judge` WHERE `judgename` = '封条单价' LIMIT 1   [ RunTime:0.0009s ]
SQL: SELECT `contion` FROM `jyx_judge` WHERE `judgename` = '封条单价'  [ RunTime:0.0003s ]
SQL: SELECT `result` FROM `jyx_judge` WHERE `judgename` = '封条单价'  [ RunTime:0.0003s ]
SQL: SELECT * FROM `jyx_nojudge` WHERE ( uid = 4 )  [ RunTime:0.0003s ]
SQL: SELECT DISTINCT  `judgename` FROM `jyx_judge` WHERE ( uid=4 )  [ RunTime:0.0009s ]
SQL: SELECT * FROM `jyx_nojudge` WHERE ( uid = 5 )  [ RunTime:0.0004s ]
SQL: SELECT DISTINCT  `judgename` FROM `jyx_judge` WHERE ( uid=5 )  [ RunTime:0.0013s ]
SQL: SELECT * FROM `jyx_nojudge` WHERE ( uid = 6 )  [ RunTime:0.0006s ]
SQL: SELECT DISTINCT  `judgename` FROM `jyx_judge` WHERE ( uid=6 )  [ RunTime:0.0008s ]
SQL: SELECT DISTINCT  `op` FROM `jyx_judge` WHERE `judgename` = '喷塑单价'  [ RunTime:0.0010s ]
SQL: SELECT DISTINCT  `item` FROM `jyx_judge` WHERE `judgename` = '喷塑单价' LIMIT 1   [ RunTime:0.0007s ]
SQL: SELECT `contion` FROM `jyx_judge` WHERE `judgename` = '喷塑单价'  [ RunTime:0.0003s ]
SQL: SELECT `result` FROM `jyx_judge` WHERE `judgename` = '喷塑单价'  [ RunTime:0.0003s ]
SQL: SELECT * FROM `jyx_nojudge` WHERE ( uid = 7 )  [ RunTime:0.0003s ]
SQL: SELECT DISTINCT  `judgename` FROM `jyx_judge` WHERE ( uid=7 )  [ RunTime:0.0012s ]
SQL: SELECT DISTINCT  `op` FROM `jyx_judge` WHERE `judgename` = '数量'  [ RunTime:0.0011s ]
SQL: SELECT DISTINCT  `item` FROM `jyx_judge` WHERE `judgename` = '数量' LIMIT 1   [ RunTime:0.0008s ]
SQL: SELECT `contion` FROM `jyx_judge` WHERE `judgename` = '数量'  [ RunTime:0.0006s ]
SQL: SELECT `result` FROM `jyx_judge` WHERE `judgename` = '数量'  [ RunTime:0.0005s ]
SQL: SELECT * FROM `jyx_nojudge` WHERE ( uid = 8 )  [ RunTime:0.0004s ]
SQL: SELECT DISTINCT  `judgename` FROM `jyx_judge` WHERE ( uid=8 )  [ RunTime:0.0008s ]
SQL: SELECT * FROM `jyx_nojudge` WHERE ( uid = 9 )  [ RunTime:0.0004s ]
SQL: SELECT DISTINCT  `judgename` FROM `jyx_judge` WHERE ( uid=9 )  [ RunTime:0.0009s ]
SQL: SELECT DISTINCT  `op` FROM `jyx_judge` WHERE `judgename` = '附件'  [ RunTime:0.0008s ]
SQL: SELECT DISTINCT  `item` FROM `jyx_judge` WHERE `judgename` = '附件' LIMIT 1   [ RunTime:0.0011s ]
SQL: SELECT `contion` FROM `jyx_judge` WHERE `judgename` = '附件'  [ RunTime:0.0005s ]
SQL: SELECT `result` FROM `jyx_judge` WHERE `judgename` = '附件'  [ RunTime:0.0005s ]
SQL: SELECT * FROM `jyx_nojudge` WHERE ( uid = 10 )  [ RunTime:0.0004s ]
SQL: SELECT DISTINCT  `judgename` FROM `jyx_judge` WHERE ( uid=10 )  [ RunTime:0.0013s ]
SQL: SELECT * FROM `jyx_nojudge` WHERE ( uid = 12 )  [ RunTime:0.0006s ]
SQL: SELECT DISTINCT  `judgename` FROM `jyx_judge` WHERE ( uid=12 )  [ RunTime:0.0010s ]
SQL: SELECT DISTINCT  `op` FROM `jyx_judge` WHERE `judgename` = '利润点'  [ RunTime:0.0007s ]
SQL: SELECT DISTINCT  `item` FROM `jyx_judge` WHERE `judgename` = '利润点' LIMIT 1   [ RunTime:0.0006s ]
SQL: SELECT `contion` FROM `jyx_judge` WHERE `judgename` = '利润点'  [ RunTime:0.0003s ]
SQL: SELECT `result` FROM `jyx_judge` WHERE `judgename` = '利润点'  [ RunTime:0.0003s ]
SQL: SHOW COLUMNS FROM `jyx_count` [ RunTime:0.0123s ]
SQL: SELECT * FROM `jyx_count` WHERE `height` = 1111 AND `width` = 1199 AND `depth` = 2000 AND `box_depth` = 2 AND `door_depth` = 1 AND `block_depth` = 2 AND `locktype` = '铁锁' AND `type` = 'D' AND `color` = '7035' AND `xianjia` = '要' AND `mft_type` = '机浇' AND `unit_price` = 1330  [ RunTime:0.0007s ]
NOTIC: [8] Undefined index: validate E:\wamp\www\jiyexiang\ThinkPHP\Library\Think\Model.class.php 第 1185 行.
NOTIC: [8] Undefined index: auto E:\wamp\www\jiyexiang\ThinkPHP\Library\Think\Model.class.php 第 1128 行.
NOTIC: [8] Undefined index: altis E:\wamp\www\jiyexiang\App\Home\Controller\CountController.class.php 第 265 行.
SQL: INSERT INTO `jyx_count` (`height`,`width`,`depth`,`box_depth`,`door_depth`,`block_depth`,`locktype`,`type`,`color`,`xianjia`,`mft_type`,`unit_price`,`total`,`count`,`uid`,`time`) VALUES ('1111','1199','2000','2','1','2','铁锁','D','7035','要','机浇','1330','2661','2','41','1468296869') [ RunTime:0.0499s ]
SQL: SELECT DISTINCT  * FROM `jyx_count` WHERE ( uid = 41 )  [ RunTime:0.0005s ]
INFO: [ view_parse ] --START--
INFO: [ template_filter ] --START--
INFO: Run Behavior\ContentReplaceBehavior [ RunTime:0.000121s ]
INFO: [ template_filter ] --END-- [ RunTime:0.000335s ]
INFO: Run Behavior\ParseTemplateBehavior [ RunTime:0.021503s ]
INFO: [ view_parse ] --END-- [ RunTime:0.021709s ]
INFO: [ view_filter ] --START--
INFO: Run Behavior\WriteHtmlCacheBehavior [ RunTime:0.001929s ]
INFO: [ view_filter ] --END-- [ RunTime:0.002125s ]

