[ 2016-05-30T12:12:28+08:00 ] ::1 /jiyexianglast/Count/beforecount.jyx
INFO: [ app_begin ] --START--
INFO: Run Behavior\ReadHtmlCacheBehavior [ RunTime:0.001217s ]
INFO: [ app_begin ] --END-- [ RunTime:0.002345s ]
SQL: SHOW COLUMNS FROM `jyx_site` [ RunTime:0.0184s ]
SQL: SELECT * FROM `jyx_site` WHERE `id` = 1 LIMIT 1   [ RunTime:0.0006s ]
SQL: SHOW COLUMNS FROM `jyx_formulate` [ RunTime:0.1089s ]
SQL: SELECT * FROM `jyx_formulate` WHERE ( status = 1 ) ORDER BY corder asc  [ RunTime:0.0386s ]
SQL: SHOW COLUMNS FROM `jyx_nojudge` [ RunTime:0.0409s ]
SQL: SELECT * FROM `jyx_nojudge` WHERE ( uid = 1 )  [ RunTime:0.0438s ]
SQL: SHOW COLUMNS FROM `jyx_judge` [ RunTime:0.0153s ]
SQL: SELECT DISTINCT  `judgename` FROM `jyx_judge` WHERE ( uid=1 )  [ RunTime:0.0882s ]
NOTIC: [8] Undefined variable: str E:\wamp\www\jiyexianglast\App\Home\Controller\CountController.class.php 第 215 行.
SQL: SELECT * FROM `jyx_nojudge` WHERE ( uid = 2 )  [ RunTime:0.0005s ]
SQL: SELECT DISTINCT  `judgename` FROM `jyx_judge` WHERE ( uid=2 )  [ RunTime:0.0007s ]
SQL: SELECT DISTINCT  `op` FROM `jyx_judge` WHERE `judgename` = '锁数量'  [ RunTime:0.0007s ]
SQL: SELECT DISTINCT  `item` FROM `jyx_judge` WHERE `judgename` = '锁数量' LIMIT 1   [ RunTime:0.0006s ]
SQL: SELECT `contion` FROM `jyx_judge` WHERE `judgename` = '锁数量'  [ RunTime:0.0003s ]
SQL: SELECT `result` FROM `jyx_judge` WHERE `judgename` = '锁数量'  [ RunTime:0.0004s ]
SQL: SELECT DISTINCT  `op` FROM `jyx_judge` WHERE `judgename` = '锁单价'  [ RunTime:0.0013s ]
SQL: SELECT DISTINCT  `item` FROM `jyx_judge` WHERE `judgename` = '锁单价' LIMIT 1   [ RunTime:0.0007s ]
SQL: SELECT `contion` FROM `jyx_judge` WHERE `judgename` = '锁单价'  [ RunTime:0.0003s ]
SQL: SELECT `result` FROM `jyx_judge` WHERE `judgename` = '锁单价'  [ RunTime:0.0003s ]
SQL: SELECT * FROM `jyx_nojudge` WHERE ( uid = 3 )  [ RunTime:0.0003s ]
SQL: SELECT DISTINCT  `judgename` FROM `jyx_judge` WHERE ( uid=3 )  [ RunTime:0.0006s ]
SQL: SELECT DISTINCT  `op` FROM `jyx_judge` WHERE `judgename` = '封条单价'  [ RunTime:0.0006s ]
SQL: SELECT DISTINCT  `item` FROM `jyx_judge` WHERE `judgename` = '封条单价' LIMIT 1   [ RunTime:0.0006s ]
SQL: SELECT `contion` FROM `jyx_judge` WHERE `judgename` = '封条单价'  [ RunTime:0.0003s ]
SQL: SELECT `result` FROM `jyx_judge` WHERE `judgename` = '封条单价'  [ RunTime:0.0003s ]
SQL: SELECT * FROM `jyx_nojudge` WHERE ( uid = 4 )  [ RunTime:0.0003s ]
SQL: SELECT DISTINCT  `judgename` FROM `jyx_judge` WHERE ( uid=4 )  [ RunTime:0.0006s ]
SQL: SELECT * FROM `jyx_nojudge` WHERE ( uid = 5 )  [ RunTime:0.0003s ]
SQL: SELECT DISTINCT  `judgename` FROM `jyx_judge` WHERE ( uid=5 )  [ RunTime:0.0006s ]
SQL: SELECT * FROM `jyx_nojudge` WHERE ( uid = 6 )  [ RunTime:0.0005s ]
SQL: SELECT DISTINCT  `judgename` FROM `jyx_judge` WHERE ( uid=6 )  [ RunTime:0.0010s ]
SQL: SELECT DISTINCT  `op` FROM `jyx_judge` WHERE `judgename` = '喷塑单价'  [ RunTime:0.0008s ]
SQL: SELECT DISTINCT  `item` FROM `jyx_judge` WHERE `judgename` = '喷塑单价' LIMIT 1   [ RunTime:0.0007s ]
SQL: SELECT `contion` FROM `jyx_judge` WHERE `judgename` = '喷塑单价'  [ RunTime:0.0003s ]
SQL: SELECT `result` FROM `jyx_judge` WHERE `judgename` = '喷塑单价'  [ RunTime:0.0003s ]
SQL: SELECT * FROM `jyx_nojudge` WHERE ( uid = 7 )  [ RunTime:0.0003s ]
SQL: SELECT DISTINCT  `judgename` FROM `jyx_judge` WHERE ( uid=7 )  [ RunTime:0.0006s ]
SQL: SELECT DISTINCT  `op` FROM `jyx_judge` WHERE `judgename` = '数量'  [ RunTime:0.0007s ]
SQL: SELECT DISTINCT  `item` FROM `jyx_judge` WHERE `judgename` = '数量' LIMIT 1   [ RunTime:0.0006s ]
SQL: SELECT `contion` FROM `jyx_judge` WHERE `judgename` = '数量'  [ RunTime:0.0003s ]
SQL: SELECT `result` FROM `jyx_judge` WHERE `judgename` = '数量'  [ RunTime:0.0003s ]
SQL: SELECT * FROM `jyx_nojudge` WHERE ( uid = 8 )  [ RunTime:0.0003s ]
SQL: SELECT DISTINCT  `judgename` FROM `jyx_judge` WHERE ( uid=8 )  [ RunTime:0.0008s ]
SQL: SELECT * FROM `jyx_nojudge` WHERE ( uid = 9 )  [ RunTime:0.0004s ]
SQL: SELECT DISTINCT  `judgename` FROM `jyx_judge` WHERE ( uid=9 )  [ RunTime:0.0008s ]
SQL: SELECT DISTINCT  `op` FROM `jyx_judge` WHERE `judgename` = '附件'  [ RunTime:0.0008s ]
SQL: SELECT DISTINCT  `item` FROM `jyx_judge` WHERE `judgename` = '附件' LIMIT 1   [ RunTime:0.0007s ]
SQL: SELECT `contion` FROM `jyx_judge` WHERE `judgename` = '附件'  [ RunTime:0.0003s ]
SQL: SELECT `result` FROM `jyx_judge` WHERE `judgename` = '附件'  [ RunTime:0.0003s ]
SQL: SELECT * FROM `jyx_nojudge` WHERE ( uid = 11 )  [ RunTime:0.0003s ]
SQL: SELECT DISTINCT  `judgename` FROM `jyx_judge` WHERE ( uid=11 )  [ RunTime:0.0006s ]
SQL: SELECT * FROM `jyx_nojudge` WHERE ( uid = 12 )  [ RunTime:0.0003s ]
SQL: SELECT DISTINCT  `judgename` FROM `jyx_judge` WHERE ( uid=12 )  [ RunTime:0.0006s ]
SQL: SELECT DISTINCT  `op` FROM `jyx_judge` WHERE `judgename` = '利润点'  [ RunTime:0.0007s ]
SQL: SELECT DISTINCT  `item` FROM `jyx_judge` WHERE `judgename` = '利润点' LIMIT 1   [ RunTime:0.0007s ]
SQL: SELECT `contion` FROM `jyx_judge` WHERE `judgename` = '利润点'  [ RunTime:0.0003s ]
SQL: SELECT `result` FROM `jyx_judge` WHERE `judgename` = '利润点'  [ RunTime:0.0005s ]
SQL: SHOW COLUMNS FROM `jyx_count` [ RunTime:0.0151s ]
SQL: SELECT * FROM `jyx_count` WHERE `height` = 1600 AND `width` = 1200 AND `depth` = 1200 AND `box_depth` = 2 AND `door_depth` = 1 AND `block_depth` = 1 AND `locktype` = '铁锁' AND `type` = 'D' AND `color` = '1790' AND `xianjia` = '要' AND `mft_type` = '机浇' AND `unit_price` = 1261  [ RunTime:0.0006s ]
NOTIC: [8] Undefined index: validate E:\wamp\www\jiyexianglast\ThinkPHP\Library\Think\Model.class.php 第 1185 行.
NOTIC: [8] Undefined index: auto E:\wamp\www\jiyexianglast\ThinkPHP\Library\Think\Model.class.php 第 1128 行.
NOTIC: [8] Undefined index: altis E:\wamp\www\jiyexianglast\App\Home\Controller\CountController.class.php 第 263 行.
SQL: INSERT INTO `jyx_count` (`height`,`width`,`depth`,`box_depth`,`door_depth`,`block_depth`,`locktype`,`type`,`color`,`xianjia`,`mft_type`,`unit_price`,`total`,`count`,`uid`,`time`) VALUES ('1600','1200','1200','2','1','1','铁锁','D','1790','要','机浇','1261','2523','2','38','1464581548') [ RunTime:0.0751s ]
SQL: SELECT DISTINCT  * FROM `jyx_count` WHERE ( uid = 38 )  [ RunTime:0.0005s ]
INFO: [ view_parse ] --START--
INFO: [ template_filter ] --START--
INFO: Run Behavior\ContentReplaceBehavior [ RunTime:0.000130s ]
INFO: [ template_filter ] --END-- [ RunTime:0.000339s ]
INFO: Run Behavior\ParseTemplateBehavior [ RunTime:0.049868s ]
INFO: [ view_parse ] --END-- [ RunTime:0.050145s ]
INFO: [ view_filter ] --START--
INFO: Run Behavior\WriteHtmlCacheBehavior [ RunTime:0.001023s ]
INFO: [ view_filter ] --END-- [ RunTime:0.001214s ]

[ 2016-05-30T16:22:55+08:00 ] ::1 /jiyexianglast/
ERR: SQLSTATE[HY000] [1045] Accès refusé pour l'utilisateur: 'root'@'@localhost' (mot de passe: OUI)

[ 2016-05-30T16:23:30+08:00 ] ::1 /jiyexianglast/Count/beforecount.jyx
INFO: [ app_begin ] --START--
INFO: Run Behavior\ReadHtmlCacheBehavior [ RunTime:0.001591s ]
INFO: [ app_begin ] --END-- [ RunTime:0.002883s ]
SQL: SHOW COLUMNS FROM `jyx_site` [ RunTime:0.0175s ]
SQL: SELECT * FROM `jyx_site` WHERE `id` = 1 LIMIT 1   [ RunTime:0.0006s ]

[ 2016-05-30T16:23:32+08:00 ] ::1 /jiyexianglast/Count/showonedata.jyx
INFO: [ app_begin ] --START--
INFO: Run Behavior\ReadHtmlCacheBehavior [ RunTime:0.001226s ]
INFO: [ app_begin ] --END-- [ RunTime:0.002369s ]
SQL: SHOW COLUMNS FROM `jyx_site` [ RunTime:0.0190s ]
SQL: SELECT * FROM `jyx_site` WHERE `id` = 1 LIMIT 1   [ RunTime:0.0008s ]
SQL: SHOW COLUMNS FROM `jyx_judge` [ RunTime:0.0196s ]
SQL: SELECT * FROM `jyx_judge` WHERE `item` = '类型'  [ RunTime:0.0006s ]
SQL: SELECT * FROM `jyx_judge` WHERE `item` = '锁类型'  [ RunTime:0.0005s ]
SQL: SELECT * FROM `jyx_judge` WHERE `item` = '塑粉颜色'  [ RunTime:0.0004s ]
SQL: SHOW COLUMNS FROM `jyx_count` [ RunTime:0.0155s ]
SQL: SELECT * FROM `jyx_count` WHERE `uid` = 38 AND `type` = 'D' AND `height` = 1600 AND `width` = 1200 AND `depth` = 1200 AND `door_depth` = 1 AND `box_depth` = 2 AND `block_depth` = 1 AND `locktype` = '铁锁' AND `color` = '1790' AND `unit_price` = 1261 AND `count` = 2 AND `total` = 2523 LIMIT 1   [ RunTime:0.0009s ]
INFO: [ view_parse ] --START--
INFO: [ template_filter ] --START--
INFO: Run Behavior\ContentReplaceBehavior [ RunTime:0.000131s ]
INFO: [ template_filter ] --END-- [ RunTime:0.000322s ]
INFO: Run Behavior\ParseTemplateBehavior [ RunTime:0.022541s ]
INFO: [ view_parse ] --END-- [ RunTime:0.022746s ]
INFO: [ view_filter ] --START--
INFO: Run Behavior\WriteHtmlCacheBehavior [ RunTime:0.000956s ]
INFO: [ view_filter ] --END-- [ RunTime:0.001334s ]

[ 2016-05-30T16:23:35+08:00 ] ::1 /jiyexianglast/Count/delonedata.jyx
INFO: [ app_begin ] --START--
INFO: Run Behavior\ReadHtmlCacheBehavior [ RunTime:0.001198s ]
INFO: [ app_begin ] --END-- [ RunTime:0.003060s ]
SQL: SHOW COLUMNS FROM `jyx_site` [ RunTime:0.0201s ]
SQL: SELECT * FROM `jyx_site` WHERE `id` = 1 LIMIT 1   [ RunTime:0.0005s ]
SQL: SHOW COLUMNS FROM `jyx_count` [ RunTime:0.0372s ]
SQL: DELETE FROM `jyx_count` WHERE `height` = 1600 AND `width` = 1200 AND `depth` = 1200 AND `box_depth` = 2 AND `door_depth` = 1 AND `block_depth` = 1 AND `locktype` = '铁锁' AND `type` = 'D' AND `color` = '1790' AND `xianjia` = '要' AND `mft_type` = '机浇' AND `uid` = 38 [ RunTime:0.2653s ]
SQL: SELECT DISTINCT  * FROM `jyx_count` WHERE ( uid = 38 )  [ RunTime:0.0007s ]
INFO: [ view_parse ] --START--
INFO: [ template_filter ] --START--
INFO: Run Behavior\ContentReplaceBehavior [ RunTime:0.000114s ]
INFO: [ template_filter ] --END-- [ RunTime:0.000298s ]
INFO: Run Behavior\ParseTemplateBehavior [ RunTime:0.017442s ]
INFO: [ view_parse ] --END-- [ RunTime:0.017656s ]
INFO: [ view_filter ] --START--
INFO: Run Behavior\WriteHtmlCacheBehavior [ RunTime:0.000874s ]
INFO: [ view_filter ] --END-- [ RunTime:0.001063s ]

[ 2016-05-30T16:23:59+08:00 ] ::1 /jiyexianglast/Count/beforecount.jyx
INFO: [ app_begin ] --START--
INFO: Run Behavior\ReadHtmlCacheBehavior [ RunTime:0.001144s ]
INFO: [ app_begin ] --END-- [ RunTime:0.002203s ]
SQL: SHOW COLUMNS FROM `jyx_site` [ RunTime:0.0194s ]
SQL: SELECT * FROM `jyx_site` WHERE `id` = 1 LIMIT 1   [ RunTime:0.0005s ]

[ 2016-05-30T16:28:45+08:00 ] ::1 /jiyexianglast/Count/beforecount.jyx
INFO: [ app_begin ] --START--
INFO: Run Behavior\ReadHtmlCacheBehavior [ RunTime:0.001622s ]
INFO: [ app_begin ] --END-- [ RunTime:0.002881s ]
SQL: SHOW COLUMNS FROM `jyx_site` [ RunTime:0.0179s ]
SQL: SELECT * FROM `jyx_site` WHERE `id` = 1 LIMIT 1   [ RunTime:0.0004s ]
SQL: SHOW COLUMNS FROM `jyx_formulate` [ RunTime:0.0184s ]
SQL: SELECT * FROM `jyx_formulate` WHERE ( status = 1 ) ORDER BY corder asc  [ RunTime:0.0007s ]
SQL: SHOW COLUMNS FROM `jyx_nojudge` [ RunTime:0.0177s ]
SQL: SELECT * FROM `jyx_nojudge` WHERE ( uid = 1 )  [ RunTime:0.0006s ]
SQL: SHOW COLUMNS FROM `jyx_judge` [ RunTime:0.0153s ]
SQL: SELECT DISTINCT  `judgename` FROM `jyx_judge` WHERE ( uid=1 )  [ RunTime:0.0009s ]
NOTIC: [8] Undefined variable: str E:\wamp\www\jiyexianglast\App\Home\Controller\CountController.class.php 第 215 行.
SQL: SELECT * FROM `jyx_nojudge` WHERE ( uid = 2 )  [ RunTime:0.0004s ]
SQL: SELECT DISTINCT  `judgename` FROM `jyx_judge` WHERE ( uid=2 )  [ RunTime:0.0009s ]
SQL: SELECT DISTINCT  `op` FROM `jyx_judge` WHERE `judgename` = '锁数量'  [ RunTime:0.0007s ]
SQL: SELECT DISTINCT  `item` FROM `jyx_judge` WHERE `judgename` = '锁数量' LIMIT 1   [ RunTime:0.0006s ]
SQL: SELECT `contion` FROM `jyx_judge` WHERE `judgename` = '锁数量'  [ RunTime:0.0003s ]
SQL: SELECT `result` FROM `jyx_judge` WHERE `judgename` = '锁数量'  [ RunTime:0.0003s ]
SQL: SELECT DISTINCT  `op` FROM `jyx_judge` WHERE `judgename` = '锁单价'  [ RunTime:0.0007s ]
SQL: SELECT DISTINCT  `item` FROM `jyx_judge` WHERE `judgename` = '锁单价' LIMIT 1   [ RunTime:0.0007s ]
SQL: SELECT `contion` FROM `jyx_judge` WHERE `judgename` = '锁单价'  [ RunTime:0.0003s ]
SQL: SELECT `result` FROM `jyx_judge` WHERE `judgename` = '锁单价'  [ RunTime:0.0003s ]
SQL: SELECT * FROM `jyx_nojudge` WHERE ( uid = 3 )  [ RunTime:0.0003s ]
SQL: SELECT DISTINCT  `judgename` FROM `jyx_judge` WHERE ( uid=3 )  [ RunTime:0.0006s ]
SQL: SELECT DISTINCT  `op` FROM `jyx_judge` WHERE `judgename` = '封条单价'  [ RunTime:0.0006s ]
SQL: SELECT DISTINCT  `item` FROM `jyx_judge` WHERE `judgename` = '封条单价' LIMIT 1   [ RunTime:0.0011s ]
SQL: SELECT `contion` FROM `jyx_judge` WHERE `judgename` = '封条单价'  [ RunTime:0.0005s ]
SQL: SELECT `result` FROM `jyx_judge` WHERE `judgename` = '封条单价'  [ RunTime:0.0003s ]
SQL: SELECT * FROM `jyx_nojudge` WHERE ( uid = 4 )  [ RunTime:0.0003s ]
SQL: SELECT DISTINCT  `judgename` FROM `jyx_judge` WHERE ( uid=4 )  [ RunTime:0.0006s ]
SQL: SELECT * FROM `jyx_nojudge` WHERE ( uid = 5 )  [ RunTime:0.0003s ]
SQL: SELECT DISTINCT  `judgename` FROM `jyx_judge` WHERE ( uid=5 )  [ RunTime:0.0007s ]
SQL: SELECT * FROM `jyx_nojudge` WHERE ( uid = 6 )  [ RunTime:0.0003s ]
SQL: SELECT DISTINCT  `judgename` FROM `jyx_judge` WHERE ( uid=6 )  [ RunTime:0.0006s ]
SQL: SELECT DISTINCT  `op` FROM `jyx_judge` WHERE `judgename` = '喷塑单价'  [ RunTime:0.0006s ]
SQL: SELECT DISTINCT  `item` FROM `jyx_judge` WHERE `judgename` = '喷塑单价' LIMIT 1   [ RunTime:0.0006s ]
SQL: SELECT `contion` FROM `jyx_judge` WHERE `judgename` = '喷塑单价'  [ RunTime:0.0003s ]
SQL: SELECT `result` FROM `jyx_judge` WHERE `judgename` = '喷塑单价'  [ RunTime:0.0003s ]
SQL: SELECT * FROM `jyx_nojudge` WHERE ( uid = 7 )  [ RunTime:0.0003s ]
SQL: SELECT DISTINCT  `judgename` FROM `jyx_judge` WHERE ( uid=7 )  [ RunTime:0.0012s ]
SQL: SELECT DISTINCT  `op` FROM `jyx_judge` WHERE `judgename` = '数量'  [ RunTime:0.0010s ]
SQL: SELECT DISTINCT  `item` FROM `jyx_judge` WHERE `judgename` = '数量' LIMIT 1   [ RunTime:0.0007s ]
SQL: SELECT `contion` FROM `jyx_judge` WHERE `judgename` = '数量'  [ RunTime:0.0004s ]
SQL: SELECT `result` FROM `jyx_judge` WHERE `judgename` = '数量'  [ RunTime:0.0004s ]
SQL: SELECT * FROM `jyx_nojudge` WHERE ( uid = 8 )  [ RunTime:0.0004s ]
SQL: SELECT DISTINCT  `judgename` FROM `jyx_judge` WHERE ( uid=8 )  [ RunTime:0.0008s ]
SQL: SELECT * FROM `jyx_nojudge` WHERE ( uid = 9 )  [ RunTime:0.0003s ]
SQL: SELECT DISTINCT  `judgename` FROM `jyx_judge` WHERE ( uid=9 )  [ RunTime:0.0008s ]
SQL: SELECT DISTINCT  `op` FROM `jyx_judge` WHERE `judgename` = '附件'  [ RunTime:0.0007s ]
SQL: SELECT DISTINCT  `item` FROM `jyx_judge` WHERE `judgename` = '附件' LIMIT 1   [ RunTime:0.0006s ]
SQL: SELECT `contion` FROM `jyx_judge` WHERE `judgename` = '附件'  [ RunTime:0.0003s ]
SQL: SELECT `result` FROM `jyx_judge` WHERE `judgename` = '附件'  [ RunTime:0.0004s ]
SQL: SELECT * FROM `jyx_nojudge` WHERE ( uid = 11 )  [ RunTime:0.0003s ]
SQL: SELECT DISTINCT  `judgename` FROM `jyx_judge` WHERE ( uid=11 )  [ RunTime:0.0006s ]
SQL: SELECT * FROM `jyx_nojudge` WHERE ( uid = 12 )  [ RunTime:0.0003s ]
SQL: SELECT DISTINCT  `judgename` FROM `jyx_judge` WHERE ( uid=12 )  [ RunTime:0.0006s ]
SQL: SELECT DISTINCT  `op` FROM `jyx_judge` WHERE `judgename` = '利润点'  [ RunTime:0.0006s ]
SQL: SELECT DISTINCT  `item` FROM `jyx_judge` WHERE `judgename` = '利润点' LIMIT 1   [ RunTime:0.0006s ]
SQL: SELECT `contion` FROM `jyx_judge` WHERE `judgename` = '利润点'  [ RunTime:0.0003s ]
SQL: SELECT `result` FROM `jyx_judge` WHERE `judgename` = '利润点'  [ RunTime:0.0004s ]
SQL: SHOW COLUMNS FROM `jyx_count` [ RunTime:0.0153s ]
SQL: SELECT * FROM `jyx_count` WHERE `height` = 1600 AND `width` = 1200 AND `depth` = 1200 AND `box_depth` = 3 AND `door_depth` = 2 AND `block_depth` = 2 AND `locktype` = '铁锁' AND `type` = 'D' AND `color` = '7035' AND `xianjia` = '要' AND `mft_type` = '机浇' AND `unit_price` = 1618  [ RunTime:0.0006s ]
NOTIC: [8] Undefined index: validate E:\wamp\www\jiyexianglast\ThinkPHP\Library\Think\Model.class.php 第 1185 行.
NOTIC: [8] Undefined index: auto E:\wamp\www\jiyexianglast\ThinkPHP\Library\Think\Model.class.php 第 1128 行.
NOTIC: [8] Undefined index: altis E:\wamp\www\jiyexianglast\App\Home\Controller\CountController.class.php 第 263 行.
SQL: INSERT INTO `jyx_count` (`height`,`width`,`depth`,`box_depth`,`door_depth`,`block_depth`,`locktype`,`type`,`color`,`xianjia`,`mft_type`,`unit_price`,`total`,`count`,`uid`,`time`) VALUES ('1600','1200','1200','3','2','2','铁锁','D','7035','要','机浇','1618','3235','2','38','1464596925') [ RunTime:0.0523s ]
SQL: SELECT DISTINCT  * FROM `jyx_count` WHERE ( uid = 38 )  [ RunTime:0.0005s ]
INFO: [ view_parse ] --START--
INFO: [ template_filter ] --START--
INFO: Run Behavior\ContentReplaceBehavior [ RunTime:0.000114s ]
INFO: [ template_filter ] --END-- [ RunTime:0.000296s ]
INFO: Run Behavior\ParseTemplateBehavior [ RunTime:0.030919s ]
INFO: [ view_parse ] --END-- [ RunTime:0.031120s ]
INFO: [ view_filter ] --START--
INFO: Run Behavior\WriteHtmlCacheBehavior [ RunTime:0.001341s ]
INFO: [ view_filter ] --END-- [ RunTime:0.001550s ]

[ 2016-05-30T18:08:37+08:00 ] ::1 /jiyexianglast/Count/showonedata.jyx
INFO: [ app_begin ] --START--
INFO: Run Behavior\ReadHtmlCacheBehavior [ RunTime:0.001706s ]
INFO: [ app_begin ] --END-- [ RunTime:0.003008s ]
SQL: SHOW COLUMNS FROM `jyx_site` [ RunTime:0.0505s ]
SQL: SELECT * FROM `jyx_site` WHERE `id` = 1 LIMIT 1   [ RunTime:0.0005s ]
SQL: SHOW COLUMNS FROM `jyx_judge` [ RunTime:0.0182s ]
SQL: SELECT * FROM `jyx_judge` WHERE `item` = '类型'  [ RunTime:0.0005s ]
SQL: SELECT * FROM `jyx_judge` WHERE `item` = '锁类型'  [ RunTime:0.0004s ]
SQL: SELECT * FROM `jyx_judge` WHERE `item` = '塑粉颜色'  [ RunTime:0.0004s ]
SQL: SHOW COLUMNS FROM `jyx_count` [ RunTime:0.0188s ]
SQL: SELECT * FROM `jyx_count` WHERE `uid` = 38 AND `type` = 'D' AND `height` = 1600 AND `width` = 1200 AND `depth` = 1200 AND `door_depth` = 2 AND `box_depth` = 3 AND `block_depth` = 2 AND `locktype` = '铁锁' AND `color` = '7035' AND `unit_price` = 1618 AND `count` = 2 AND `total` = 3235 LIMIT 1   [ RunTime:0.0006s ]
INFO: [ view_parse ] --START--
INFO: [ template_filter ] --START--
INFO: Run Behavior\ContentReplaceBehavior [ RunTime:0.000129s ]
INFO: [ template_filter ] --END-- [ RunTime:0.000321s ]
INFO: Run Behavior\ParseTemplateBehavior [ RunTime:0.049702s ]
INFO: [ view_parse ] --END-- [ RunTime:0.049905s ]
INFO: [ view_filter ] --START--
INFO: Run Behavior\WriteHtmlCacheBehavior [ RunTime:0.001303s ]
INFO: [ view_filter ] --END-- [ RunTime:0.001489s ]

[ 2016-05-30T18:08:42+08:00 ] ::1 /jiyexianglast/Count/beforecount.jyx
INFO: [ app_begin ] --START--
INFO: Run Behavior\ReadHtmlCacheBehavior [ RunTime:0.001012s ]
INFO: [ app_begin ] --END-- [ RunTime:0.001993s ]
SQL: SHOW COLUMNS FROM `jyx_site` [ RunTime:0.0195s ]
SQL: SELECT * FROM `jyx_site` WHERE `id` = 1 LIMIT 1   [ RunTime:0.0006s ]
SQL: SHOW COLUMNS FROM `jyx_formulate` [ RunTime:0.0190s ]
SQL: SELECT `id` FROM `jyx_formulate` WHERE `formulate` LIKE '%线夹%' LIMIT 1   [ RunTime:0.0606s ]
SQL: SELECT * FROM `jyx_formulate` WHERE `status` = 1 AND `id` <> '5' ORDER BY corder asc  [ RunTime:0.0044s ]
SQL: SHOW COLUMNS FROM `jyx_nojudge` [ RunTime:0.0293s ]
SQL: SELECT * FROM `jyx_nojudge` WHERE ( uid = 1 )  [ RunTime:0.0009s ]
SQL: SHOW COLUMNS FROM `jyx_judge` [ RunTime:0.0162s ]
SQL: SELECT DISTINCT  `judgename` FROM `jyx_judge` WHERE ( uid=1 )  [ RunTime:0.0009s ]
NOTIC: [8] Undefined variable: str E:\wamp\www\jiyexianglast\App\Home\Controller\CountController.class.php 第 217 行.
SQL: SELECT * FROM `jyx_nojudge` WHERE ( uid = 2 )  [ RunTime:0.0004s ]
SQL: SELECT DISTINCT  `judgename` FROM `jyx_judge` WHERE ( uid=2 )  [ RunTime:0.0007s ]
SQL: SELECT DISTINCT  `op` FROM `jyx_judge` WHERE `judgename` = '锁数量'  [ RunTime:0.0007s ]
SQL: SELECT DISTINCT  `item` FROM `jyx_judge` WHERE `judgename` = '锁数量' LIMIT 1   [ RunTime:0.0007s ]
SQL: SELECT `contion` FROM `jyx_judge` WHERE `judgename` = '锁数量'  [ RunTime:0.0003s ]
SQL: SELECT `result` FROM `jyx_judge` WHERE `judgename` = '锁数量'  [ RunTime:0.0003s ]
SQL: SELECT DISTINCT  `op` FROM `jyx_judge` WHERE `judgename` = '锁单价'  [ RunTime:0.0006s ]
SQL: SELECT DISTINCT  `item` FROM `jyx_judge` WHERE `judgename` = '锁单价' LIMIT 1   [ RunTime:0.0006s ]
SQL: SELECT `contion` FROM `jyx_judge` WHERE `judgename` = '锁单价'  [ RunTime:0.0003s ]
SQL: SELECT `result` FROM `jyx_judge` WHERE `judgename` = '锁单价'  [ RunTime:0.0003s ]
SQL: SELECT * FROM `jyx_nojudge` WHERE ( uid = 3 )  [ RunTime:0.0003s ]
SQL: SELECT DISTINCT  `judgename` FROM `jyx_judge` WHERE ( uid=3 )  [ RunTime:0.0011s ]
SQL: SELECT DISTINCT  `op` FROM `jyx_judge` WHERE `judgename` = '封条单价'  [ RunTime:0.0009s ]
SQL: SELECT DISTINCT  `item` FROM `jyx_judge` WHERE `judgename` = '封条单价' LIMIT 1   [ RunTime:0.0007s ]
SQL: SELECT `contion` FROM `jyx_judge` WHERE `judgename` = '封条单价'  [ RunTime:0.0003s ]
SQL: SELECT `result` FROM `jyx_judge` WHERE `judgename` = '封条单价'  [ RunTime:0.0005s ]
SQL: SELECT * FROM `jyx_nojudge` WHERE ( uid = 4 )  [ RunTime:0.0004s ]
SQL: SELECT DISTINCT  `judgename` FROM `jyx_judge` WHERE ( uid=4 )  [ RunTime:0.0007s ]
SQL: SELECT * FROM `jyx_nojudge` WHERE ( uid = 6 )  [ RunTime:0.0003s ]
SQL: SELECT DISTINCT  `judgename` FROM `jyx_judge` WHERE ( uid=6 )  [ RunTime:0.0006s ]
SQL: SELECT DISTINCT  `op` FROM `jyx_judge` WHERE `judgename` = '喷塑单价'  [ RunTime:0.0006s ]
SQL: SELECT DISTINCT  `item` FROM `jyx_judge` WHERE `judgename` = '喷塑单价' LIMIT 1   [ RunTime:0.0006s ]
SQL: SELECT `contion` FROM `jyx_judge` WHERE `judgename` = '喷塑单价'  [ RunTime:0.0003s ]
SQL: SELECT `result` FROM `jyx_judge` WHERE `judgename` = '喷塑单价'  [ RunTime:0.0003s ]
SQL: SELECT * FROM `jyx_nojudge` WHERE ( uid = 7 )  [ RunTime:0.0003s ]
SQL: SELECT DISTINCT  `judgename` FROM `jyx_judge` WHERE ( uid=7 )  [ RunTime:0.0009s ]
SQL: SELECT DISTINCT  `op` FROM `jyx_judge` WHERE `judgename` = '数量'  [ RunTime:0.0007s ]
SQL: SELECT DISTINCT  `item` FROM `jyx_judge` WHERE `judgename` = '数量' LIMIT 1   [ RunTime:0.0006s ]
SQL: SELECT `contion` FROM `jyx_judge` WHERE `judgename` = '数量'  [ RunTime:0.0004s ]
SQL: SELECT `result` FROM `jyx_judge` WHERE `judgename` = '数量'  [ RunTime:0.0003s ]
SQL: SELECT * FROM `jyx_nojudge` WHERE ( uid = 8 )  [ RunTime:0.0003s ]
SQL: SELECT DISTINCT  `judgename` FROM `jyx_judge` WHERE ( uid=8 )  [ RunTime:0.0007s ]
SQL: SELECT * FROM `jyx_nojudge` WHERE ( uid = 9 )  [ RunTime:0.0003s ]
SQL: SELECT DISTINCT  `judgename` FROM `jyx_judge` WHERE ( uid=9 )  [ RunTime:0.0006s ]
SQL: SELECT DISTINCT  `op` FROM `jyx_judge` WHERE `judgename` = '附件'  [ RunTime:0.0006s ]
SQL: SELECT DISTINCT  `item` FROM `jyx_judge` WHERE `judgename` = '附件' LIMIT 1   [ RunTime:0.0006s ]
SQL: SELECT `contion` FROM `jyx_judge` WHERE `judgename` = '附件'  [ RunTime:0.0003s ]
SQL: SELECT `result` FROM `jyx_judge` WHERE `judgename` = '附件'  [ RunTime:0.0003s ]
SQL: SELECT * FROM `jyx_nojudge` WHERE ( uid = 11 )  [ RunTime:0.0003s ]
SQL: SELECT DISTINCT  `judgename` FROM `jyx_judge` WHERE ( uid=11 )  [ RunTime:0.0009s ]
SQL: SELECT * FROM `jyx_nojudge` WHERE ( uid = 12 )  [ RunTime:0.0004s ]
SQL: SELECT DISTINCT  `judgename` FROM `jyx_judge` WHERE ( uid=12 )  [ RunTime:0.0007s ]
SQL: SELECT DISTINCT  `op` FROM `jyx_judge` WHERE `judgename` = '利润点'  [ RunTime:0.0006s ]
SQL: SELECT DISTINCT  `item` FROM `jyx_judge` WHERE `judgename` = '利润点' LIMIT 1   [ RunTime:0.0007s ]
SQL: SELECT `contion` FROM `jyx_judge` WHERE `judgename` = '利润点'  [ RunTime:0.0003s ]
SQL: SELECT `result` FROM `jyx_judge` WHERE `judgename` = '利润点'  [ RunTime:0.0003s ]
SQL: SHOW COLUMNS FROM `jyx_count` [ RunTime:0.0163s ]
SQL: SELECT * FROM `jyx_count` WHERE `height` = 1600 AND `width` = 1200 AND `depth` = 1200 AND `box_depth` = 3 AND `door_depth` = 2 AND `block_depth` = 2 AND `locktype` = '铁锁' AND `type` = 'D' AND `color` = '7035' AND `xianjia` = '不要' AND `mft_type` = '机浇' AND `unit_price` = 1615  [ RunTime:0.0006s ]
NOTIC: [8] Undefined index: validate E:\wamp\www\jiyexianglast\ThinkPHP\Library\Think\Model.class.php 第 1185 行.
NOTIC: [8] Undefined index: auto E:\wamp\www\jiyexianglast\ThinkPHP\Library\Think\Model.class.php 第 1128 行.
NOTIC: [8] Undefined index: altis E:\wamp\www\jiyexianglast\App\Home\Controller\CountController.class.php 第 265 行.
SQL: INSERT INTO `jyx_count` (`height`,`width`,`depth`,`box_depth`,`door_depth`,`block_depth`,`locktype`,`type`,`color`,`xianjia`,`mft_type`,`unit_price`,`total`,`count`,`uid`,`time`) VALUES ('1600','1200','1200','3','2','2','铁锁','D','7035','不要','机浇','1615','3231','2','38','1464602922') [ RunTime:0.1063s ]
SQL: SELECT DISTINCT  * FROM `jyx_count` WHERE ( uid = 38 )  [ RunTime:0.0007s ]
INFO: [ view_parse ] --START--
INFO: [ template_filter ] --START--
INFO: Run Behavior\ContentReplaceBehavior [ RunTime:0.000156s ]
INFO: [ template_filter ] --END-- [ RunTime:0.000428s ]
INFO: Run Behavior\ParseTemplateBehavior [ RunTime:0.036788s ]
INFO: [ view_parse ] --END-- [ RunTime:0.037063s ]
INFO: [ view_filter ] --START--
INFO: Run Behavior\WriteHtmlCacheBehavior [ RunTime:0.001431s ]
INFO: [ view_filter ] --END-- [ RunTime:0.001634s ]

[ 2016-05-30T18:08:46+08:00 ] ::1 /jiyexianglast/Count/beforecount.jyx
INFO: [ app_begin ] --START--
INFO: Run Behavior\ReadHtmlCacheBehavior [ RunTime:0.001189s ]
INFO: [ app_begin ] --END-- [ RunTime:0.002326s ]
SQL: SHOW COLUMNS FROM `jyx_site` [ RunTime:0.0271s ]
SQL: SELECT * FROM `jyx_site` WHERE `id` = 1 LIMIT 1   [ RunTime:0.0006s ]
SQL: SHOW COLUMNS FROM `jyx_formulate` [ RunTime:0.0165s ]
SQL: SELECT `id` FROM `jyx_formulate` WHERE `formulate` LIKE '%线夹%' LIMIT 1   [ RunTime:0.0005s ]
SQL: SELECT * FROM `jyx_formulate` WHERE `status` = 1 AND `id` <> '5' ORDER BY corder asc  [ RunTime:0.0005s ]
SQL: SHOW COLUMNS FROM `jyx_nojudge` [ RunTime:0.0165s ]
SQL: SELECT * FROM `jyx_nojudge` WHERE ( uid = 1 )  [ RunTime:0.0006s ]
SQL: SHOW COLUMNS FROM `jyx_judge` [ RunTime:0.0168s ]
SQL: SELECT DISTINCT  `judgename` FROM `jyx_judge` WHERE ( uid=1 )  [ RunTime:0.0010s ]
NOTIC: [8] Undefined variable: str E:\wamp\www\jiyexianglast\App\Home\Controller\CountController.class.php 第 217 行.
SQL: SELECT * FROM `jyx_nojudge` WHERE ( uid = 2 )  [ RunTime:0.0003s ]
SQL: SELECT DISTINCT  `judgename` FROM `jyx_judge` WHERE ( uid=2 )  [ RunTime:0.0008s ]
SQL: SELECT DISTINCT  `op` FROM `jyx_judge` WHERE `judgename` = '锁数量'  [ RunTime:0.0012s ]
SQL: SELECT DISTINCT  `item` FROM `jyx_judge` WHERE `judgename` = '锁数量' LIMIT 1   [ RunTime:0.0009s ]
SQL: SELECT `contion` FROM `jyx_judge` WHERE `judgename` = '锁数量'  [ RunTime:0.0003s ]
SQL: SELECT `result` FROM `jyx_judge` WHERE `judgename` = '锁数量'  [ RunTime:0.0003s ]
SQL: SELECT DISTINCT  `op` FROM `jyx_judge` WHERE `judgename` = '锁单价'  [ RunTime:0.0012s ]
SQL: SELECT DISTINCT  `item` FROM `jyx_judge` WHERE `judgename` = '锁单价' LIMIT 1   [ RunTime:0.0009s ]
SQL: SELECT `contion` FROM `jyx_judge` WHERE `judgename` = '锁单价'  [ RunTime:0.0003s ]
SQL: SELECT `result` FROM `jyx_judge` WHERE `judgename` = '锁单价'  [ RunTime:0.0003s ]
SQL: SELECT * FROM `jyx_nojudge` WHERE ( uid = 3 )  [ RunTime:0.0003s ]
SQL: SELECT DISTINCT  `judgename` FROM `jyx_judge` WHERE ( uid=3 )  [ RunTime:0.0006s ]
SQL: SELECT DISTINCT  `op` FROM `jyx_judge` WHERE `judgename` = '封条单价'  [ RunTime:0.0006s ]
SQL: SELECT DISTINCT  `item` FROM `jyx_judge` WHERE `judgename` = '封条单价' LIMIT 1   [ RunTime:0.0007s ]
SQL: SELECT `contion` FROM `jyx_judge` WHERE `judgename` = '封条单价'  [ RunTime:0.0003s ]
SQL: SELECT `result` FROM `jyx_judge` WHERE `judgename` = '封条单价'  [ RunTime:0.0006s ]
SQL: SELECT * FROM `jyx_nojudge` WHERE ( uid = 4 )  [ RunTime:0.0006s ]
SQL: SELECT DISTINCT  `judgename` FROM `jyx_judge` WHERE ( uid=4 )  [ RunTime:0.0007s ]
SQL: SELECT * FROM `jyx_nojudge` WHERE ( uid = 6 )  [ RunTime:0.0003s ]
SQL: SELECT DISTINCT  `judgename` FROM `jyx_judge` WHERE ( uid=6 )  [ RunTime:0.0011s ]
SQL: SELECT DISTINCT  `op` FROM `jyx_judge` WHERE `judgename` = '喷塑单价'  [ RunTime:0.0008s ]
SQL: SELECT DISTINCT  `item` FROM `jyx_judge` WHERE `judgename` = '喷塑单价' LIMIT 1   [ RunTime:0.0009s ]
SQL: SELECT `contion` FROM `jyx_judge` WHERE `judgename` = '喷塑单价'  [ RunTime:0.0006s ]
SQL: SELECT `result` FROM `jyx_judge` WHERE `judgename` = '喷塑单价'  [ RunTime:0.0006s ]
SQL: SELECT * FROM `jyx_nojudge` WHERE ( uid = 7 )  [ RunTime:0.0004s ]
SQL: SELECT DISTINCT  `judgename` FROM `jyx_judge` WHERE ( uid=7 )  [ RunTime:0.0011s ]
SQL: SELECT DISTINCT  `op` FROM `jyx_judge` WHERE `judgename` = '数量'  [ RunTime:0.0011s ]
SQL: SELECT DISTINCT  `item` FROM `jyx_judge` WHERE `judgename` = '数量' LIMIT 1   [ RunTime:0.0007s ]
SQL: SELECT `contion` FROM `jyx_judge` WHERE `judgename` = '数量'  [ RunTime:0.0003s ]
SQL: SELECT `result` FROM `jyx_judge` WHERE `judgename` = '数量'  [ RunTime:0.0006s ]
SQL: SELECT * FROM `jyx_nojudge` WHERE ( uid = 8 )  [ RunTime:0.0005s ]
SQL: SELECT DISTINCT  `judgename` FROM `jyx_judge` WHERE ( uid=8 )  [ RunTime:0.0009s ]
SQL: SELECT * FROM `jyx_nojudge` WHERE ( uid = 9 )  [ RunTime:0.0004s ]
SQL: SELECT DISTINCT  `judgename` FROM `jyx_judge` WHERE ( uid=9 )  [ RunTime:0.0008s ]
SQL: SELECT DISTINCT  `op` FROM `jyx_judge` WHERE `judgename` = '附件'  [ RunTime:0.0006s ]
SQL: SELECT DISTINCT  `item` FROM `jyx_judge` WHERE `judgename` = '附件' LIMIT 1   [ RunTime:0.0006s ]
SQL: SELECT `contion` FROM `jyx_judge` WHERE `judgename` = '附件'  [ RunTime:0.0003s ]
SQL: SELECT `result` FROM `jyx_judge` WHERE `judgename` = '附件'  [ RunTime:0.0005s ]
SQL: SELECT * FROM `jyx_nojudge` WHERE ( uid = 11 )  [ RunTime:0.0004s ]
SQL: SELECT DISTINCT  `judgename` FROM `jyx_judge` WHERE ( uid=11 )  [ RunTime:0.0007s ]
SQL: SELECT * FROM `jyx_nojudge` WHERE ( uid = 12 )  [ RunTime:0.0004s ]
SQL: SELECT DISTINCT  `judgename` FROM `jyx_judge` WHERE ( uid=12 )  [ RunTime:0.0007s ]
SQL: SELECT DISTINCT  `op` FROM `jyx_judge` WHERE `judgename` = '利润点'  [ RunTime:0.0010s ]
SQL: SELECT DISTINCT  `item` FROM `jyx_judge` WHERE `judgename` = '利润点' LIMIT 1   [ RunTime:0.0010s ]
SQL: SELECT `contion` FROM `jyx_judge` WHERE `judgename` = '利润点'  [ RunTime:0.0004s ]
SQL: SELECT `result` FROM `jyx_judge` WHERE `judgename` = '利润点'  [ RunTime:0.0004s ]
SQL: SHOW COLUMNS FROM `jyx_count` [ RunTime:0.0167s ]
SQL: SELECT * FROM `jyx_count` WHERE `height` = 1600 AND `width` = 1200 AND `depth` = 1200 AND `box_depth` = 3 AND `door_depth` = 2 AND `block_depth` = 2 AND `locktype` = '铁锁' AND `type` = 'D' AND `color` = '7035' AND `xianjia` = '不要' AND `mft_type` = '手工' AND `unit_price` = 1615  [ RunTime:0.0007s ]
NOTIC: [8] Undefined index: validate E:\wamp\www\jiyexianglast\ThinkPHP\Library\Think\Model.class.php 第 1185 行.
NOTIC: [8] Undefined index: auto E:\wamp\www\jiyexianglast\ThinkPHP\Library\Think\Model.class.php 第 1128 行.
NOTIC: [8] Undefined index: altis E:\wamp\www\jiyexianglast\App\Home\Controller\CountController.class.php 第 265 行.
SQL: INSERT INTO `jyx_count` (`height`,`width`,`depth`,`box_depth`,`door_depth`,`block_depth`,`locktype`,`type`,`color`,`xianjia`,`mft_type`,`unit_price`,`total`,`count`,`uid`,`time`) VALUES ('1600','1200','1200','3','2','2','铁锁','D','7035','不要','手工','1615','3231','2','38','1464602926') [ RunTime:0.1351s ]
SQL: SELECT DISTINCT  * FROM `jyx_count` WHERE ( uid = 38 )  [ RunTime:0.0006s ]
INFO: [ view_parse ] --START--
INFO: [ template_filter ] --START--
INFO: Run Behavior\ContentReplaceBehavior [ RunTime:0.000142s ]
INFO: [ template_filter ] --END-- [ RunTime:0.000383s ]
INFO: Run Behavior\ParseTemplateBehavior [ RunTime:0.020915s ]
INFO: [ view_parse ] --END-- [ RunTime:0.021140s ]
INFO: [ view_filter ] --START--
INFO: Run Behavior\WriteHtmlCacheBehavior [ RunTime:0.001129s ]
INFO: [ view_filter ] --END-- [ RunTime:0.001335s ]

[ 2016-05-30T18:08:50+08:00 ] ::1 /jiyexianglast/Count/beforecount.jyx
INFO: [ app_begin ] --START--
INFO: Run Behavior\ReadHtmlCacheBehavior [ RunTime:0.001250s ]
INFO: [ app_begin ] --END-- [ RunTime:0.002384s ]
SQL: SHOW COLUMNS FROM `jyx_site` [ RunTime:0.0181s ]
SQL: SELECT * FROM `jyx_site` WHERE `id` = 1 LIMIT 1   [ RunTime:0.0005s ]
SQL: SHOW COLUMNS FROM `jyx_formulate` [ RunTime:0.0177s ]
SQL: SELECT `id` FROM `jyx_formulate` WHERE `formulate` LIKE '%线夹%' LIMIT 1   [ RunTime:0.0006s ]
SQL: SELECT * FROM `jyx_formulate` WHERE `status` = 1 AND `id` <> '5' ORDER BY corder asc  [ RunTime:0.0006s ]
SQL: SHOW COLUMNS FROM `jyx_nojudge` [ RunTime:0.0150s ]
SQL: SELECT * FROM `jyx_nojudge` WHERE ( uid = 1 )  [ RunTime:0.0005s ]
SQL: SHOW COLUMNS FROM `jyx_judge` [ RunTime:0.0151s ]
SQL: SELECT DISTINCT  `judgename` FROM `jyx_judge` WHERE ( uid=1 )  [ RunTime:0.0009s ]
NOTIC: [8] Undefined variable: str E:\wamp\www\jiyexianglast\App\Home\Controller\CountController.class.php 第 217 行.
SQL: SELECT * FROM `jyx_nojudge` WHERE ( uid = 2 )  [ RunTime:0.0003s ]
SQL: SELECT DISTINCT  `judgename` FROM `jyx_judge` WHERE ( uid=2 )  [ RunTime:0.0006s ]
SQL: SELECT DISTINCT  `op` FROM `jyx_judge` WHERE `judgename` = '锁数量'  [ RunTime:0.0006s ]
SQL: SELECT DISTINCT  `item` FROM `jyx_judge` WHERE `judgename` = '锁数量' LIMIT 1   [ RunTime:0.0006s ]
SQL: SELECT `contion` FROM `jyx_judge` WHERE `judgename` = '锁数量'  [ RunTime:0.0003s ]
SQL: SELECT `result` FROM `jyx_judge` WHERE `judgename` = '锁数量'  [ RunTime:0.0003s ]
SQL: SELECT DISTINCT  `op` FROM `jyx_judge` WHERE `judgename` = '锁单价'  [ RunTime:0.0006s ]
SQL: SELECT DISTINCT  `item` FROM `jyx_judge` WHERE `judgename` = '锁单价' LIMIT 1   [ RunTime:0.0006s ]
SQL: SELECT `contion` FROM `jyx_judge` WHERE `judgename` = '锁单价'  [ RunTime:0.0007s ]
SQL: SELECT `result` FROM `jyx_judge` WHERE `judgename` = '锁单价'  [ RunTime:0.0005s ]
SQL: SELECT * FROM `jyx_nojudge` WHERE ( uid = 3 )  [ RunTime:0.0003s ]
SQL: SELECT DISTINCT  `judgename` FROM `jyx_judge` WHERE ( uid=3 )  [ RunTime:0.0007s ]
SQL: SELECT DISTINCT  `op` FROM `jyx_judge` WHERE `judgename` = '封条单价'  [ RunTime:0.0006s ]
SQL: SELECT DISTINCT  `item` FROM `jyx_judge` WHERE `judgename` = '封条单价' LIMIT 1   [ RunTime:0.0006s ]
SQL: SELECT `contion` FROM `jyx_judge` WHERE `judgename` = '封条单价'  [ RunTime:0.0003s ]
SQL: SELECT `result` FROM `jyx_judge` WHERE `judgename` = '封条单价'  [ RunTime:0.0003s ]
SQL: SELECT * FROM `jyx_nojudge` WHERE ( uid = 4 )  [ RunTime:0.0003s ]
SQL: SELECT DISTINCT  `judgename` FROM `jyx_judge` WHERE ( uid=4 )  [ RunTime:0.0006s ]
SQL: SELECT * FROM `jyx_nojudge` WHERE ( uid = 6 )  [ RunTime:0.0003s ]
SQL: SELECT DISTINCT  `judgename` FROM `jyx_judge` WHERE ( uid=6 )  [ RunTime:0.0006s ]
SQL: SELECT DISTINCT  `op` FROM `jyx_judge` WHERE `judgename` = '喷塑单价'  [ RunTime:0.0006s ]
SQL: SELECT DISTINCT  `item` FROM `jyx_judge` WHERE `judgename` = '喷塑单价' LIMIT 1   [ RunTime:0.0006s ]
SQL: SELECT `contion` FROM `jyx_judge` WHERE `judgename` = '喷塑单价'  [ RunTime:0.0008s ]
SQL: SELECT `result` FROM `jyx_judge` WHERE `judgename` = '喷塑单价'  [ RunTime:0.0005s ]
SQL: SELECT * FROM `jyx_nojudge` WHERE ( uid = 7 )  [ RunTime:0.0003s ]
SQL: SELECT DISTINCT  `judgename` FROM `jyx_judge` WHERE ( uid=7 )  [ RunTime:0.0007s ]
SQL: SELECT DISTINCT  `op` FROM `jyx_judge` WHERE `judgename` = '数量'  [ RunTime:0.0007s ]
SQL: SELECT DISTINCT  `item` FROM `jyx_judge` WHERE `judgename` = '数量' LIMIT 1   [ RunTime:0.0006s ]
SQL: SELECT `contion` FROM `jyx_judge` WHERE `judgename` = '数量'  [ RunTime:0.0003s ]
SQL: SELECT `result` FROM `jyx_judge` WHERE `judgename` = '数量'  [ RunTime:0.0003s ]
SQL: SELECT * FROM `jyx_nojudge` WHERE ( uid = 8 )  [ RunTime:0.0003s ]
SQL: SELECT DISTINCT  `judgename` FROM `jyx_judge` WHERE ( uid=8 )  [ RunTime:0.0006s ]
SQL: SELECT * FROM `jyx_nojudge` WHERE ( uid = 9 )  [ RunTime:0.0003s ]
SQL: SELECT DISTINCT  `judgename` FROM `jyx_judge` WHERE ( uid=9 )  [ RunTime:0.0006s ]
SQL: SELECT DISTINCT  `op` FROM `jyx_judge` WHERE `judgename` = '附件'  [ RunTime:0.0006s ]
SQL: SELECT DISTINCT  `item` FROM `jyx_judge` WHERE `judgename` = '附件' LIMIT 1   [ RunTime:0.0006s ]
SQL: SELECT `contion` FROM `jyx_judge` WHERE `judgename` = '附件'  [ RunTime:0.0005s ]
SQL: SELECT `result` FROM `jyx_judge` WHERE `judgename` = '附件'  [ RunTime:0.0004s ]
SQL: SELECT * FROM `jyx_nojudge` WHERE ( uid = 11 )  [ RunTime:0.0003s ]
SQL: SELECT DISTINCT  `judgename` FROM `jyx_judge` WHERE ( uid=11 )  [ RunTime:0.0006s ]
SQL: SELECT * FROM `jyx_nojudge` WHERE ( uid = 12 )  [ RunTime:0.0003s ]
SQL: SELECT DISTINCT  `judgename` FROM `jyx_judge` WHERE ( uid=12 )  [ RunTime:0.0007s ]
SQL: SELECT DISTINCT  `op` FROM `jyx_judge` WHERE `judgename` = '利润点'  [ RunTime:0.0006s ]
SQL: SELECT DISTINCT  `item` FROM `jyx_judge` WHERE `judgename` = '利润点' LIMIT 1   [ RunTime:0.0006s ]
SQL: SELECT `contion` FROM `jyx_judge` WHERE `judgename` = '利润点'  [ RunTime:0.0003s ]
SQL: SELECT `result` FROM `jyx_judge` WHERE `judgename` = '利润点'  [ RunTime:0.0003s ]
SQL: SHOW COLUMNS FROM `jyx_count` [ RunTime:0.0171s ]
SQL: SELECT * FROM `jyx_count` WHERE `height` = 1600 AND `width` = 1200 AND `depth` = 1200 AND `box_depth` = 3 AND `door_depth` = 2 AND `block_depth` = 2 AND `locktype` = '铁锁' AND `type` = 'D' AND `color` = '1790' AND `xianjia` = '不要' AND `mft_type` = '手工' AND `unit_price` = 1615  [ RunTime:0.0006s ]
NOTIC: [8] Undefined index: validate E:\wamp\www\jiyexianglast\ThinkPHP\Library\Think\Model.class.php 第 1185 行.
NOTIC: [8] Undefined index: auto E:\wamp\www\jiyexianglast\ThinkPHP\Library\Think\Model.class.php 第 1128 行.
NOTIC: [8] Undefined index: altis E:\wamp\www\jiyexianglast\App\Home\Controller\CountController.class.php 第 265 行.
SQL: INSERT INTO `jyx_count` (`height`,`width`,`depth`,`box_depth`,`door_depth`,`block_depth`,`locktype`,`type`,`color`,`xianjia`,`mft_type`,`unit_price`,`total`,`count`,`uid`,`time`) VALUES ('1600','1200','1200','3','2','2','铁锁','D','1790','不要','手工','1615','3231','2','38','1464602930') [ RunTime:0.0770s ]
SQL: SELECT DISTINCT  * FROM `jyx_count` WHERE ( uid = 38 )  [ RunTime:0.0005s ]
INFO: [ view_parse ] --START--
INFO: [ template_filter ] --START--
INFO: Run Behavior\ContentReplaceBehavior [ RunTime:0.000116s ]
INFO: [ template_filter ] --END-- [ RunTime:0.000310s ]
INFO: Run Behavior\ParseTemplateBehavior [ RunTime:0.019358s ]
INFO: [ view_parse ] --END-- [ RunTime:0.019554s ]
INFO: [ view_filter ] --START--
INFO: Run Behavior\WriteHtmlCacheBehavior [ RunTime:0.001052s ]
INFO: [ view_filter ] --END-- [ RunTime:0.001246s ]

[ 2016-05-30T18:08:55+08:00 ] ::1 /jiyexianglast/Count/altdata.jyx
INFO: [ app_begin ] --START--
INFO: Run Behavior\ReadHtmlCacheBehavior [ RunTime:0.001230s ]
INFO: [ app_begin ] --END-- [ RunTime:0.002366s ]
SQL: SHOW COLUMNS FROM `jyx_site` [ RunTime:0.0184s ]
SQL: SELECT * FROM `jyx_site` WHERE `id` = 1 LIMIT 1   [ RunTime:0.0007s ]
SQL: SHOW COLUMNS FROM `jyx_formulate` [ RunTime:0.0156s ]
SQL: SELECT `id` FROM `jyx_formulate` WHERE `formulate` LIKE '%线夹%' LIMIT 1   [ RunTime:0.0004s ]
SQL: SELECT * FROM `jyx_formulate` WHERE `status` = 1 AND `id` <> '5' ORDER BY corder asc  [ RunTime:0.0006s ]
SQL: SHOW COLUMNS FROM `jyx_nojudge` [ RunTime:0.0148s ]
SQL: SELECT * FROM `jyx_nojudge` WHERE ( uid = 1 )  [ RunTime:0.0006s ]
SQL: SHOW COLUMNS FROM `jyx_judge` [ RunTime:0.0191s ]
SQL: SELECT DISTINCT  `judgename` FROM `jyx_judge` WHERE ( uid=1 )  [ RunTime:0.0008s ]
NOTIC: [8] Undefined variable: str E:\wamp\www\jiyexianglast\App\Home\Controller\CountController.class.php 第 217 行.
SQL: SELECT * FROM `jyx_nojudge` WHERE ( uid = 2 )  [ RunTime:0.0004s ]
SQL: SELECT DISTINCT  `judgename` FROM `jyx_judge` WHERE ( uid=2 )  [ RunTime:0.0006s ]
SQL: SELECT DISTINCT  `op` FROM `jyx_judge` WHERE `judgename` = '锁数量'  [ RunTime:0.0006s ]
SQL: SELECT DISTINCT  `item` FROM `jyx_judge` WHERE `judgename` = '锁数量' LIMIT 1   [ RunTime:0.0006s ]
SQL: SELECT `contion` FROM `jyx_judge` WHERE `judgename` = '锁数量'  [ RunTime:0.0008s ]
SQL: SELECT `result` FROM `jyx_judge` WHERE `judgename` = '锁数量'  [ RunTime:0.0005s ]
SQL: SELECT DISTINCT  `op` FROM `jyx_judge` WHERE `judgename` = '锁单价'  [ RunTime:0.0007s ]
SQL: SELECT DISTINCT  `item` FROM `jyx_judge` WHERE `judgename` = '锁单价' LIMIT 1   [ RunTime:0.0006s ]
SQL: SELECT `contion` FROM `jyx_judge` WHERE `judgename` = '锁单价'  [ RunTime:0.0003s ]
SQL: SELECT `result` FROM `jyx_judge` WHERE `judgename` = '锁单价'  [ RunTime:0.0003s ]
SQL: SELECT * FROM `jyx_nojudge` WHERE ( uid = 3 )  [ RunTime:0.0003s ]
SQL: SELECT DISTINCT  `judgename` FROM `jyx_judge` WHERE ( uid=3 )  [ RunTime:0.0006s ]
SQL: SELECT DISTINCT  `op` FROM `jyx_judge` WHERE `judgename` = '封条单价'  [ RunTime:0.0006s ]
SQL: SELECT DISTINCT  `item` FROM `jyx_judge` WHERE `judgename` = '封条单价' LIMIT 1   [ RunTime:0.0006s ]
SQL: SELECT `contion` FROM `jyx_judge` WHERE `judgename` = '封条单价'  [ RunTime:0.0003s ]
SQL: SELECT `result` FROM `jyx_judge` WHERE `judgename` = '封条单价'  [ RunTime:0.0003s ]
SQL: SELECT * FROM `jyx_nojudge` WHERE ( uid = 4 )  [ RunTime:0.0003s ]
SQL: SELECT DISTINCT  `judgename` FROM `jyx_judge` WHERE ( uid=4 )  [ RunTime:0.0006s ]
SQL: SELECT * FROM `jyx_nojudge` WHERE ( uid = 6 )  [ RunTime:0.0003s ]
SQL: SELECT DISTINCT  `judgename` FROM `jyx_judge` WHERE ( uid=6 )  [ RunTime:0.0010s ]
SQL: SELECT DISTINCT  `op` FROM `jyx_judge` WHERE `judgename` = '喷塑单价'  [ RunTime:0.0009s ]
SQL: SELECT DISTINCT  `item` FROM `jyx_judge` WHERE `judgename` = '喷塑单价' LIMIT 1   [ RunTime:0.0006s ]
SQL: SELECT `contion` FROM `jyx_judge` WHERE `judgename` = '喷塑单价'  [ RunTime:0.0003s ]
SQL: SELECT `result` FROM `jyx_judge` WHERE `judgename` = '喷塑单价'  [ RunTime:0.0003s ]
SQL: SELECT * FROM `jyx_nojudge` WHERE ( uid = 7 )  [ RunTime:0.0003s ]
SQL: SELECT DISTINCT  `judgename` FROM `jyx_judge` WHERE ( uid=7 )  [ RunTime:0.0007s ]
SQL: SELECT DISTINCT  `op` FROM `jyx_judge` WHERE `judgename` = '数量'  [ RunTime:0.0007s ]
SQL: SELECT DISTINCT  `item` FROM `jyx_judge` WHERE `judgename` = '数量' LIMIT 1   [ RunTime:0.0006s ]
SQL: SELECT `contion` FROM `jyx_judge` WHERE `judgename` = '数量'  [ RunTime:0.0003s ]
SQL: SELECT `result` FROM `jyx_judge` WHERE `judgename` = '数量'  [ RunTime:0.0003s ]
SQL: SELECT * FROM `jyx_nojudge` WHERE ( uid = 8 )  [ RunTime:0.0003s ]
SQL: SELECT DISTINCT  `judgename` FROM `jyx_judge` WHERE ( uid=8 )  [ RunTime:0.0006s ]
SQL: SELECT * FROM `jyx_nojudge` WHERE ( uid = 9 )  [ RunTime:0.0007s ]
SQL: SELECT DISTINCT  `judgename` FROM `jyx_judge` WHERE ( uid=9 )  [ RunTime:0.0009s ]
SQL: SELECT DISTINCT  `op` FROM `jyx_judge` WHERE `judgename` = '附件'  [ RunTime:0.0007s ]
SQL: SELECT DISTINCT  `item` FROM `jyx_judge` WHERE `judgename` = '附件' LIMIT 1   [ RunTime:0.0006s ]
SQL: SELECT `contion` FROM `jyx_judge` WHERE `judgename` = '附件'  [ RunTime:0.0003s ]
SQL: SELECT `result` FROM `jyx_judge` WHERE `judgename` = '附件'  [ RunTime:0.0003s ]
SQL: SELECT * FROM `jyx_nojudge` WHERE ( uid = 11 )  [ RunTime:0.0003s ]
SQL: SELECT DISTINCT  `judgename` FROM `jyx_judge` WHERE ( uid=11 )  [ RunTime:0.0006s ]
SQL: SELECT * FROM `jyx_nojudge` WHERE ( uid = 12 )  [ RunTime:0.0003s ]
SQL: SELECT DISTINCT  `judgename` FROM `jyx_judge` WHERE ( uid=12 )  [ RunTime:0.0006s ]
SQL: SELECT DISTINCT  `op` FROM `jyx_judge` WHERE `judgename` = '利润点'  [ RunTime:0.0007s ]
SQL: SELECT DISTINCT  `item` FROM `jyx_judge` WHERE `judgename` = '利润点' LIMIT 1   [ RunTime:0.0006s ]
SQL: SELECT `contion` FROM `jyx_judge` WHERE `judgename` = '利润点'  [ RunTime:0.0003s ]
SQL: SELECT `result` FROM `jyx_judge` WHERE `judgename` = '利润点'  [ RunTime:0.0003s ]
SQL: SHOW COLUMNS FROM `jyx_count` [ RunTime:0.0156s ]
SQL: SELECT * FROM `jyx_count` WHERE `height` = 1600 AND `width` = 1200 AND `depth` = 1200 AND `box_depth` = 3 AND `door_depth` = 2 AND `block_depth` = 2 AND `locktype` = '铁锁' AND `type` = 'D' AND `color` = '1790' AND `xianjia` = '不要' AND `mft_type` = '手工' AND `unit_price` = 1615  [ RunTime:0.0005s ]

[ 2016-05-30T18:08:57+08:00 ] ::1 /jiyexianglast/Count/altdata.jyx
INFO: [ app_begin ] --START--
INFO: Run Behavior\ReadHtmlCacheBehavior [ RunTime:0.001234s ]
INFO: [ app_begin ] --END-- [ RunTime:0.002417s ]
SQL: SHOW COLUMNS FROM `jyx_site` [ RunTime:0.0182s ]
SQL: SELECT * FROM `jyx_site` WHERE `id` = 1 LIMIT 1   [ RunTime:0.0005s ]
SQL: SHOW COLUMNS FROM `jyx_formulate` [ RunTime:0.0151s ]
SQL: SELECT `id` FROM `jyx_formulate` WHERE `formulate` LIKE '%线夹%' LIMIT 1   [ RunTime:0.0005s ]
SQL: SELECT * FROM `jyx_formulate` WHERE `status` = 1 AND `id` <> '5' ORDER BY corder asc  [ RunTime:0.0006s ]
SQL: SHOW COLUMNS FROM `jyx_nojudge` [ RunTime:0.0148s ]
SQL: SELECT * FROM `jyx_nojudge` WHERE ( uid = 1 )  [ RunTime:0.0006s ]
SQL: SHOW COLUMNS FROM `jyx_judge` [ RunTime:0.0152s ]
SQL: SELECT DISTINCT  `judgename` FROM `jyx_judge` WHERE ( uid=1 )  [ RunTime:0.0007s ]
NOTIC: [8] Undefined variable: str E:\wamp\www\jiyexianglast\App\Home\Controller\CountController.class.php 第 217 行.
SQL: SELECT * FROM `jyx_nojudge` WHERE ( uid = 2 )  [ RunTime:0.0003s ]
SQL: SELECT DISTINCT  `judgename` FROM `jyx_judge` WHERE ( uid=2 )  [ RunTime:0.0006s ]
SQL: SELECT DISTINCT  `op` FROM `jyx_judge` WHERE `judgename` = '锁数量'  [ RunTime:0.0006s ]
SQL: SELECT DISTINCT  `item` FROM `jyx_judge` WHERE `judgename` = '锁数量' LIMIT 1   [ RunTime:0.0007s ]
SQL: SELECT `contion` FROM `jyx_judge` WHERE `judgename` = '锁数量'  [ RunTime:0.0007s ]
SQL: SELECT `result` FROM `jyx_judge` WHERE `judgename` = '锁数量'  [ RunTime:0.0004s ]
SQL: SELECT DISTINCT  `op` FROM `jyx_judge` WHERE `judgename` = '锁单价'  [ RunTime:0.0007s ]
SQL: SELECT DISTINCT  `item` FROM `jyx_judge` WHERE `judgename` = '锁单价' LIMIT 1   [ RunTime:0.0006s ]
SQL: SELECT `contion` FROM `jyx_judge` WHERE `judgename` = '锁单价'  [ RunTime:0.0003s ]
SQL: SELECT `result` FROM `jyx_judge` WHERE `judgename` = '锁单价'  [ RunTime:0.0003s ]
SQL: SELECT * FROM `jyx_nojudge` WHERE ( uid = 3 )  [ RunTime:0.0003s ]
SQL: SELECT DISTINCT  `judgename` FROM `jyx_judge` WHERE ( uid=3 )  [ RunTime:0.0006s ]
SQL: SELECT DISTINCT  `op` FROM `jyx_judge` WHERE `judgename` = '封条单价'  [ RunTime:0.0006s ]
SQL: SELECT DISTINCT  `item` FROM `jyx_judge` WHERE `judgename` = '封条单价' LIMIT 1   [ RunTime:0.0006s ]
SQL: SELECT `contion` FROM `jyx_judge` WHERE `judgename` = '封条单价'  [ RunTime:0.0003s ]
SQL: SELECT `result` FROM `jyx_judge` WHERE `judgename` = '封条单价'  [ RunTime:0.0003s ]
SQL: SELECT * FROM `jyx_nojudge` WHERE ( uid = 4 )  [ RunTime:0.0003s ]
SQL: SELECT DISTINCT  `judgename` FROM `jyx_judge` WHERE ( uid=4 )  [ RunTime:0.0006s ]
SQL: SELECT * FROM `jyx_nojudge` WHERE ( uid = 6 )  [ RunTime:0.0004s ]
SQL: SELECT DISTINCT  `judgename` FROM `jyx_judge` WHERE ( uid=6 )  [ RunTime:0.0008s ]
SQL: SELECT DISTINCT  `op` FROM `jyx_judge` WHERE `judgename` = '喷塑单价'  [ RunTime:0.0006s ]
SQL: SELECT DISTINCT  `item` FROM `jyx_judge` WHERE `judgename` = '喷塑单价' LIMIT 1   [ RunTime:0.0006s ]
SQL: SELECT `contion` FROM `jyx_judge` WHERE `judgename` = '喷塑单价'  [ RunTime:0.0003s ]
SQL: SELECT `result` FROM `jyx_judge` WHERE `judgename` = '喷塑单价'  [ RunTime:0.0003s ]
SQL: SELECT * FROM `jyx_nojudge` WHERE ( uid = 7 )  [ RunTime:0.0003s ]
SQL: SELECT DISTINCT  `judgename` FROM `jyx_judge` WHERE ( uid=7 )  [ RunTime:0.0006s ]
SQL: SELECT DISTINCT  `op` FROM `jyx_judge` WHERE `judgename` = '数量'  [ RunTime:0.0007s ]
SQL: SELECT DISTINCT  `item` FROM `jyx_judge` WHERE `judgename` = '数量' LIMIT 1   [ RunTime:0.0006s ]
SQL: SELECT `contion` FROM `jyx_judge` WHERE `judgename` = '数量'  [ RunTime:0.0003s ]
SQL: SELECT `result` FROM `jyx_judge` WHERE `judgename` = '数量'  [ RunTime:0.0003s ]
SQL: SELECT * FROM `jyx_nojudge` WHERE ( uid = 8 )  [ RunTime:0.0003s ]
SQL: SELECT DISTINCT  `judgename` FROM `jyx_judge` WHERE ( uid=8 )  [ RunTime:0.0006s ]
SQL: SELECT * FROM `jyx_nojudge` WHERE ( uid = 9 )  [ RunTime:0.0003s ]
SQL: SELECT DISTINCT  `judgename` FROM `jyx_judge` WHERE ( uid=9 )  [ RunTime:0.0013s ]
SQL: SELECT DISTINCT  `op` FROM `jyx_judge` WHERE `judgename` = '附件'  [ RunTime:0.0008s ]
SQL: SELECT DISTINCT  `item` FROM `jyx_judge` WHERE `judgename` = '附件' LIMIT 1   [ RunTime:0.0007s ]
SQL: SELECT `contion` FROM `jyx_judge` WHERE `judgename` = '附件'  [ RunTime:0.0003s ]
SQL: SELECT `result` FROM `jyx_judge` WHERE `judgename` = '附件'  [ RunTime:0.0003s ]
SQL: SELECT * FROM `jyx_nojudge` WHERE ( uid = 11 )  [ RunTime:0.0003s ]
SQL: SELECT DISTINCT  `judgename` FROM `jyx_judge` WHERE ( uid=11 )  [ RunTime:0.0006s ]
SQL: SELECT * FROM `jyx_nojudge` WHERE ( uid = 12 )  [ RunTime:0.0003s ]
SQL: SELECT DISTINCT  `judgename` FROM `jyx_judge` WHERE ( uid=12 )  [ RunTime:0.0006s ]
SQL: SELECT DISTINCT  `op` FROM `jyx_judge` WHERE `judgename` = '利润点'  [ RunTime:0.0006s ]
SQL: SELECT DISTINCT  `item` FROM `jyx_judge` WHERE `judgename` = '利润点' LIMIT 1   [ RunTime:0.0006s ]
SQL: SELECT `contion` FROM `jyx_judge` WHERE `judgename` = '利润点'  [ RunTime:0.0003s ]
SQL: SELECT `result` FROM `jyx_judge` WHERE `judgename` = '利润点'  [ RunTime:0.0003s ]
SQL: SHOW COLUMNS FROM `jyx_count` [ RunTime:0.0152s ]
SQL: SELECT * FROM `jyx_count` WHERE `height` = 1600 AND `width` = 1200 AND `depth` = 1200 AND `box_depth` = 3 AND `door_depth` = 2 AND `block_depth` = 2 AND `locktype` = '铁锁' AND `type` = 'D' AND `color` = '1790' AND `xianjia` = '不要' AND `mft_type` = '手工' AND `unit_price` = 1615  [ RunTime:0.0005s ]

[ 2016-05-30T18:08:59+08:00 ] ::1 /jiyexianglast/Count/beforecount.jyx
INFO: [ app_begin ] --START--
INFO: Run Behavior\ReadHtmlCacheBehavior [ RunTime:0.001249s ]
INFO: [ app_begin ] --END-- [ RunTime:0.002381s ]
SQL: SHOW COLUMNS FROM `jyx_site` [ RunTime:0.0190s ]
SQL: SELECT * FROM `jyx_site` WHERE `id` = 1 LIMIT 1   [ RunTime:0.0005s ]
SQL: SHOW COLUMNS FROM `jyx_formulate` [ RunTime:0.0150s ]
SQL: SELECT `id` FROM `jyx_formulate` WHERE `formulate` LIKE '%线夹%' LIMIT 1   [ RunTime:0.0004s ]
SQL: SELECT * FROM `jyx_formulate` WHERE `status` = 1 AND `id` <> '5' ORDER BY corder asc  [ RunTime:0.0006s ]
SQL: SHOW COLUMNS FROM `jyx_nojudge` [ RunTime:0.0154s ]
SQL: SELECT * FROM `jyx_nojudge` WHERE ( uid = 1 )  [ RunTime:0.0006s ]
SQL: SHOW COLUMNS FROM `jyx_judge` [ RunTime:0.0152s ]
SQL: SELECT DISTINCT  `judgename` FROM `jyx_judge` WHERE ( uid=1 )  [ RunTime:0.0007s ]
NOTIC: [8] Undefined variable: str E:\wamp\www\jiyexianglast\App\Home\Controller\CountController.class.php 第 217 行.
SQL: SELECT * FROM `jyx_nojudge` WHERE ( uid = 2 )  [ RunTime:0.0003s ]
SQL: SELECT DISTINCT  `judgename` FROM `jyx_judge` WHERE ( uid=2 )  [ RunTime:0.0006s ]
SQL: SELECT DISTINCT  `op` FROM `jyx_judge` WHERE `judgename` = '锁数量'  [ RunTime:0.0006s ]
SQL: SELECT DISTINCT  `item` FROM `jyx_judge` WHERE `judgename` = '锁数量' LIMIT 1   [ RunTime:0.0006s ]
SQL: SELECT `contion` FROM `jyx_judge` WHERE `judgename` = '锁数量'  [ RunTime:0.0003s ]
SQL: SELECT `result` FROM `jyx_judge` WHERE `judgename` = '锁数量'  [ RunTime:0.0003s ]
SQL: SELECT DISTINCT  `op` FROM `jyx_judge` WHERE `judgename` = '锁单价'  [ RunTime:0.0010s ]
SQL: SELECT DISTINCT  `item` FROM `jyx_judge` WHERE `judgename` = '锁单价' LIMIT 1   [ RunTime:0.0009s ]
SQL: SELECT `contion` FROM `jyx_judge` WHERE `judgename` = '锁单价'  [ RunTime:0.0003s ]
SQL: SELECT `result` FROM `jyx_judge` WHERE `judgename` = '锁单价'  [ RunTime:0.0003s ]
SQL: SELECT * FROM `jyx_nojudge` WHERE ( uid = 3 )  [ RunTime:0.0003s ]
SQL: SELECT DISTINCT  `judgename` FROM `jyx_judge` WHERE ( uid=3 )  [ RunTime:0.0006s ]
SQL: SELECT DISTINCT  `op` FROM `jyx_judge` WHERE `judgename` = '封条单价'  [ RunTime:0.0006s ]
SQL: SELECT DISTINCT  `item` FROM `jyx_judge` WHERE `judgename` = '封条单价' LIMIT 1   [ RunTime:0.0006s ]
SQL: SELECT `contion` FROM `jyx_judge` WHERE `judgename` = '封条单价'  [ RunTime:0.0003s ]
SQL: SELECT `result` FROM `jyx_judge` WHERE `judgename` = '封条单价'  [ RunTime:0.0003s ]
SQL: SELECT * FROM `jyx_nojudge` WHERE ( uid = 4 )  [ RunTime:0.0003s ]
SQL: SELECT DISTINCT  `judgename` FROM `jyx_judge` WHERE ( uid=4 )  [ RunTime:0.0006s ]
SQL: SELECT * FROM `jyx_nojudge` WHERE ( uid = 6 )  [ RunTime:0.0003s ]
SQL: SELECT DISTINCT  `judgename` FROM `jyx_judge` WHERE ( uid=6 )  [ RunTime:0.0007s ]
SQL: SELECT DISTINCT  `op` FROM `jyx_judge` WHERE `judgename` = '喷塑单价'  [ RunTime:0.0012s ]
SQL: SELECT DISTINCT  `item` FROM `jyx_judge` WHERE `judgename` = '喷塑单价' LIMIT 1   [ RunTime:0.0007s ]
SQL: SELECT `contion` FROM `jyx_judge` WHERE `judgename` = '喷塑单价'  [ RunTime:0.0004s ]
SQL: SELECT `result` FROM `jyx_judge` WHERE `judgename` = '喷塑单价'  [ RunTime:0.0003s ]
SQL: SELECT * FROM `jyx_nojudge` WHERE ( uid = 7 )  [ RunTime:0.0003s ]
SQL: SELECT DISTINCT  `judgename` FROM `jyx_judge` WHERE ( uid=7 )  [ RunTime:0.0007s ]
SQL: SELECT DISTINCT  `op` FROM `jyx_judge` WHERE `judgename` = '数量'  [ RunTime:0.0007s ]
SQL: SELECT DISTINCT  `item` FROM `jyx_judge` WHERE `judgename` = '数量' LIMIT 1   [ RunTime:0.0006s ]
SQL: SELECT `contion` FROM `jyx_judge` WHERE `judgename` = '数量'  [ RunTime:0.0003s ]
SQL: SELECT `result` FROM `jyx_judge` WHERE `judgename` = '数量'  [ RunTime:0.0003s ]
SQL: SELECT * FROM `jyx_nojudge` WHERE ( uid = 8 )  [ RunTime:0.0003s ]
SQL: SELECT DISTINCT  `judgename` FROM `jyx_judge` WHERE ( uid=8 )  [ RunTime:0.0006s ]
SQL: SELECT * FROM `jyx_nojudge` WHERE ( uid = 9 )  [ RunTime:0.0003s ]
SQL: SELECT DISTINCT  `judgename` FROM `jyx_judge` WHERE ( uid=9 )  [ RunTime:0.0006s ]
SQL: SELECT DISTINCT  `op` FROM `jyx_judge` WHERE `judgename` = '附件'  [ RunTime:0.0013s ]
SQL: SELECT DISTINCT  `item` FROM `jyx_judge` WHERE `judgename` = '附件' LIMIT 1   [ RunTime:0.0009s ]
SQL: SELECT `contion` FROM `jyx_judge` WHERE `judgename` = '附件'  [ RunTime:0.0004s ]
SQL: SELECT `result` FROM `jyx_judge` WHERE `judgename` = '附件'  [ RunTime:0.0003s ]
SQL: SELECT * FROM `jyx_nojudge` WHERE ( uid = 11 )  [ RunTime:0.0003s ]
SQL: SELECT DISTINCT  `judgename` FROM `jyx_judge` WHERE ( uid=11 )  [ RunTime:0.0006s ]
SQL: SELECT * FROM `jyx_nojudge` WHERE ( uid = 12 )  [ RunTime:0.0003s ]
SQL: SELECT DISTINCT  `judgename` FROM `jyx_judge` WHERE ( uid=12 )  [ RunTime:0.0006s ]
SQL: SELECT DISTINCT  `op` FROM `jyx_judge` WHERE `judgename` = '利润点'  [ RunTime:0.0006s ]
SQL: SELECT DISTINCT  `item` FROM `jyx_judge` WHERE `judgename` = '利润点' LIMIT 1   [ RunTime:0.0006s ]
SQL: SELECT `contion` FROM `jyx_judge` WHERE `judgename` = '利润点'  [ RunTime:0.0003s ]
SQL: SELECT `result` FROM `jyx_judge` WHERE `judgename` = '利润点'  [ RunTime:0.0003s ]
SQL: SHOW COLUMNS FROM `jyx_count` [ RunTime:0.0154s ]
SQL: SELECT * FROM `jyx_count` WHERE `height` = 1600 AND `width` = 1200 AND `depth` = 1200 AND `box_depth` = 3 AND `door_depth` = 2 AND `block_depth` = 2 AND `locktype` = '铁锁' AND `type` = 'D' AND `color` = '1790' AND `xianjia` = '不要' AND `mft_type` = '手工' AND `unit_price` = 1615  [ RunTime:0.0005s ]

[ 2016-05-30T18:09:02+08:00 ] ::1 /jiyexianglast/Count/showonedata.jyx
INFO: [ app_begin ] --START--
INFO: Run Behavior\ReadHtmlCacheBehavior [ RunTime:0.001260s ]
INFO: [ app_begin ] --END-- [ RunTime:0.002467s ]
SQL: SHOW COLUMNS FROM `jyx_site` [ RunTime:0.0183s ]
SQL: SELECT * FROM `jyx_site` WHERE `id` = 1 LIMIT 1   [ RunTime:0.0005s ]
SQL: SHOW COLUMNS FROM `jyx_judge` [ RunTime:0.1058s ]
SQL: SELECT * FROM `jyx_judge` WHERE `item` = '类型'  [ RunTime:0.0006s ]
SQL: SELECT * FROM `jyx_judge` WHERE `item` = '锁类型'  [ RunTime:0.0004s ]
SQL: SELECT * FROM `jyx_judge` WHERE `item` = '塑粉颜色'  [ RunTime:0.0004s ]
SQL: SHOW COLUMNS FROM `jyx_count` [ RunTime:0.0162s ]
SQL: SELECT * FROM `jyx_count` WHERE `uid` = 38 AND `type` = 'D' AND `height` = 1600 AND `width` = 1200 AND `depth` = 1200 AND `door_depth` = 2 AND `box_depth` = 3 AND `block_depth` = 2 AND `locktype` = '铁锁' AND `color` = '7035' AND `unit_price` = 1615 AND `count` = 2 AND `total` = 3231 LIMIT 1   [ RunTime:0.0011s ]
INFO: [ view_parse ] --START--
INFO: [ template_filter ] --START--
INFO: Run Behavior\ContentReplaceBehavior [ RunTime:0.000148s ]
INFO: [ template_filter ] --END-- [ RunTime:0.000365s ]
INFO: Run Behavior\ParseTemplateBehavior [ RunTime:0.025077s ]
INFO: [ view_parse ] --END-- [ RunTime:0.025325s ]
INFO: [ view_filter ] --START--
INFO: Run Behavior\WriteHtmlCacheBehavior [ RunTime:0.001387s ]
INFO: [ view_filter ] --END-- [ RunTime:0.001605s ]

[ 2016-05-30T18:09:03+08:00 ] ::1 /jiyexianglast/Count/altdata.jyx
INFO: [ app_begin ] --START--
INFO: Run Behavior\ReadHtmlCacheBehavior [ RunTime:0.001233s ]
INFO: [ app_begin ] --END-- [ RunTime:0.002535s ]
SQL: SHOW COLUMNS FROM `jyx_site` [ RunTime:0.0187s ]
SQL: SELECT * FROM `jyx_site` WHERE `id` = 1 LIMIT 1   [ RunTime:0.0007s ]
SQL: SHOW COLUMNS FROM `jyx_formulate` [ RunTime:0.0593s ]
SQL: SELECT `id` FROM `jyx_formulate` WHERE `formulate` LIKE '%线夹%' LIMIT 1   [ RunTime:0.0005s ]
SQL: SELECT * FROM `jyx_formulate` WHERE `status` = 1 AND `id` <> '5' ORDER BY corder asc  [ RunTime:0.0006s ]
SQL: SHOW COLUMNS FROM `jyx_nojudge` [ RunTime:0.0143s ]
SQL: SELECT * FROM `jyx_nojudge` WHERE ( uid = 1 )  [ RunTime:0.0006s ]
SQL: SHOW COLUMNS FROM `jyx_judge` [ RunTime:0.0167s ]
SQL: SELECT DISTINCT  `judgename` FROM `jyx_judge` WHERE ( uid=1 )  [ RunTime:0.0009s ]
NOTIC: [8] Undefined variable: str E:\wamp\www\jiyexianglast\App\Home\Controller\CountController.class.php 第 217 行.
SQL: SELECT * FROM `jyx_nojudge` WHERE ( uid = 2 )  [ RunTime:0.0004s ]
SQL: SELECT DISTINCT  `judgename` FROM `jyx_judge` WHERE ( uid=2 )  [ RunTime:0.0007s ]
SQL: SELECT DISTINCT  `op` FROM `jyx_judge` WHERE `judgename` = '锁数量'  [ RunTime:0.0007s ]
SQL: SELECT DISTINCT  `item` FROM `jyx_judge` WHERE `judgename` = '锁数量' LIMIT 1   [ RunTime:0.0007s ]
SQL: SELECT `contion` FROM `jyx_judge` WHERE `judgename` = '锁数量'  [ RunTime:0.0003s ]
SQL: SELECT `result` FROM `jyx_judge` WHERE `judgename` = '锁数量'  [ RunTime:0.0003s ]
SQL: SELECT DISTINCT  `op` FROM `jyx_judge` WHERE `judgename` = '锁单价'  [ RunTime:0.0007s ]
SQL: SELECT DISTINCT  `item` FROM `jyx_judge` WHERE `judgename` = '锁单价' LIMIT 1   [ RunTime:0.0009s ]
SQL: SELECT `contion` FROM `jyx_judge` WHERE `judgename` = '锁单价'  [ RunTime:0.0007s ]
SQL: SELECT `result` FROM `jyx_judge` WHERE `judgename` = '锁单价'  [ RunTime:0.0005s ]
SQL: SELECT * FROM `jyx_nojudge` WHERE ( uid = 3 )  [ RunTime:0.0004s ]
SQL: SELECT DISTINCT  `judgename` FROM `jyx_judge` WHERE ( uid=3 )  [ RunTime:0.0007s ]
SQL: SELECT DISTINCT  `op` FROM `jyx_judge` WHERE `judgename` = '封条单价'  [ RunTime:0.0006s ]
SQL: SELECT DISTINCT  `item` FROM `jyx_judge` WHERE `judgename` = '封条单价' LIMIT 1   [ RunTime:0.0006s ]
SQL: SELECT `contion` FROM `jyx_judge` WHERE `judgename` = '封条单价'  [ RunTime:0.0003s ]
SQL: SELECT `result` FROM `jyx_judge` WHERE `judgename` = '封条单价'  [ RunTime:0.0004s ]
SQL: SELECT * FROM `jyx_nojudge` WHERE ( uid = 4 )  [ RunTime:0.0003s ]
SQL: SELECT DISTINCT  `judgename` FROM `jyx_judge` WHERE ( uid=4 )  [ RunTime:0.0007s ]
SQL: SELECT * FROM `jyx_nojudge` WHERE ( uid = 6 )  [ RunTime:0.0003s ]
SQL: SELECT DISTINCT  `judgename` FROM `jyx_judge` WHERE ( uid=6 )  [ RunTime:0.0007s ]
SQL: SELECT DISTINCT  `op` FROM `jyx_judge` WHERE `judgename` = '喷塑单价'  [ RunTime:0.0008s ]
SQL: SELECT DISTINCT  `item` FROM `jyx_judge` WHERE `judgename` = '喷塑单价' LIMIT 1   [ RunTime:0.0013s ]
SQL: SELECT `contion` FROM `jyx_judge` WHERE `judgename` = '喷塑单价'  [ RunTime:0.0005s ]
SQL: SELECT `result` FROM `jyx_judge` WHERE `judgename` = '喷塑单价'  [ RunTime:0.0005s ]
SQL: SELECT * FROM `jyx_nojudge` WHERE ( uid = 7 )  [ RunTime:0.0006s ]
SQL: SELECT DISTINCT  `judgename` FROM `jyx_judge` WHERE ( uid=7 )  [ RunTime:0.0009s ]
SQL: SELECT DISTINCT  `op` FROM `jyx_judge` WHERE `judgename` = '数量'  [ RunTime:0.0009s ]
SQL: SELECT DISTINCT  `item` FROM `jyx_judge` WHERE `judgename` = '数量' LIMIT 1   [ RunTime:0.0007s ]
SQL: SELECT `contion` FROM `jyx_judge` WHERE `judgename` = '数量'  [ RunTime:0.0005s ]
SQL: SELECT `result` FROM `jyx_judge` WHERE `judgename` = '数量'  [ RunTime:0.0007s ]
SQL: SELECT * FROM `jyx_nojudge` WHERE ( uid = 8 )  [ RunTime:0.0006s ]
SQL: SELECT DISTINCT  `judgename` FROM `jyx_judge` WHERE ( uid=8 )  [ RunTime:0.0012s ]
SQL: SELECT * FROM `jyx_nojudge` WHERE ( uid = 9 )  [ RunTime:0.0007s ]
SQL: SELECT DISTINCT  `judgename` FROM `jyx_judge` WHERE ( uid=9 )  [ RunTime:0.0011s ]
SQL: SELECT DISTINCT  `op` FROM `jyx_judge` WHERE `judgename` = '附件'  [ RunTime:0.0011s ]
SQL: SELECT DISTINCT  `item` FROM `jyx_judge` WHERE `judgename` = '附件' LIMIT 1   [ RunTime:0.0010s ]
SQL: SELECT `contion` FROM `jyx_judge` WHERE `judgename` = '附件'  [ RunTime:0.0005s ]
SQL: SELECT `result` FROM `jyx_judge` WHERE `judgename` = '附件'  [ RunTime:0.0006s ]
SQL: SELECT * FROM `jyx_nojudge` WHERE ( uid = 11 )  [ RunTime:0.0006s ]
SQL: SELECT DISTINCT  `judgename` FROM `jyx_judge` WHERE ( uid=11 )  [ RunTime:0.0010s ]
SQL: SELECT * FROM `jyx_nojudge` WHERE ( uid = 12 )  [ RunTime:0.0006s ]
SQL: SELECT DISTINCT  `judgename` FROM `jyx_judge` WHERE ( uid=12 )  [ RunTime:0.0011s ]
SQL: SELECT DISTINCT  `op` FROM `jyx_judge` WHERE `judgename` = '利润点'  [ RunTime:0.0008s ]
SQL: SELECT DISTINCT  `item` FROM `jyx_judge` WHERE `judgename` = '利润点' LIMIT 1   [ RunTime:0.0010s ]
SQL: SELECT `contion` FROM `jyx_judge` WHERE `judgename` = '利润点'  [ RunTime:0.0004s ]
SQL: SELECT `result` FROM `jyx_judge` WHERE `judgename` = '利润点'  [ RunTime:0.0006s ]
SQL: SHOW COLUMNS FROM `jyx_count` [ RunTime:0.0182s ]
SQL: SELECT * FROM `jyx_count` WHERE `height` = 1600 AND `width` = 1200 AND `depth` = 1200 AND `box_depth` = 3 AND `door_depth` = 2 AND `block_depth` = 2 AND `locktype` = '铁锁' AND `type` = 'D' AND `color` = '7035' AND `xianjia` = '不要' AND `mft_type` = '机浇' AND `unit_price` = 1615  [ RunTime:0.0008s ]

[ 2016-05-30T18:09:06+08:00 ] ::1 /jiyexianglast/Count/showonedata.jyx
INFO: [ app_begin ] --START--
INFO: Run Behavior\ReadHtmlCacheBehavior [ RunTime:0.001348s ]
INFO: [ app_begin ] --END-- [ RunTime:0.002526s ]
SQL: SHOW COLUMNS FROM `jyx_site` [ RunTime:0.0196s ]
SQL: SELECT * FROM `jyx_site` WHERE `id` = 1 LIMIT 1   [ RunTime:0.0005s ]
SQL: SHOW COLUMNS FROM `jyx_judge` [ RunTime:0.0154s ]
SQL: SELECT * FROM `jyx_judge` WHERE `item` = '类型'  [ RunTime:0.0005s ]
SQL: SELECT * FROM `jyx_judge` WHERE `item` = '锁类型'  [ RunTime:0.0004s ]
SQL: SELECT * FROM `jyx_judge` WHERE `item` = '塑粉颜色'  [ RunTime:0.0004s ]
SQL: SHOW COLUMNS FROM `jyx_count` [ RunTime:0.0162s ]
SQL: SELECT * FROM `jyx_count` WHERE `uid` = 38 AND `type` = 'D' AND `height` = 1600 AND `width` = 1200 AND `depth` = 1200 AND `door_depth` = 2 AND `box_depth` = 3 AND `block_depth` = 2 AND `locktype` = '铁锁' AND `color` = '7035' AND `unit_price` = 1615 AND `count` = 2 AND `total` = 3231 LIMIT 1   [ RunTime:0.0009s ]
INFO: [ view_parse ] --START--
INFO: [ template_filter ] --START--
INFO: Run Behavior\ContentReplaceBehavior [ RunTime:0.000131s ]
INFO: [ template_filter ] --END-- [ RunTime:0.000346s ]
INFO: Run Behavior\ParseTemplateBehavior [ RunTime:0.022797s ]
INFO: [ view_parse ] --END-- [ RunTime:0.023023s ]
INFO: [ view_filter ] --START--
INFO: Run Behavior\WriteHtmlCacheBehavior [ RunTime:0.001024s ]
INFO: [ view_filter ] --END-- [ RunTime:0.001231s ]

[ 2016-05-30T18:09:09+08:00 ] ::1 /jiyexianglast/Count/altdata.jyx
INFO: [ app_begin ] --START--
INFO: Run Behavior\ReadHtmlCacheBehavior [ RunTime:0.001170s ]
INFO: [ app_begin ] --END-- [ RunTime:0.002425s ]
SQL: SHOW COLUMNS FROM `jyx_site` [ RunTime:0.0182s ]
SQL: SELECT * FROM `jyx_site` WHERE `id` = 1 LIMIT 1   [ RunTime:0.0005s ]
SQL: SHOW COLUMNS FROM `jyx_formulate` [ RunTime:0.0384s ]
SQL: SELECT `id` FROM `jyx_formulate` WHERE `formulate` LIKE '%线夹%' LIMIT 1   [ RunTime:0.0005s ]
SQL: SELECT * FROM `jyx_formulate` WHERE `status` = 1 AND `id` <> '5' ORDER BY corder asc  [ RunTime:0.0006s ]
SQL: SHOW COLUMNS FROM `jyx_nojudge` [ RunTime:0.0150s ]
SQL: SELECT * FROM `jyx_nojudge` WHERE ( uid = 1 )  [ RunTime:0.0006s ]
SQL: SHOW COLUMNS FROM `jyx_judge` [ RunTime:0.0154s ]
SQL: SELECT DISTINCT  `judgename` FROM `jyx_judge` WHERE ( uid=1 )  [ RunTime:0.0009s ]
NOTIC: [8] Undefined variable: str E:\wamp\www\jiyexianglast\App\Home\Controller\CountController.class.php 第 217 行.
SQL: SELECT * FROM `jyx_nojudge` WHERE ( uid = 2 )  [ RunTime:0.0003s ]
SQL: SELECT DISTINCT  `judgename` FROM `jyx_judge` WHERE ( uid=2 )  [ RunTime:0.0006s ]
SQL: SELECT DISTINCT  `op` FROM `jyx_judge` WHERE `judgename` = '锁数量'  [ RunTime:0.0006s ]
SQL: SELECT DISTINCT  `item` FROM `jyx_judge` WHERE `judgename` = '锁数量' LIMIT 1   [ RunTime:0.0006s ]
SQL: SELECT `contion` FROM `jyx_judge` WHERE `judgename` = '锁数量'  [ RunTime:0.0003s ]
SQL: SELECT `result` FROM `jyx_judge` WHERE `judgename` = '锁数量'  [ RunTime:0.0003s ]
SQL: SELECT DISTINCT  `op` FROM `jyx_judge` WHERE `judgename` = '锁单价'  [ RunTime:0.0006s ]
SQL: SELECT DISTINCT  `item` FROM `jyx_judge` WHERE `judgename` = '锁单价' LIMIT 1   [ RunTime:0.0006s ]
SQL: SELECT `contion` FROM `jyx_judge` WHERE `judgename` = '锁单价'  [ RunTime:0.0003s ]
SQL: SELECT `result` FROM `jyx_judge` WHERE `judgename` = '锁单价'  [ RunTime:0.0003s ]
SQL: SELECT * FROM `jyx_nojudge` WHERE ( uid = 3 )  [ RunTime:0.0003s ]
SQL: SELECT DISTINCT  `judgename` FROM `jyx_judge` WHERE ( uid=3 )  [ RunTime:0.0010s ]
SQL: SELECT DISTINCT  `op` FROM `jyx_judge` WHERE `judgename` = '封条单价'  [ RunTime:0.0008s ]
SQL: SELECT DISTINCT  `item` FROM `jyx_judge` WHERE `judgename` = '封条单价' LIMIT 1   [ RunTime:0.0008s ]
SQL: SELECT `contion` FROM `jyx_judge` WHERE `judgename` = '封条单价'  [ RunTime:0.0003s ]
SQL: SELECT `result` FROM `jyx_judge` WHERE `judgename` = '封条单价'  [ RunTime:0.0003s ]
SQL: SELECT * FROM `jyx_nojudge` WHERE ( uid = 4 )  [ RunTime:0.0003s ]
SQL: SELECT DISTINCT  `judgename` FROM `jyx_judge` WHERE ( uid=4 )  [ RunTime:0.0008s ]
SQL: SELECT * FROM `jyx_nojudge` WHERE ( uid = 6 )  [ RunTime:0.0004s ]
SQL: SELECT DISTINCT  `judgename` FROM `jyx_judge` WHERE ( uid=6 )  [ RunTime:0.0006s ]
SQL: SELECT DISTINCT  `op` FROM `jyx_judge` WHERE `judgename` = '喷塑单价'  [ RunTime:0.0006s ]
SQL: SELECT DISTINCT  `item` FROM `jyx_judge` WHERE `judgename` = '喷塑单价' LIMIT 1   [ RunTime:0.0006s ]
SQL: SELECT `contion` FROM `jyx_judge` WHERE `judgename` = '喷塑单价'  [ RunTime:0.0003s ]
SQL: SELECT `result` FROM `jyx_judge` WHERE `judgename` = '喷塑单价'  [ RunTime:0.0003s ]
SQL: SELECT * FROM `jyx_nojudge` WHERE ( uid = 7 )  [ RunTime:0.0005s ]
SQL: SELECT DISTINCT  `judgename` FROM `jyx_judge` WHERE ( uid=7 )  [ RunTime:0.0007s ]
SQL: SELECT DISTINCT  `op` FROM `jyx_judge` WHERE `judgename` = '数量'  [ RunTime:0.0006s ]
SQL: SELECT DISTINCT  `item` FROM `jyx_judge` WHERE `judgename` = '数量' LIMIT 1   [ RunTime:0.0006s ]
SQL: SELECT `contion` FROM `jyx_judge` WHERE `judgename` = '数量'  [ RunTime:0.0003s ]
SQL: SELECT `result` FROM `jyx_judge` WHERE `judgename` = '数量'  [ RunTime:0.0003s ]
SQL: SELECT * FROM `jyx_nojudge` WHERE ( uid = 8 )  [ RunTime:0.0003s ]
SQL: SELECT DISTINCT  `judgename` FROM `jyx_judge` WHERE ( uid=8 )  [ RunTime:0.0006s ]
SQL: SELECT * FROM `jyx_nojudge` WHERE ( uid = 9 )  [ RunTime:0.0004s ]
SQL: SELECT DISTINCT  `judgename` FROM `jyx_judge` WHERE ( uid=9 )  [ RunTime:0.0007s ]
SQL: SELECT DISTINCT  `op` FROM `jyx_judge` WHERE `judgename` = '附件'  [ RunTime:0.0006s ]
SQL: SELECT DISTINCT  `item` FROM `jyx_judge` WHERE `judgename` = '附件' LIMIT 1   [ RunTime:0.0006s ]
SQL: SELECT `contion` FROM `jyx_judge` WHERE `judgename` = '附件'  [ RunTime:0.0003s ]
SQL: SELECT `result` FROM `jyx_judge` WHERE `judgename` = '附件'  [ RunTime:0.0003s ]
SQL: SELECT * FROM `jyx_nojudge` WHERE ( uid = 11 )  [ RunTime:0.0006s ]
SQL: SELECT DISTINCT  `judgename` FROM `jyx_judge` WHERE ( uid=11 )  [ RunTime:0.0007s ]
SQL: SELECT * FROM `jyx_nojudge` WHERE ( uid = 12 )  [ RunTime:0.0003s ]
SQL: SELECT DISTINCT  `judgename` FROM `jyx_judge` WHERE ( uid=12 )  [ RunTime:0.0006s ]
SQL: SELECT DISTINCT  `op` FROM `jyx_judge` WHERE `judgename` = '利润点'  [ RunTime:0.0007s ]
SQL: SELECT DISTINCT  `item` FROM `jyx_judge` WHERE `judgename` = '利润点' LIMIT 1   [ RunTime:0.0007s ]
SQL: SELECT `contion` FROM `jyx_judge` WHERE `judgename` = '利润点'  [ RunTime:0.0003s ]
SQL: SELECT `result` FROM `jyx_judge` WHERE `judgename` = '利润点'  [ RunTime:0.0003s ]
SQL: SHOW COLUMNS FROM `jyx_count` [ RunTime:0.0160s ]
SQL: SELECT * FROM `jyx_count` WHERE `height` = 1600 AND `width` = 1200 AND `depth` = 1200 AND `box_depth` = 3 AND `door_depth` = 2 AND `block_depth` = 2 AND `locktype` = '铁锁' AND `type` = 'D' AND `color` = '7035' AND `xianjia` = '不要' AND `mft_type` = '机浇' AND `unit_price` = 1615  [ RunTime:0.0008s ]

[ 2016-05-30T18:09:14+08:00 ] ::1 /jiyexianglast/Count/beforecount.jyx
INFO: [ app_begin ] --START--
INFO: Run Behavior\ReadHtmlCacheBehavior [ RunTime:0.001403s ]
INFO: [ app_begin ] --END-- [ RunTime:0.002849s ]
SQL: SHOW COLUMNS FROM `jyx_site` [ RunTime:0.0206s ]
SQL: SELECT * FROM `jyx_site` WHERE `id` = 1 LIMIT 1   [ RunTime:0.0006s ]
SQL: SHOW COLUMNS FROM `jyx_formulate` [ RunTime:0.0149s ]
SQL: SELECT `id` FROM `jyx_formulate` WHERE `formulate` LIKE '%线夹%' LIMIT 1   [ RunTime:0.0007s ]
SQL: SELECT * FROM `jyx_formulate` WHERE `status` = 1 AND `id` <> '5' ORDER BY corder asc  [ RunTime:0.0401s ]
SQL: SHOW COLUMNS FROM `jyx_nojudge` [ RunTime:0.0152s ]
SQL: SELECT * FROM `jyx_nojudge` WHERE ( uid = 1 )  [ RunTime:0.0004s ]
SQL: SHOW COLUMNS FROM `jyx_judge` [ RunTime:0.0172s ]
SQL: SELECT DISTINCT  `judgename` FROM `jyx_judge` WHERE ( uid=1 )  [ RunTime:0.0008s ]
NOTIC: [8] Undefined variable: str E:\wamp\www\jiyexianglast\App\Home\Controller\CountController.class.php 第 217 行.
SQL: SELECT * FROM `jyx_nojudge` WHERE ( uid = 2 )  [ RunTime:0.0007s ]
SQL: SELECT DISTINCT  `judgename` FROM `jyx_judge` WHERE ( uid=2 )  [ RunTime:0.0011s ]
SQL: SELECT DISTINCT  `op` FROM `jyx_judge` WHERE `judgename` = '锁数量'  [ RunTime:0.0011s ]
SQL: SELECT DISTINCT  `item` FROM `jyx_judge` WHERE `judgename` = '锁数量' LIMIT 1   [ RunTime:0.0009s ]
SQL: SELECT `contion` FROM `jyx_judge` WHERE `judgename` = '锁数量'  [ RunTime:0.0003s ]
SQL: SELECT `result` FROM `jyx_judge` WHERE `judgename` = '锁数量'  [ RunTime:0.0005s ]
SQL: SELECT DISTINCT  `op` FROM `jyx_judge` WHERE `judgename` = '锁单价'  [ RunTime:0.0010s ]
SQL: SELECT DISTINCT  `item` FROM `jyx_judge` WHERE `judgename` = '锁单价' LIMIT 1   [ RunTime:0.0008s ]
SQL: SELECT `contion` FROM `jyx_judge` WHERE `judgename` = '锁单价'  [ RunTime:0.0005s ]
SQL: SELECT `result` FROM `jyx_judge` WHERE `judgename` = '锁单价'  [ RunTime:0.0005s ]
SQL: SELECT * FROM `jyx_nojudge` WHERE ( uid = 3 )  [ RunTime:0.0003s ]
SQL: SELECT DISTINCT  `judgename` FROM `jyx_judge` WHERE ( uid=3 )  [ RunTime:0.0007s ]
SQL: SELECT DISTINCT  `op` FROM `jyx_judge` WHERE `judgename` = '封条单价'  [ RunTime:0.0006s ]
SQL: SELECT DISTINCT  `item` FROM `jyx_judge` WHERE `judgename` = '封条单价' LIMIT 1   [ RunTime:0.0006s ]
SQL: SELECT `contion` FROM `jyx_judge` WHERE `judgename` = '封条单价'  [ RunTime:0.0004s ]
SQL: SELECT `result` FROM `jyx_judge` WHERE `judgename` = '封条单价'  [ RunTime:0.0005s ]
SQL: SELECT * FROM `jyx_nojudge` WHERE ( uid = 4 )  [ RunTime:0.0003s ]
SQL: SELECT DISTINCT  `judgename` FROM `jyx_judge` WHERE ( uid=4 )  [ RunTime:0.0007s ]
SQL: SELECT * FROM `jyx_nojudge` WHERE ( uid = 6 )  [ RunTime:0.0007s ]
SQL: SELECT DISTINCT  `judgename` FROM `jyx_judge` WHERE ( uid=6 )  [ RunTime:0.0012s ]
SQL: SELECT DISTINCT  `op` FROM `jyx_judge` WHERE `judgename` = '喷塑单价'  [ RunTime:0.0009s ]
SQL: SELECT DISTINCT  `item` FROM `jyx_judge` WHERE `judgename` = '喷塑单价' LIMIT 1   [ RunTime:0.0006s ]
SQL: SELECT `contion` FROM `jyx_judge` WHERE `judgename` = '喷塑单价'  [ RunTime:0.0003s ]
SQL: SELECT `result` FROM `jyx_judge` WHERE `judgename` = '喷塑单价'  [ RunTime:0.0003s ]
SQL: SELECT * FROM `jyx_nojudge` WHERE ( uid = 7 )  [ RunTime:0.0003s ]
SQL: SELECT DISTINCT  `judgename` FROM `jyx_judge` WHERE ( uid=7 )  [ RunTime:0.0006s ]
SQL: SELECT DISTINCT  `op` FROM `jyx_judge` WHERE `judgename` = '数量'  [ RunTime:0.0009s ]
SQL: SELECT DISTINCT  `item` FROM `jyx_judge` WHERE `judgename` = '数量' LIMIT 1   [ RunTime:0.0008s ]
SQL: SELECT `contion` FROM `jyx_judge` WHERE `judgename` = '数量'  [ RunTime:0.0003s ]
SQL: SELECT `result` FROM `jyx_judge` WHERE `judgename` = '数量'  [ RunTime:0.0003s ]
SQL: SELECT * FROM `jyx_nojudge` WHERE ( uid = 8 )  [ RunTime:0.0003s ]
SQL: SELECT DISTINCT  `judgename` FROM `jyx_judge` WHERE ( uid=8 )  [ RunTime:0.0012s ]
SQL: SELECT * FROM `jyx_nojudge` WHERE ( uid = 9 )  [ RunTime:0.0004s ]
SQL: SELECT DISTINCT  `judgename` FROM `jyx_judge` WHERE ( uid=9 )  [ RunTime:0.0008s ]
SQL: SELECT DISTINCT  `op` FROM `jyx_judge` WHERE `judgename` = '附件'  [ RunTime:0.0006s ]
SQL: SELECT DISTINCT  `item` FROM `jyx_judge` WHERE `judgename` = '附件' LIMIT 1   [ RunTime:0.0006s ]
SQL: SELECT `contion` FROM `jyx_judge` WHERE `judgename` = '附件'  [ RunTime:0.0003s ]
SQL: SELECT `result` FROM `jyx_judge` WHERE `judgename` = '附件'  [ RunTime:0.0004s ]
SQL: SELECT * FROM `jyx_nojudge` WHERE ( uid = 11 )  [ RunTime:0.0003s ]
SQL: SELECT DISTINCT  `judgename` FROM `jyx_judge` WHERE ( uid=11 )  [ RunTime:0.0009s ]
SQL: SELECT * FROM `jyx_nojudge` WHERE ( uid = 12 )  [ RunTime:0.0005s ]
SQL: SELECT DISTINCT  `judgename` FROM `jyx_judge` WHERE ( uid=12 )  [ RunTime:0.0007s ]
SQL: SELECT DISTINCT  `op` FROM `jyx_judge` WHERE `judgename` = '利润点'  [ RunTime:0.0006s ]
SQL: SELECT DISTINCT  `item` FROM `jyx_judge` WHERE `judgename` = '利润点' LIMIT 1   [ RunTime:0.0009s ]
SQL: SELECT `contion` FROM `jyx_judge` WHERE `judgename` = '利润点'  [ RunTime:0.0004s ]
SQL: SELECT `result` FROM `jyx_judge` WHERE `judgename` = '利润点'  [ RunTime:0.0003s ]
SQL: SHOW COLUMNS FROM `jyx_count` [ RunTime:0.0170s ]
SQL: SELECT * FROM `jyx_count` WHERE `height` = 1600 AND `width` = 1200 AND `depth` = 1200 AND `box_depth` = 3 AND `door_depth` = 2 AND `block_depth` = 2 AND `locktype` = '铁锁' AND `type` = 'D' AND `color` = '1790' AND `xianjia` = '不要' AND `mft_type` = '机浇' AND `unit_price` = 1615  [ RunTime:0.0008s ]
NOTIC: [8] Undefined index: validate E:\wamp\www\jiyexianglast\ThinkPHP\Library\Think\Model.class.php 第 1185 行.
NOTIC: [8] Undefined index: auto E:\wamp\www\jiyexianglast\ThinkPHP\Library\Think\Model.class.php 第 1128 行.
NOTIC: [8] Undefined index: altis E:\wamp\www\jiyexianglast\App\Home\Controller\CountController.class.php 第 265 行.
SQL: INSERT INTO `jyx_count` (`height`,`width`,`depth`,`box_depth`,`door_depth`,`block_depth`,`locktype`,`type`,`color`,`xianjia`,`mft_type`,`unit_price`,`total`,`count`,`uid`,`time`) VALUES ('1600','1200','1200','3','2','2','铁锁','D','1790','不要','机浇','1615','3231','2','38','1464602954') [ RunTime:0.0735s ]
SQL: SELECT DISTINCT  * FROM `jyx_count` WHERE ( uid = 38 )  [ RunTime:0.0007s ]
INFO: [ view_parse ] --START--
INFO: [ template_filter ] --START--
INFO: Run Behavior\ContentReplaceBehavior [ RunTime:0.000127s ]
INFO: [ template_filter ] --END-- [ RunTime:0.000319s ]
INFO: Run Behavior\ParseTemplateBehavior [ RunTime:0.018460s ]
INFO: [ view_parse ] --END-- [ RunTime:0.018657s ]
INFO: [ view_filter ] --START--
INFO: Run Behavior\WriteHtmlCacheBehavior [ RunTime:0.000994s ]
INFO: [ view_filter ] --END-- [ RunTime:0.001187s ]

[ 2016-05-30T19:55:50+08:00 ] ::1 /jiyexianglast/Log/checkemail.jyx?email=596527851%40qq.com
INFO: [ app_begin ] --START--
INFO: Run Behavior\ReadHtmlCacheBehavior [ RunTime:0.001793s ]
INFO: [ app_begin ] --END-- [ RunTime:0.002933s ]
SQL: SHOW COLUMNS FROM `jyx_user` [ RunTime:0.0184s ]
SQL: SELECT * FROM `jyx_user` WHERE `email` = '596527851@qq.com' LIMIT 1   [ RunTime:0.0009s ]
INFO: [ app_end ] --START--
INFO: Run Behavior\ShowPageTraceBehavior [ RunTime:0.002061s ]
INFO: [ app_end ] --END-- [ RunTime:0.002346s ]

[ 2016-05-30T20:01:30+08:00 ] ::1 /jiyexianglast/Log/checkemail.jyx?email=596527%40qq.com&id=38
INFO: [ app_begin ] --START--
INFO: Run Behavior\ReadHtmlCacheBehavior [ RunTime:0.001285s ]
INFO: [ app_begin ] --END-- [ RunTime:0.002449s ]
SQL: SHOW COLUMNS FROM `jyx_user` [ RunTime:0.0215s ]
SQL: SELECT * FROM `jyx_user` WHERE `email` = '596527@qq.com' LIMIT 1   [ RunTime:0.0008s ]
INFO: [ app_end ] --START--
INFO: Run Behavior\ShowPageTraceBehavior [ RunTime:0.001554s ]
INFO: [ app_end ] --END-- [ RunTime:0.001790s ]

[ 2016-05-30T20:01:37+08:00 ] ::1 /jiyexianglast/Log/checkemail.jyx?email=596527851%40qq.com&id=38
INFO: [ app_begin ] --START--
INFO: Run Behavior\ReadHtmlCacheBehavior [ RunTime:0.001290s ]
INFO: [ app_begin ] --END-- [ RunTime:0.002486s ]
SQL: SHOW COLUMNS FROM `jyx_user` [ RunTime:0.0223s ]
SQL: SELECT * FROM `jyx_user` WHERE `email` = '596527851@qq.com' LIMIT 1   [ RunTime:0.0009s ]
INFO: [ app_end ] --START--
INFO: Run Behavior\ShowPageTraceBehavior [ RunTime:0.002000s ]
INFO: [ app_end ] --END-- [ RunTime:0.002338s ]

[ 2016-05-30T20:02:08+08:00 ] ::1 /jiyexianglast/User/checkemail.jyx?email=596527851%40qq.com&id=38
INFO: [ app_begin ] --START--
INFO: Run Behavior\ReadHtmlCacheBehavior [ RunTime:0.001898s ]
INFO: [ app_begin ] --END-- [ RunTime:0.003004s ]
SQL: SHOW COLUMNS FROM `jyx_site` [ RunTime:0.0193s ]
SQL: SELECT * FROM `jyx_site` WHERE `id` = 1 LIMIT 1   [ RunTime:0.0005s ]
SQL: SHOW COLUMNS FROM `jyx_user` [ RunTime:0.0289s ]
SQL: SELECT * FROM `jyx_user` WHERE `email` = '596527851@qq.com' AND `id` <> '38' LIMIT 1   [ RunTime:0.0008s ]
INFO: [ app_end ] --START--
INFO: Run Behavior\ShowPageTraceBehavior [ RunTime:0.001630s ]
INFO: [ app_end ] --END-- [ RunTime:0.001836s ]

[ 2016-05-30T20:02:20+08:00 ] ::1 /jiyexianglast/User/checkemail.jyx?email=596527851%40qq.com&id=38
INFO: [ app_begin ] --START--
INFO: Run Behavior\ReadHtmlCacheBehavior [ RunTime:0.001808s ]
INFO: [ app_begin ] --END-- [ RunTime:0.003070s ]
SQL: SHOW COLUMNS FROM `jyx_site` [ RunTime:0.0188s ]
SQL: SELECT * FROM `jyx_site` WHERE `id` = 1 LIMIT 1   [ RunTime:0.0005s ]
SQL: SHOW COLUMNS FROM `jyx_user` [ RunTime:0.0153s ]
SQL: SELECT * FROM `jyx_user` WHERE `email` = '596527851@qq.com' AND `id` <> '38' LIMIT 1   [ RunTime:0.0006s ]
INFO: [ app_end ] --START--
INFO: Run Behavior\ShowPageTraceBehavior [ RunTime:0.001917s ]
INFO: [ app_end ] --END-- [ RunTime:0.002598s ]

[ 2016-05-30T20:02:22+08:00 ] ::1 /jiyexianglast/User/checkemail.jyx?email=596527851%40qq.com&id=38
INFO: [ app_begin ] --START--
INFO: Run Behavior\ReadHtmlCacheBehavior [ RunTime:0.001868s ]
INFO: [ app_begin ] --END-- [ RunTime:0.003056s ]
SQL: SHOW COLUMNS FROM `jyx_site` [ RunTime:0.0600s ]
SQL: SELECT * FROM `jyx_site` WHERE `id` = 1 LIMIT 1   [ RunTime:0.0006s ]
SQL: SHOW COLUMNS FROM `jyx_user` [ RunTime:0.0450s ]
SQL: SELECT * FROM `jyx_user` WHERE `email` = '596527851@qq.com' AND `id` <> '38' LIMIT 1   [ RunTime:0.0006s ]
INFO: [ app_end ] --START--
INFO: Run Behavior\ShowPageTraceBehavior [ RunTime:0.001395s ]
INFO: [ app_end ] --END-- [ RunTime:0.001583s ]

[ 2016-05-30T20:02:22+08:00 ] ::1 /jiyexianglast/User/checkemail.jyx?email=596527851%40qq.com&id=38
INFO: [ app_begin ] --START--
INFO: Run Behavior\ReadHtmlCacheBehavior [ RunTime:0.001928s ]
INFO: [ app_begin ] --END-- [ RunTime:0.003085s ]
SQL: SHOW COLUMNS FROM `jyx_site` [ RunTime:0.0176s ]
SQL: SELECT * FROM `jyx_site` WHERE `id` = 1 LIMIT 1   [ RunTime:0.0006s ]
SQL: SHOW COLUMNS FROM `jyx_user` [ RunTime:0.0141s ]
SQL: SELECT * FROM `jyx_user` WHERE `email` = '596527851@qq.com' AND `id` <> '38' LIMIT 1   [ RunTime:0.0008s ]
INFO: [ app_end ] --START--
INFO: Run Behavior\ShowPageTraceBehavior [ RunTime:0.001641s ]
INFO: [ app_end ] --END-- [ RunTime:0.001845s ]

[ 2016-05-30T20:02:34+08:00 ] ::1 /jiyexianglast/User/checkemail.jyx?email=22892822%40qq.com&id=38
INFO: [ app_begin ] --START--
INFO: Run Behavior\ReadHtmlCacheBehavior [ RunTime:0.001538s ]
INFO: [ app_begin ] --END-- [ RunTime:0.002696s ]
SQL: SHOW COLUMNS FROM `jyx_site` [ RunTime:0.0206s ]
SQL: SELECT * FROM `jyx_site` WHERE `id` = 1 LIMIT 1   [ RunTime:0.0006s ]
SQL: SHOW COLUMNS FROM `jyx_user` [ RunTime:0.0153s ]
SQL: SELECT * FROM `jyx_user` WHERE `email` = '22892822@qq.com' AND `id` <> '38' LIMIT 1   [ RunTime:0.0011s ]
INFO: [ app_end ] --START--
INFO: Run Behavior\ShowPageTraceBehavior [ RunTime:0.001967s ]
INFO: [ app_end ] --END-- [ RunTime:0.002290s ]

