[ 2016-05-21T10:56:32+08:00 ] ::1 /jiyexiang/index.php/Admin/Count/i
ERR: 非法操作:i

[ 2016-05-21T20:43:39+08:00 ] ::1 /jiyexiang/index.php/Admin/Index/alluser.html
ERR: 非法操作:alluser

[ 2016-05-21T20:43:46+08:00 ] ::1 /jiyexiang/index.php/Admin/Index/adduser.html
ERR: 非法操作:adduser

[ 2016-05-21T20:44:58+08:00 ] ::1 /jiyexiang/index.php/Admin/Index/alluser.html
ERR: 非法操作:alluser

[ 2016-05-21T20:49:04+08:00 ] ::1 /jiyexiang/index.php/Admin/Admin
ERR: 非法操作:index

[ 2016-05-21T20:51:08+08:00 ] ::1 /jiyexiang/index.php/Admin/Index/baojia.html
ERR: 非法操作:baojia

[ 2016-05-21T21:25:17+08:00 ] ::1 /jiyexiang/index.php/Admin/Index/alterInfo.html
ERR: 非法操作:alterInfo

[ 2016-05-21T21:25:34+08:00 ] ::1 /jiyexiang/index.php/Admin/Index/alluser.html
ERR: 非法操作:alluser

[ 2016-05-21T21:27:40+08:00 ] ::1 /jiyexiang/index.php/Admin/Index/alluser.html
ERR: 非法操作:alluser

[ 2016-05-21T21:30:39+08:00 ] ::1 /jiyexiang/index.php/Admin/Index/alluser.html
ERR: 非法操作:alluser

[ 2016-05-21T21:32:26+08:00 ] ::1 /jiyexiang/index.php/Admin/Index/alluser.html
ERR: 非法操作:alluser

[ 2016-05-21T21:32:27+08:00 ] ::1 /jiyexiang/index.php/Admin/Index/alluser.html
ERR: 非法操作:alluser

[ 2016-05-21T21:49:34+08:00 ] ::1 /jiyexiang/index.php/Admin/Index/adduser.html
ERR: 非法操作:adduser

[ 2016-05-21T22:01:05+08:00 ] ::1 /jiyexiang/index.php/Admin/User/doapprove/id/24.html
ERR: 1064:Erreur de syntaxe près de ')' à la ligne 1
 [ SQL语句 ] : UPDATE `jyx_user` SET `status`='1' WHERE `id` IN ()

[ 2016-05-21T22:03:26+08:00 ] ::1 /jiyexiang/index.php/Admin/Index/adduser.html
ERR: 非法操作:adduser

[ 2016-05-21T22:04:19+08:00 ] ::1 /jiyexiang/index.php/Admin/User/doapprove/id/24.html
ERR: 1064:Erreur de syntaxe près de ')' à la ligne 1
 [ SQL语句 ] : UPDATE `jyx_user` SET `status`='1' WHERE `id` IN ()

[ 2016-05-21T22:09:21+08:00 ] ::1 /jiyexiang/index.php/Admin/Index/adduser.html
ERR: 非法操作:adduser

[ 2016-05-21T22:09:34+08:00 ] ::1 /jiyexiang/index.php/Admin/Index/adduser.html
ERR: 非法操作:adduser

[ 2016-05-21T22:09:37+08:00 ] ::1 /jiyexiang/index.php/Admin/Index/adduser.html
ERR: 非法操作:adduser

[ 2016-05-21T22:13:57+08:00 ] ::1 /jiyexiang/index.php/Admin/Index/adduser.html
ERR: 非法操作:adduser

