[ 2016-05-07T11:27:02+08:00 ] ::1 /jiyexiang/index.php/admin
INFO: [ app_init ] --START--
INFO: Run Behavior\BuildLiteBehavior [ RunTime:0.000052s ]
INFO: [ app_init ] --END-- [ RunTime:0.001512s ]
INFO: [ app_begin ] --START--
INFO: Run Behavior\ReadHtmlCacheBehavior [ RunTime:0.002458s ]
INFO: [ app_begin ] --END-- [ RunTime:0.002729s ]
SQL: SHOW COLUMNS FROM `think_auth_group_access` [ RunTime:0.0572s ]
SQL: SELECT `uid`,`group_id`,`title`,`rules` FROM think_auth_group_access a INNER JOIN think_auth_group g on a.group_id=g.id  WHERE ( a.uid='3' and g.status='1' )  [ RunTime:0.0485s ]
SQL: SHOW COLUMNS FROM `think_auth_rule` [ RunTime:0.0635s ]
SQL: SELECT `condition`,`name` FROM `think_auth_rule` WHERE `id` IN ('1','2','3','4','5','6') AND `type` = 1 AND `status` = 1  [ RunTime:0.0005s ]
INFO: [ app_end ] --START--
INFO: Run Behavior\ShowPageTraceBehavior [ RunTime:0.002557s ]
INFO: [ app_end ] --END-- [ RunTime:0.002793s ]

[ 2016-05-07T11:27:04+08:00 ] ::1 /jiyexiang/index.php/Admin/Admin/logout.html
INFO: [ app_init ] --START--
INFO: Run Behavior\BuildLiteBehavior [ RunTime:0.000081s ]
INFO: [ app_init ] --END-- [ RunTime:0.002274s ]
INFO: [ app_begin ] --START--
INFO: Run Behavior\ReadHtmlCacheBehavior [ RunTime:0.006711s ]
INFO: [ app_begin ] --END-- [ RunTime:0.007106s ]
NOTIC: [8] A session had already been started - ignoring session_start() E:\wamp\www\jiyexiang\ThinkPHP\Common\functions.php 第 1263 行.

[ 2016-05-07T11:27:04+08:00 ] ::1 /jiyexiang/index.php/Admin/Admin/login.html
INFO: [ app_init ] --START--
INFO: Run Behavior\BuildLiteBehavior [ RunTime:0.000051s ]
INFO: [ app_init ] --END-- [ RunTime:0.001328s ]
INFO: [ app_begin ] --START--
INFO: Run Behavior\ReadHtmlCacheBehavior [ RunTime:0.002619s ]
INFO: [ app_begin ] --END-- [ RunTime:0.002933s ]
INFO: [ view_parse ] --START--
INFO: [ template_filter ] --START--
INFO: Run Behavior\ContentReplaceBehavior [ RunTime:0.000162s ]
INFO: [ template_filter ] --END-- [ RunTime:0.000477s ]
INFO: Run Behavior\ParseTemplateBehavior [ RunTime:0.222301s ]
INFO: [ view_parse ] --END-- [ RunTime:0.222660s ]
INFO: [ view_filter ] --START--
INFO: Run Behavior\WriteHtmlCacheBehavior [ RunTime:0.002402s ]
INFO: [ view_filter ] --END-- [ RunTime:0.002643s ]
INFO: [ app_end ] --START--
INFO: Run Behavior\ShowPageTraceBehavior [ RunTime:0.002508s ]
INFO: [ app_end ] --END-- [ RunTime:0.002751s ]

[ 2016-05-07T11:27:09+08:00 ] ::1 /jiyexiang/index.php/Admin/Admin/login.html
INFO: [ app_init ] --START--
INFO: Run Behavior\BuildLiteBehavior [ RunTime:0.000076s ]
INFO: [ app_init ] --END-- [ RunTime:0.001463s ]
INFO: [ app_begin ] --START--
INFO: Run Behavior\ReadHtmlCacheBehavior [ RunTime:0.002275s ]
INFO: [ app_begin ] --END-- [ RunTime:0.002522s ]
NOTIC: [8] Use of undefined constant mull - assumed 'mull' E:\wamp\www\jiyexiang\App\Admin\Controller\AdminController.class.php 第 7 行.
INFO: [ view_parse ] --START--
INFO: [ template_filter ] --START--
INFO: Run Behavior\ContentReplaceBehavior [ RunTime:0.000155s ]
INFO: [ template_filter ] --END-- [ RunTime:0.000463s ]
INFO: Run Behavior\ParseTemplateBehavior [ RunTime:0.047549s ]
INFO: [ view_parse ] --END-- [ RunTime:0.047900s ]
INFO: [ view_filter ] --START--
INFO: Run Behavior\WriteHtmlCacheBehavior [ RunTime:0.002337s ]
INFO: [ view_filter ] --END-- [ RunTime:0.002622s ]

[ 2016-05-07T15:41:56+08:00 ] ::1 /jiyexiang/index.php/Admin/Index/index.html
ERR: 1146:La table 'tpauth.a_group_access' n'existe pas
 [ SQL语句 ] : SHOW COLUMNS FROM `a_group_access`

[ 2016-05-07T15:42:10+08:00 ] ::1 /jiyexiang/index.php/Admin/Index/index.html
ERR: 1146:La table 'tpauth.a_group_access' n'existe pas
 [ SQL语句 ] : SHOW COLUMNS FROM `a_group_access`

[ 2016-05-07T15:47:07+08:00 ] ::1 /jiyexiang/index.php/Admin/Index/index.html
ERR: 1146:La table 'jiyexiang.jyx_auth_ruljyx' n'existe pas
 [ SQL语句 ] : SHOW COLUMNS FROM `jyx_auth_ruljyx`

[ 2016-05-07T16:50:26+08:00 ] ::1 /jiyexiang/index.php/Admin/Tabexcel/export.html
ERR: 无法加载控制器:Tabexcel

[ 2016-05-07T16:51:25+08:00 ] ::1 /jiyexiang/index.php/Admin/Tabexcel/export.html
ERR: 无法加载控制器:Tabexcel

[ 2016-05-07T16:54:09+08:00 ] ::1 /jiyexiang/index.php/Admin/Tabexcel/export.html
ERR: 无法加载控制器:Tabexcel

[ 2016-05-07T16:54:13+08:00 ] ::1 /jiyexiang/index.php/Admin/Tabexcel/
ERR: 无法加载控制器:Tabexcel

[ 2016-05-07T16:54:15+08:00 ] ::1 /jiyexiang/index.php/Admin/Tabexcel/
ERR: 无法加载控制器:Tabexcel

[ 2016-05-07T16:54:59+08:00 ] ::1 /jiyexiang/index.php/Admin/Tabexcel/
ERR: 无法加载控制器:Tabexcel

[ 2016-05-07T16:54:59+08:00 ] ::1 /jiyexiang/index.php/Admin/Tabexcel/
ERR: 无法加载控制器:Tabexcel

[ 2016-05-07T16:55:00+08:00 ] ::1 /jiyexiang/index.php/Admin/Tabexcel/
ERR: 无法加载控制器:Tabexcel

[ 2016-05-07T16:55:00+08:00 ] ::1 /jiyexiang/index.php/Admin/Tabexcel/export.html
ERR: 无法加载控制器:Tabexcel

[ 2016-05-07T16:55:01+08:00 ] ::1 /jiyexiang/index.php/Admin/Tabexcel/export.html
ERR: 无法加载控制器:Tabexcel

[ 2016-05-07T16:55:01+08:00 ] ::1 /jiyexiang/index.php/Admin/Tabexcel/export.html
ERR: 无法加载控制器:Tabexcel

[ 2016-05-07T16:55:35+08:00 ] ::1 /jiyexiang/index.php/Admin/Tabexcel/index.html
ERR: 无法加载控制器:Tabexcel

[ 2016-05-07T16:55:49+08:00 ] ::1 /jiyexiang/index.php/Admin/Tabexcel/index.html
ERR: 无法加载控制器:Tabexcel

[ 2016-05-07T16:55:50+08:00 ] ::1 /jiyexiang/index.php/Admin/Tabexcel/index.html
ERR: 无法加载控制器:Tabexcel

[ 2016-05-07T16:55:52+08:00 ] ::1 /jiyexiang/index.php/Admin/Tabexcel/index.html
ERR: 无法加载控制器:Tabexcel

[ 2016-05-07T16:55:53+08:00 ] ::1 /jiyexiang/index.php/Admin/Tabexcel/index.html
ERR: 无法加载控制器:Tabexcel

[ 2016-05-07T16:55:53+08:00 ] ::1 /jiyexiang/index.php/Admin/Tabexcel/index.html
ERR: 无法加载控制器:Tabexcel

[ 2016-05-07T16:55:54+08:00 ] ::1 /jiyexiang/index.php/Admin/Tabexcel/index.html
ERR: 无法加载控制器:Tabexcel

[ 2016-05-07T16:55:54+08:00 ] ::1 /jiyexiang/index.php/Admin/Tabexcel/index.html
ERR: 无法加载控制器:Tabexcel

[ 2016-05-07T16:55:57+08:00 ] ::1 /jiyexiang/index.php/Admin/Tabexcel/index.html
ERR: 无法加载控制器:Tabexcel

[ 2016-05-07T16:56:12+08:00 ] ::1 /jiyexiang/index.php/Admin/Tabexcel/index.html
ERR: 无法加载控制器:Tabexcel

[ 2016-05-07T16:56:13+08:00 ] ::1 /jiyexiang/index.php/Admin/Tabexcel/index.html
ERR: 无法加载控制器:Tabexcel

[ 2016-05-07T16:56:16+08:00 ] ::1 /jiyexiang/index.php/Admin/Tabexcel/index.html
ERR: 无法加载控制器:Tabexcel

[ 2016-05-07T16:56:17+08:00 ] ::1 /jiyexiang/index.php/Admin/Tabexcel/index.html
ERR: 无法加载控制器:Tabexcel

[ 2016-05-07T16:57:39+08:00 ] ::1 /jiyexiang/index.php/Admin/Tabexcel/index.html
ERR: 无法加载控制器:Tabexcel

[ 2016-05-07T16:57:52+08:00 ] ::1 /jiyexiang/index.php/Admin/Tabexcel/index.html
ERR: 无法加载控制器:Tabexcel

[ 2016-05-07T17:02:34+08:00 ] ::1 /jiyexiang/index.php/Admin/Tabexcel/index.html
ERR: 无法加载控制器:Tabexcel

[ 2016-05-07T17:02:37+08:00 ] ::1 /jiyexiang/index.php/Admin/Tabexcel/index.html
ERR: 无法加载控制器:Tabexcel

[ 2016-05-07T17:02:39+08:00 ] ::1 /jiyexiang/index.php/Admin/Tabexcel/index.html
ERR: 无法加载控制器:Tabexcel

[ 2016-05-07T17:02:39+08:00 ] ::1 /jiyexiang/index.php/Admin/Tabexcel/index.html
ERR: 无法加载控制器:Tabexcel

[ 2016-05-07T17:02:40+08:00 ] ::1 /jiyexiang/index.php/Admin/Tabexcel/index.html
ERR: 无法加载控制器:Tabexcel

[ 2016-05-07T17:02:40+08:00 ] ::1 /jiyexiang/index.php/Admin/Tabexcel/index.html
ERR: 无法加载控制器:Tabexcel

[ 2016-05-07T17:02:40+08:00 ] ::1 /jiyexiang/index.php/Admin/Tabexcel/index.html
ERR: 无法加载控制器:Tabexcel

[ 2016-05-07T17:02:40+08:00 ] ::1 /jiyexiang/index.php/Admin/Tabexcel/index.html
ERR: 无法加载控制器:Tabexcel

[ 2016-05-07T17:02:40+08:00 ] ::1 /jiyexiang/index.php/Admin/Tabexcel/index.html
ERR: 无法加载控制器:Tabexcel

[ 2016-05-07T17:02:47+08:00 ] ::1 /jiyexiang/index.php/Admin/Tabexcel/index.html
ERR: 无法加载控制器:Tabexcel

[ 2016-05-07T17:38:58+08:00 ] ::1 /jiyexiang/index.php/Admin/Admin
ERR: 非法操作:index

[ 2016-05-07T21:17:46+08:00 ] ::1 /jiyexiang/index.php/Admin/Admin/login.html
ERR: 1054:Champ '$user' inconnu dans where clause
 [ SQL语句 ] : SELECT `id` FROM `jyx_user` WHERE ( username =$user and password =$password and status = 1 ) LIMIT 1  

[ 2016-05-07T21:18:33+08:00 ] ::1 /jiyexiang/index.php/Admin/Admin/login.html
ERR: 1054:Champ '$user' inconnu dans where clause
 [ SQL语句 ] : SELECT `id` FROM `jyx_user` WHERE ( username =$user and password =$password and status = 1 ) LIMIT 1  

[ 2016-05-07T21:18:35+08:00 ] ::1 /jiyexiang/index.php/Admin/Admin/login.html
ERR: 1054:Champ '$user' inconnu dans where clause
 [ SQL语句 ] : SELECT `id` FROM `jyx_user` WHERE ( username =$user and password =$password and status = 1 ) LIMIT 1  

